#
# There is insufficient memory for the Java Runtime Environment to continue.
# Native memory allocation (malloc) failed to allocate 1243632 bytes. Error detail: Chunk::new
# Possible reasons:
#   The system is out of physical RAM or swap space
#   This process is running with CompressedOops enabled, and the Java Heap may be blocking the growth of the native heap
# Possible solutions:
#   Reduce memory load on the system
#   Increase physical memory or swap space
#   Check if swap backing store is full
#   Decrease Java heap size (-Xmx/-Xms)
#   Decrease number of Java threads
#   Decrease Java thread stack sizes (-Xss)
#   Set larger code cache with -XX:ReservedCodeCacheSize=
#   JVM is running with Unscaled Compressed Oops mode in which the Java heap is
#     placed in the first 4GB address space. The Java Heap base address is the
#     maximum limit for the native heap growth. Please use -XX:HeapBaseMinAddress
#     to set the Java Heap base and to place the Java Heap above 4GB virtual address.
# This output file may be truncated or incomplete.
#
#  Out of Memory Error (arena.cpp:168), pid=19088, tid=5840
#
# JRE version: OpenJDK Runtime Environment Temurin-21.0.8+9 (21.0.8+9) (build 21.0.8+9-LTS)
# Java VM: OpenJDK 64-Bit Server VM Temurin-21.0.8+9 (21.0.8+9-LTS, mixed mode, sharing, tiered, compressed oops, compressed class ptrs, parallel gc, windows-amd64)
# No core dump will be written. Minidumps are not enabled by default on client versions of Windows
#

---------------  S U M M A R Y ------------

Command Line: --add-modules=ALL-SYSTEM --add-opens=java.base/java.util=ALL-UNNAMED --add-opens=java.base/java.lang=ALL-UNNAMED --add-opens=java.base/sun.nio.fs=ALL-UNNAMED -Declipse.application=org.eclipse.jdt.ls.core.id1 -Dosgi.bundles.defaultStartLevel=4 -Declipse.product=org.eclipse.jdt.ls.core.product -Djava.import.generatesMetadataFilesAtProjectRoot=false -DDetectVMInstallationsJob.disabled=true -Dfile.encoding=utf8 -XX:+UseParallelGC -XX:GCTimeRatio=4 -XX:AdaptiveSizePolicyWeight=90 -Dsun.zip.disableMemoryMapping=true -Xmx2G -Xms100m -Xlog:disable -javaagent:c:\Users\Saurabh Srivastav\.vscode\extensions\redhat.java-1.45.0-win32-x64\lombok\lombok-1.18.39-4050.jar -XX:+HeapDumpOnOutOfMemoryError -XX:HeapDumpPath=c:\Users\Saurabh Srivastav\AppData\Roaming\Code\User\workspaceStorage\17dfe8dcec327ca22c02d003be7f3dce\redhat.java -Daether.dependencyCollector.impl=bf c:\Users\Saurabh Srivastav\.vscode\extensions\redhat.java-1.45.0-win32-x64\server\plugins\org.eclipse.equinox.launcher_1.7.0.v20250519-0528.jar -configuration c:\Users\Saurabh Srivastav\AppData\Roaming\Code\User\globalStorage\redhat.java\1.45.0\config_win -data c:\Users\Saurabh Srivastav\AppData\Roaming\Code\User\workspaceStorage\17dfe8dcec327ca22c02d003be7f3dce\redhat.java\jdt_ws --pipe=\\.\pipe\lsp-d00a1f9793b5b44fbb77a96aa6893fb7-sock

Host: Intel(R) Core(TM) i5-10300H CPU @ 2.50GHz, 8 cores, 15G,  Windows 11 , 64 bit Build 26100 (10.0.26100.5074)
Time: Thu Sep 11 00:31:42 2025 India Standard Time elapsed time: 4.568852 seconds (0d 0h 0m 4s)

---------------  T H R E A D  ---------------

Current thread (0x000001b65f7d6a00):  JavaThread "C2 CompilerThread1" daemon [_thread_in_native, id=5840, stack(0x00000025dfb00000,0x00000025dfc00000) (1024K)]


Current CompileTask:
C2:4568 4284       4       org.eclipse.osgi.internal.serviceregistry.ServiceRegistry::notifyHooksPrivileged (57 bytes)

Stack: [0x00000025dfb00000,0x00000025dfc00000]
Native frames: (J=compiled Java code, j=interpreted, Vv=VM code, C=native code)
V  [jvm.dll+0x6d2449]
V  [jvm.dll+0x8ae341]
V  [jvm.dll+0x8b08be]
V  [jvm.dll+0x8b0fa3]
V  [jvm.dll+0x280c96]
V  [jvm.dll+0xc581d]
V  [jvm.dll+0xc5d53]
V  [jvm.dll+0x3b919c]
V  [jvm.dll+0x385315]
V  [jvm.dll+0x38477a]
V  [jvm.dll+0x248ed0]
V  [jvm.dll+0x2484af]
V  [jvm.dll+0x1c89ee]
V  [jvm.dll+0x257d4d]
V  [jvm.dll+0x2562ea]
V  [jvm.dll+0x3f2d16]
V  [jvm.dll+0x857e6b]
V  [jvm.dll+0x6d0b0d]
C  [ucrtbase.dll+0x37b0]
C  [KERNEL32.DLL+0x2e8d7]
C  [ntdll.dll+0x8d9c]


---------------  P R O C E S S  ---------------

Threads class SMR info:
_java_thread_list=0x000001b6663a1340, length=38, elements={
0x000001b644f0b0d0, 0x000001b64721e870, 0x000001b647220e40, 0x000001b647226a30,
0x000001b647227480, 0x000001b647227ed0, 0x000001b647228920, 0x000001b6472296a0,
0x000001b65f52fa20, 0x000001b64731a0e0, 0x000001b65f7d6a00, 0x000001b65f8642f0,
0x000001b65f87dc50, 0x000001b6645c4f40, 0x000001b664382c60, 0x000001b664857900,
0x000001b6646ea810, 0x000001b664cfc580, 0x000001b6650a0f20, 0x000001b665048500,
0x000001b664d79200, 0x000001b664d76aa0, 0x000001b664d78b70, 0x000001b664d76410,
0x000001b664d75d80, 0x000001b664d777c0, 0x000001b664d77e50, 0x000001b664d784e0,
0x000001b665ebe790, 0x000001b665ebee20, 0x000001b665ebe100, 0x000001b665ebf4b0,
0x000001b665ebd3e0, 0x000001b665ebda70, 0x000001b665ebc6c0, 0x000001b665ebc030,
0x000001b665ebcd50, 0x000001b665ec0ef0
}

Java Threads: ( => current thread )
  0x000001b644f0b0d0 JavaThread "main"                              [_thread_in_Java, id=20624, stack(0x00000025dee00000,0x00000025def00000) (1024K)]
  0x000001b64721e870 JavaThread "Reference Handler"          daemon [_thread_blocked, id=18912, stack(0x00000025df200000,0x00000025df300000) (1024K)]
  0x000001b647220e40 JavaThread "Finalizer"                  daemon [_thread_blocked, id=5608, stack(0x00000025df300000,0x00000025df400000) (1024K)]
  0x000001b647226a30 JavaThread "Signal Dispatcher"          daemon [_thread_blocked, id=24012, stack(0x00000025df400000,0x00000025df500000) (1024K)]
  0x000001b647227480 JavaThread "Attach Listener"            daemon [_thread_blocked, id=24900, stack(0x00000025df500000,0x00000025df600000) (1024K)]
  0x000001b647227ed0 JavaThread "Service Thread"             daemon [_thread_blocked, id=12596, stack(0x00000025df600000,0x00000025df700000) (1024K)]
  0x000001b647228920 JavaThread "Monitor Deflation Thread"   daemon [_thread_blocked, id=11112, stack(0x00000025df700000,0x00000025df800000) (1024K)]
  0x000001b6472296a0 JavaThread "C2 CompilerThread0"         daemon [_thread_in_native, id=296, stack(0x00000025df800000,0x00000025df900000) (1024K)]
  0x000001b65f52fa20 JavaThread "C1 CompilerThread0"         daemon [_thread_in_vm, id=11464, stack(0x00000025df900000,0x00000025dfa00000) (1024K)]
  0x000001b64731a0e0 JavaThread "Common-Cleaner"             daemon [_thread_blocked, id=17052, stack(0x00000025dfa00000,0x00000025dfb00000) (1024K)]
=>0x000001b65f7d6a00 JavaThread "C2 CompilerThread1"         daemon [_thread_in_native, id=5840, stack(0x00000025dfb00000,0x00000025dfc00000) (1024K)]
  0x000001b65f8642f0 JavaThread "Notification Thread"        daemon [_thread_blocked, id=25224, stack(0x00000025dfc00000,0x00000025dfd00000) (1024K)]
  0x000001b65f87dc50 JavaThread "C2 CompilerThread2"         daemon [_thread_in_native, id=18708, stack(0x00000025dfd00000,0x00000025dfe00000) (1024K)]
  0x000001b6645c4f40 JavaThread "Active Thread: Equinox Container: dd034f42-97a3-48b6-9813-91cf69f1c2e3"        [_thread_blocked, id=26304, stack(0x00000025e0400000,0x00000025e0500000) (1024K)]
  0x000001b664382c60 JavaThread "Refresh Thread: Equinox Container: dd034f42-97a3-48b6-9813-91cf69f1c2e3" daemon [_thread_blocked, id=5788, stack(0x00000025e0600000,0x00000025e0700000) (1024K)]
  0x000001b664857900 JavaThread "Framework Event Dispatcher: Equinox Container: dd034f42-97a3-48b6-9813-91cf69f1c2e3" daemon [_thread_blocked, id=3492, stack(0x00000025e0700000,0x00000025e0800000) (1024K)]
  0x000001b6646ea810 JavaThread "Start Level: Equinox Container: dd034f42-97a3-48b6-9813-91cf69f1c2e3" daemon [_thread_blocked, id=5956, stack(0x00000025e0800000,0x00000025e0900000) (1024K)]
  0x000001b664cfc580 JavaThread "Bundle File Closer"         daemon [_thread_blocked, id=20092, stack(0x00000025e0900000,0x00000025e0a00000) (1024K)]
  0x000001b6650a0f20 JavaThread "SCR Component Actor"        daemon [_thread_blocked, id=4480, stack(0x00000025e0a00000,0x00000025e0b00000) (1024K)]
  0x000001b665048500 JavaThread "SCR Component Registry"     daemon [_thread_blocked, id=24412, stack(0x00000025e0b00000,0x00000025e0c00000) (1024K)]
  0x000001b664d79200 JavaThread "Worker-JM"                         [_thread_blocked, id=25056, stack(0x00000025e0c00000,0x00000025e0d00000) (1024K)]
  0x000001b664d76aa0 JavaThread "Worker-0: Loading available Gradle versions"        [_thread_in_vm, id=4272, stack(0x00000025e0d00000,0x00000025e0e00000) (1024K)]
  0x000001b664d78b70 JavaThread "Worker-1: Initialize After Load"        [_thread_blocked, id=16228, stack(0x00000025e0e00000,0x00000025e0f00000) (1024K)]
  0x000001b664d76410 JavaThread "Java indexing"              daemon [_thread_blocked, id=19920, stack(0x00000025e0f00000,0x00000025e1000000) (1024K)]
  0x000001b664d75d80 JavaThread "JNA Cleaner"                daemon [_thread_blocked, id=24828, stack(0x00000025e1000000,0x00000025e1100000) (1024K)]
  0x000001b664d777c0 JavaThread "Worker-2: Repository registry initialization"        [_thread_blocked, id=25480, stack(0x00000025e1300000,0x00000025e1400000) (1024K)]
  0x000001b664d77e50 JavaThread "Worker-3: Updating Maven Dependencies"        [_thread_in_vm, id=15768, stack(0x00000025e1400000,0x00000025e1500000) (1024K)]
  0x000001b664d784e0 JavaThread "Thread-2"                   daemon [_thread_in_native, id=15152, stack(0x00000025e1500000,0x00000025e1600000) (1024K)]
  0x000001b665ebe790 JavaThread "Thread-3"                   daemon [_thread_in_native, id=24996, stack(0x00000025e1600000,0x00000025e1700000) (1024K)]
  0x000001b665ebee20 JavaThread "Thread-4"                   daemon [_thread_in_native, id=16740, stack(0x00000025e1700000,0x00000025e1800000) (1024K)]
  0x000001b665ebe100 JavaThread "Thread-5"                   daemon [_thread_in_native, id=25844, stack(0x00000025e1800000,0x00000025e1900000) (1024K)]
  0x000001b665ebf4b0 JavaThread "Thread-6"                   daemon [_thread_in_native, id=24492, stack(0x00000025e1900000,0x00000025e1a00000) (1024K)]
  0x000001b665ebd3e0 JavaThread "Thread-7"                   daemon [_thread_in_native, id=13504, stack(0x00000025e1a00000,0x00000025e1b00000) (1024K)]
  0x000001b665ebda70 JavaThread "Thread-8"                   daemon [_thread_in_native, id=22352, stack(0x00000025e1b00000,0x00000025e1c00000) (1024K)]
  0x000001b665ebc6c0 JavaThread "Thread-9"                   daemon [_thread_in_native, id=7128, stack(0x00000025e1c00000,0x00000025e1d00000) (1024K)]
  0x000001b665ebc030 JavaThread "Thread-10"                  daemon [_thread_in_native, id=5848, stack(0x00000025e1d00000,0x00000025e1e00000) (1024K)]
  0x000001b665ebcd50 JavaThread "pool-2-thread-1"                   [_thread_blocked, id=5704, stack(0x00000025e1e00000,0x00000025e1f00000) (1024K)]
  0x000001b665ec0ef0 JavaThread "Worker-4"                          [_thread_blocked, id=9860, stack(0x00000025e1f00000,0x00000025e2000000) (1024K)]
Total: 38

Other Threads:
  0x000001b64736e7e0 VMThread "VM Thread"                           [id=5932, stack(0x00000025df100000,0x00000025df200000) (1024K)]
  0x000001b64713ca00 WatcherThread "VM Periodic Task Thread"        [id=12672, stack(0x00000025df000000,0x00000025df100000) (1024K)]
  0x000001b6472cbad0 WorkerThread "GC Thread#0"                     [id=4640, stack(0x00000025def00000,0x00000025df000000) (1024K)]
  0x000001b6647fa8a0 WorkerThread "GC Thread#1"                     [id=11980, stack(0x00000025dfe00000,0x00000025dff00000) (1024K)]
  0x000001b6647fbcb0 WorkerThread "GC Thread#2"                     [id=3820, stack(0x00000025dff00000,0x00000025e0000000) (1024K)]
  0x000001b6647fc050 WorkerThread "GC Thread#3"                     [id=4220, stack(0x00000025e0000000,0x00000025e0100000) (1024K)]
  0x000001b6647fc3f0 WorkerThread "GC Thread#4"                     [id=24764, stack(0x00000025e0100000,0x00000025e0200000) (1024K)]
  0x000001b664396d40 WorkerThread "GC Thread#5"                     [id=13668, stack(0x00000025e0200000,0x00000025e0300000) (1024K)]
  0x000001b6643970e0 WorkerThread "GC Thread#6"                     [id=13812, stack(0x00000025e0300000,0x00000025e0400000) (1024K)]
  0x000001b66497f5a0 WorkerThread "GC Thread#7"                     [id=23896, stack(0x00000025e0500000,0x00000025e0600000) (1024K)]
Total: 10

Threads with active compile tasks:
C2 CompilerThread0  4613 4433   !   4       org.eclipse.osgi.internal.loader.classpath.ClasspathManager::findClassImpl (343 bytes)
C1 CompilerThread0  4613 4423   !   3       java.lang.invoke.BootstrapMethodInvoker::invoke (974 bytes)
C2 CompilerThread1  4613 4284       4       org.eclipse.osgi.internal.serviceregistry.ServiceRegistry::notifyHooksPrivileged (57 bytes)
C2 CompilerThread2  4613 4396       4       jdk.internal.org.objectweb.asm.SymbolTable::addConstantUtf8Reference (101 bytes)
Total: 4

VM state: not at safepoint (normal execution)

VM Mutex/Monitor currently owned by a thread: None

Heap address: 0x0000000080000000, size: 2048 MB, Compressed Oops mode: 32-bit

CDS archive(s) mapped at: [0x000001b600000000-0x000001b600ba0000-0x000001b600ba0000), size 12189696, SharedBaseAddress: 0x000001b600000000, ArchiveRelocationMode: 1.
Compressed class space mapped at: 0x000001b601000000-0x000001b641000000, reserved size: 1073741824
Narrow klass base: 0x000001b600000000, Narrow klass shift: 0, Narrow klass range: 0x100000000

GC Precious Log:
 CardTable entry size: 512
 CPUs: 8 total, 8 available
 Memory: 16221M
 Large Page Support: Disabled
 NUMA Support: Disabled
 Compressed Oops: Enabled (32-bit)
 Alignments: Space 512K, Generation 512K, Heap 2M
 Heap Min Capacity: 100M
 Heap Initial Capacity: 100M
 Heap Max Capacity: 2G
 Pre-touch: Disabled
 Parallel Workers: 8

Heap:
 PSYoungGen      total 25088K, used 4864K [0x00000000d5580000, 0x00000000d7180000, 0x0000000100000000)
  eden space 22528K, 12% used [0x00000000d5580000,0x00000000d583ed58,0x00000000d6b80000)
  from space 2560K, 80% used [0x00000000d6c00000,0x00000000d6e01558,0x00000000d6e80000)
  to   space 3072K, 0% used [0x00000000d6e80000,0x00000000d6e80000,0x00000000d7180000)
 ParOldGen       total 68608K, used 16105K [0x0000000080000000, 0x0000000084300000, 0x00000000d5580000)
  object space 68608K, 23% used [0x0000000080000000,0x0000000080fba660,0x0000000084300000)
 Metaspace       used 32241K, committed 33216K, reserved 1114112K
  class space    used 3219K, committed 3648K, reserved 1048576K

Card table byte_map: [0x000001b646c50000,0x000001b647060000] _byte_map_base: 0x000001b646850000

Marking Bits: (ParMarkBitMap*) 0x00007ff94b34a340
 Begin Bits: [0x000001b659750000, 0x000001b65b750000)
 End Bits:   [0x000001b65b750000, 0x000001b65d750000)

Polling page: 0x000001b645070000

Metaspace:

Usage:
  Non-class:     28.34 MB used.
      Class:      3.14 MB used.
       Both:     31.49 MB used.

Virtual space:
  Non-class space:       64.00 MB reserved,      28.88 MB ( 45%) committed,  1 nodes.
      Class space:        1.00 GB reserved,       3.56 MB ( <1%) committed,  1 nodes.
             Both:        1.06 GB reserved,      32.44 MB (  3%) committed. 

Chunk freelists:
   Non-Class:  2.32 MB
       Class:  12.47 MB
        Both:  14.79 MB

MaxMetaspaceSize: unlimited
CompressedClassSpaceSize: 1.00 GB
Initial GC threshold: 21.00 MB
Current GC threshold: 35.00 MB
CDS: on
 - commit_granule_bytes: 65536.
 - commit_granule_words: 8192.
 - virtual_space_node_default_size: 8388608.
 - enlarge_chunks_in_place: 1.
 - use_allocation_guard: 0.


Internal statistics:

num_allocs_failed_limit: 3.
num_arena_births: 702.
num_arena_deaths: 14.
num_vsnodes_births: 2.
num_vsnodes_deaths: 0.
num_space_committed: 519.
num_space_uncommitted: 0.
num_chunks_returned_to_freelist: 17.
num_chunks_taken_from_freelist: 1951.
num_chunk_merges: 7.
num_chunk_splits: 1241.
num_chunks_enlarged: 806.
num_inconsistent_stats: 0.

CodeHeap 'non-profiled nmethods': size=120000Kb used=2263Kb max_used=2263Kb free=117736Kb
 bounds [0x000001b651f70000, 0x000001b6521e0000, 0x000001b6594a0000]
CodeHeap 'profiled nmethods': size=120000Kb used=9302Kb max_used=9302Kb free=110697Kb
 bounds [0x000001b64a4a0000, 0x000001b64adc0000, 0x000001b6519d0000]
CodeHeap 'non-nmethods': size=5760Kb used=1352Kb max_used=1403Kb free=4407Kb
 bounds [0x000001b6519d0000, 0x000001b651c40000, 0x000001b651f70000]
CodeCache: size=245760Kb, used=12917Kb, max_used=12968Kb, free=232840Kb
 total_blobs=5077, nmethods=4428, adapters=555, full_count=0
Compilation: enabled, stopped_count=0, restarted_count=0

Compilation events (20 events):
Event: 4.359 Thread 0x000001b65f87dc50 4389       4       java.lang.invoke.LambdaForm$BasicType::basicType (187 bytes)
Event: 4.362 Thread 0x000001b65f52fa20 nmethod 4378 0x000001b64ad86d10 code [0x000001b64ad880a0, 0x000001b64ad942d8]
Event: 4.362 Thread 0x000001b65f87dc50 nmethod 4389 0x000001b6521a1610 code [0x000001b6521a17a0, 0x000001b6521a18b8]
Event: 4.367 Thread 0x000001b65f52fa20 4387       3       java.security.Provider::getService (144 bytes)
Event: 4.368 Thread 0x000001b65f87dc50 4396       4       jdk.internal.org.objectweb.asm.SymbolTable::addConstantUtf8Reference (101 bytes)
Event: 4.369 Thread 0x000001b65f52fa20 nmethod 4387 0x000001b64ad99010 code [0x000001b64ad99280, 0x000001b64ad99e88]
Event: 4.370 Thread 0x000001b65f52fa20 4380   !   3       java.util.regex.Pattern::closure (276 bytes)
Event: 4.372 Thread 0x000001b65f52fa20 nmethod 4380 0x000001b64ad9a210 code [0x000001b64ad9a600, 0x000001b64ad9bd10]
Event: 4.372 Thread 0x000001b65f52fa20 4379       3       java.util.regex.Pattern::append (43 bytes)
Event: 4.372 Thread 0x000001b6472296a0 4406       4       java.lang.ThreadLocal$ThreadLocalMap::set (133 bytes)
Event: 4.372 Thread 0x000001b65f52fa20 nmethod 4379 0x000001b64ad9c690 code [0x000001b64ad9c860, 0x000001b64ad9cbf8]
Event: 4.372 Thread 0x000001b65f52fa20 4405       3       java.lang.invoke.LambdaForm$BasicType::basicType (187 bytes)
Event: 4.372 Thread 0x000001b65f52fa20 nmethod 4405 0x000001b64ad9cd90 code [0x000001b64ad9d040, 0x000001b64ad9da88]
Event: 4.372 Thread 0x000001b65f52fa20 4382       3       java.lang.invoke.MethodHandles$Lookup$ClassFile::newInstanceNoCheck (11 bytes)
Event: 4.373 Thread 0x000001b65f52fa20 nmethod 4382 0x000001b64ad9dd10 code [0x000001b64ad9dec0, 0x000001b64ad9e0f8]
Event: 4.373 Thread 0x000001b65f52fa20 4383       3       java.lang.invoke.MethodHandles$Lookup$ClassDefiner::<init> (64 bytes)
Event: 4.374 Thread 0x000001b65f52fa20 nmethod 4383 0x000001b64ad9e210 code [0x000001b64ad9e3c0, 0x000001b64ad9e598]
Event: 4.375 Thread 0x000001b65f52fa20 4384   !   3       java.lang.invoke.MethodHandles$Lookup$ClassDefiner::defineClass (213 bytes)
Event: 4.377 Thread 0x000001b65f52fa20 nmethod 4384 0x000001b64ad9e690 code [0x000001b64ad9e900, 0x000001b64ad9f248]
Event: 4.377 Thread 0x000001b65f52fa20 4408       3       java.util.regex.Matcher::search (154 bytes)

GC Heap History (20 events):
Event: 1.629 GC heap before
{Heap before GC invocations=2 (full 0):
 PSYoungGen      total 29696K, used 28935K [0x00000000d5580000, 0x00000000d7680000, 0x0000000100000000)
  eden space 25600K, 100% used [0x00000000d5580000,0x00000000d6e80000,0x00000000d6e80000)
  from space 4096K, 81% used [0x00000000d6e80000,0x00000000d71c1e18,0x00000000d7280000)
  to   space 4096K, 0% used [0x00000000d7280000,0x00000000d7280000,0x00000000d7680000)
 ParOldGen       total 68608K, used 16K [0x0000000080000000, 0x0000000084300000, 0x00000000d5580000)
  object space 68608K, 0% used [0x0000000080000000,0x0000000080004000,0x0000000084300000)
 Metaspace       used 7969K, committed 8256K, reserved 1114112K
  class space    used 829K, committed 960K, reserved 1048576K
}
Event: 1.634 GC heap after
{Heap after GC invocations=2 (full 0):
 PSYoungGen      total 29696K, used 4080K [0x00000000d5580000, 0x00000000d7680000, 0x0000000100000000)
  eden space 25600K, 0% used [0x00000000d5580000,0x00000000d5580000,0x00000000d6e80000)
  from space 4096K, 99% used [0x00000000d7280000,0x00000000d767c0c8,0x00000000d7680000)
  to   space 4096K, 0% used [0x00000000d6e80000,0x00000000d6e80000,0x00000000d7280000)
 ParOldGen       total 68608K, used 1738K [0x0000000080000000, 0x0000000084300000, 0x00000000d5580000)
  object space 68608K, 2% used [0x0000000080000000,0x00000000801b2898,0x0000000084300000)
 Metaspace       used 7969K, committed 8256K, reserved 1114112K
  class space    used 829K, committed 960K, reserved 1048576K
}
Event: 1.935 GC heap before
{Heap before GC invocations=3 (full 0):
 PSYoungGen      total 29696K, used 29680K [0x00000000d5580000, 0x00000000d7680000, 0x0000000100000000)
  eden space 25600K, 100% used [0x00000000d5580000,0x00000000d6e80000,0x00000000d6e80000)
  from space 4096K, 99% used [0x00000000d7280000,0x00000000d767c0c8,0x00000000d7680000)
  to   space 4096K, 0% used [0x00000000d6e80000,0x00000000d6e80000,0x00000000d7280000)
 ParOldGen       total 68608K, used 1738K [0x0000000080000000, 0x0000000084300000, 0x00000000d5580000)
  object space 68608K, 2% used [0x0000000080000000,0x00000000801b2898,0x0000000084300000)
 Metaspace       used 9392K, committed 9728K, reserved 1114112K
  class space    used 1002K, committed 1152K, reserved 1048576K
}
Event: 1.941 GC heap after
{Heap after GC invocations=3 (full 0):
 PSYoungGen      total 29696K, used 4090K [0x00000000d5580000, 0x00000000d7680000, 0x0000000100000000)
  eden space 25600K, 0% used [0x00000000d5580000,0x00000000d5580000,0x00000000d6e80000)
  from space 4096K, 99% used [0x00000000d6e80000,0x00000000d727e9b0,0x00000000d7280000)
  to   space 4096K, 0% used [0x00000000d7280000,0x00000000d7280000,0x00000000d7680000)
 ParOldGen       total 68608K, used 5084K [0x0000000080000000, 0x0000000084300000, 0x00000000d5580000)
  object space 68608K, 7% used [0x0000000080000000,0x00000000804f7170,0x0000000084300000)
 Metaspace       used 9392K, committed 9728K, reserved 1114112K
  class space    used 1002K, committed 1152K, reserved 1048576K
}
Event: 2.431 GC heap before
{Heap before GC invocations=4 (full 0):
 PSYoungGen      total 29696K, used 29690K [0x00000000d5580000, 0x00000000d7680000, 0x0000000100000000)
  eden space 25600K, 100% used [0x00000000d5580000,0x00000000d6e80000,0x00000000d6e80000)
  from space 4096K, 99% used [0x00000000d6e80000,0x00000000d727e9b0,0x00000000d7280000)
  to   space 4096K, 0% used [0x00000000d7280000,0x00000000d7280000,0x00000000d7680000)
 ParOldGen       total 68608K, used 5084K [0x0000000080000000, 0x0000000084300000, 0x00000000d5580000)
  object space 68608K, 7% used [0x0000000080000000,0x00000000804f7170,0x0000000084300000)
 Metaspace       used 12295K, committed 12672K, reserved 1114112K
  class space    used 1307K, committed 1472K, reserved 1048576K
}
Event: 2.435 GC heap after
{Heap after GC invocations=4 (full 0):
 PSYoungGen      total 29696K, used 4067K [0x00000000d5580000, 0x00000000d7680000, 0x0000000100000000)
  eden space 25600K, 0% used [0x00000000d5580000,0x00000000d5580000,0x00000000d6e80000)
  from space 4096K, 99% used [0x00000000d7280000,0x00000000d7678d50,0x00000000d7680000)
  to   space 4096K, 0% used [0x00000000d6e80000,0x00000000d6e80000,0x00000000d7280000)
 ParOldGen       total 68608K, used 6329K [0x0000000080000000, 0x0000000084300000, 0x00000000d5580000)
  object space 68608K, 9% used [0x0000000080000000,0x000000008062e7b8,0x0000000084300000)
 Metaspace       used 12295K, committed 12672K, reserved 1114112K
  class space    used 1307K, committed 1472K, reserved 1048576K
}
Event: 2.969 GC heap before
{Heap before GC invocations=5 (full 0):
 PSYoungGen      total 29696K, used 29656K [0x00000000d5580000, 0x00000000d7680000, 0x0000000100000000)
  eden space 25600K, 99% used [0x00000000d5580000,0x00000000d6e7d460,0x00000000d6e80000)
  from space 4096K, 99% used [0x00000000d7280000,0x00000000d7678d50,0x00000000d7680000)
  to   space 4096K, 0% used [0x00000000d6e80000,0x00000000d6e80000,0x00000000d7280000)
 ParOldGen       total 68608K, used 6329K [0x0000000080000000, 0x0000000084300000, 0x00000000d5580000)
  object space 68608K, 9% used [0x0000000080000000,0x000000008062e7b8,0x0000000084300000)
 Metaspace       used 15473K, committed 16064K, reserved 1114112K
  class space    used 1596K, committed 1856K, reserved 1048576K
}
Event: 2.972 GC heap after
{Heap after GC invocations=5 (full 0):
 PSYoungGen      total 29184K, used 4090K [0x00000000d5580000, 0x00000000d7900000, 0x0000000100000000)
  eden space 25088K, 0% used [0x00000000d5580000,0x00000000d5580000,0x00000000d6e00000)
  from space 4096K, 99% used [0x00000000d6e80000,0x00000000d727eb78,0x00000000d7280000)
  to   space 5632K, 0% used [0x00000000d7380000,0x00000000d7380000,0x00000000d7900000)
 ParOldGen       total 68608K, used 7786K [0x0000000080000000, 0x0000000084300000, 0x00000000d5580000)
  object space 68608K, 11% used [0x0000000080000000,0x000000008079aab0,0x0000000084300000)
 Metaspace       used 15473K, committed 16064K, reserved 1114112K
  class space    used 1596K, committed 1856K, reserved 1048576K
}
Event: 3.339 GC heap before
{Heap before GC invocations=6 (full 0):
 PSYoungGen      total 29184K, used 29178K [0x00000000d5580000, 0x00000000d7900000, 0x0000000100000000)
  eden space 25088K, 100% used [0x00000000d5580000,0x00000000d6e00000,0x00000000d6e00000)
  from space 4096K, 99% used [0x00000000d6e80000,0x00000000d727eb78,0x00000000d7280000)
  to   space 5632K, 0% used [0x00000000d7380000,0x00000000d7380000,0x00000000d7900000)
 ParOldGen       total 68608K, used 7786K [0x0000000080000000, 0x0000000084300000, 0x00000000d5580000)
  object space 68608K, 11% used [0x0000000080000000,0x000000008079aab0,0x0000000084300000)
 Metaspace       used 18062K, committed 18752K, reserved 1114112K
  class space    used 1886K, committed 2176K, reserved 1048576K
}
Event: 3.345 GC heap after
{Heap after GC invocations=6 (full 0):
 PSYoungGen      total 30208K, used 5416K [0x00000000d5580000, 0x00000000d7900000, 0x0000000100000000)
  eden space 24576K, 0% used [0x00000000d5580000,0x00000000d5580000,0x00000000d6d80000)
  from space 5632K, 96% used [0x00000000d7380000,0x00000000d78ca3e0,0x00000000d7900000)
  to   space 5632K, 0% used [0x00000000d6e00000,0x00000000d6e00000,0x00000000d7380000)
 ParOldGen       total 68608K, used 7794K [0x0000000080000000, 0x0000000084300000, 0x00000000d5580000)
  object space 68608K, 11% used [0x0000000080000000,0x000000008079cab0,0x0000000084300000)
 Metaspace       used 18062K, committed 18752K, reserved 1114112K
  class space    used 1886K, committed 2176K, reserved 1048576K
}
Event: 3.580 GC heap before
{Heap before GC invocations=7 (full 0):
 PSYoungGen      total 30208K, used 26241K [0x00000000d5580000, 0x00000000d7900000, 0x0000000100000000)
  eden space 24576K, 84% used [0x00000000d5580000,0x00000000d69d6060,0x00000000d6d80000)
  from space 5632K, 96% used [0x00000000d7380000,0x00000000d78ca3e0,0x00000000d7900000)
  to   space 5632K, 0% used [0x00000000d6e00000,0x00000000d6e00000,0x00000000d7380000)
 ParOldGen       total 68608K, used 7794K [0x0000000080000000, 0x0000000084300000, 0x00000000d5580000)
  object space 68608K, 11% used [0x0000000080000000,0x000000008079cab0,0x0000000084300000)
 Metaspace       used 20687K, committed 21504K, reserved 1114112K
  class space    used 2141K, committed 2560K, reserved 1048576K
}
Event: 3.583 GC heap after
{Heap after GC invocations=7 (full 0):
 PSYoungGen      total 29184K, used 4129K [0x00000000d5580000, 0x00000000d7780000, 0x0000000100000000)
  eden space 24576K, 0% used [0x00000000d5580000,0x00000000d5580000,0x00000000d6d80000)
  from space 4608K, 89% used [0x00000000d6e00000,0x00000000d7208588,0x00000000d7280000)
  to   space 5120K, 0% used [0x00000000d7280000,0x00000000d7280000,0x00000000d7780000)
 ParOldGen       total 68608K, used 9512K [0x0000000080000000, 0x0000000084300000, 0x00000000d5580000)
  object space 68608K, 13% used [0x0000000080000000,0x000000008094a2f0,0x0000000084300000)
 Metaspace       used 20687K, committed 21504K, reserved 1114112K
  class space    used 2141K, committed 2560K, reserved 1048576K
}
Event: 3.583 GC heap before
{Heap before GC invocations=8 (full 1):
 PSYoungGen      total 29184K, used 4129K [0x00000000d5580000, 0x00000000d7780000, 0x0000000100000000)
  eden space 24576K, 0% used [0x00000000d5580000,0x00000000d5580000,0x00000000d6d80000)
  from space 4608K, 89% used [0x00000000d6e00000,0x00000000d7208588,0x00000000d7280000)
  to   space 5120K, 0% used [0x00000000d7280000,0x00000000d7280000,0x00000000d7780000)
 ParOldGen       total 68608K, used 9512K [0x0000000080000000, 0x0000000084300000, 0x00000000d5580000)
  object space 68608K, 13% used [0x0000000080000000,0x000000008094a2f0,0x0000000084300000)
 Metaspace       used 20687K, committed 21504K, reserved 1114112K
  class space    used 2141K, committed 2560K, reserved 1048576K
}
Event: 3.612 GC heap after
{Heap after GC invocations=8 (full 1):
 PSYoungGen      total 29184K, used 0K [0x00000000d5580000, 0x00000000d7780000, 0x0000000100000000)
  eden space 24576K, 0% used [0x00000000d5580000,0x00000000d5580000,0x00000000d6d80000)
  from space 4608K, 0% used [0x00000000d6e00000,0x00000000d6e00000,0x00000000d7280000)
  to   space 5120K, 0% used [0x00000000d7280000,0x00000000d7280000,0x00000000d7780000)
 ParOldGen       total 68608K, used 12575K [0x0000000080000000, 0x0000000084300000, 0x00000000d5580000)
  object space 68608K, 18% used [0x0000000080000000,0x0000000080c47de8,0x0000000084300000)
 Metaspace       used 20675K, committed 21504K, reserved 1114112K
  class space    used 2138K, committed 2560K, reserved 1048576K
}
Event: 3.739 GC heap before
{Heap before GC invocations=9 (full 1):
 PSYoungGen      total 29184K, used 24576K [0x00000000d5580000, 0x00000000d7780000, 0x0000000100000000)
  eden space 24576K, 100% used [0x00000000d5580000,0x00000000d6d80000,0x00000000d6d80000)
  from space 4608K, 0% used [0x00000000d6e00000,0x00000000d6e00000,0x00000000d7280000)
  to   space 5120K, 0% used [0x00000000d7280000,0x00000000d7280000,0x00000000d7780000)
 ParOldGen       total 68608K, used 12575K [0x0000000080000000, 0x0000000084300000, 0x00000000d5580000)
  object space 68608K, 18% used [0x0000000080000000,0x0000000080c47de8,0x0000000084300000)
 Metaspace       used 23340K, committed 24192K, reserved 1114112K
  class space    used 2315K, committed 2752K, reserved 1048576K
}
Event: 3.740 GC heap after
{Heap after GC invocations=9 (full 1):
 PSYoungGen      total 24576K, used 288K [0x00000000d5580000, 0x00000000d7300000, 0x0000000100000000)
  eden space 24064K, 0% used [0x00000000d5580000,0x00000000d5580000,0x00000000d6d00000)
  from space 512K, 56% used [0x00000000d7280000,0x00000000d72c8000,0x00000000d7300000)
  to   space 2048K, 0% used [0x00000000d6f00000,0x00000000d6f00000,0x00000000d7100000)
 ParOldGen       total 68608K, used 12575K [0x0000000080000000, 0x0000000084300000, 0x00000000d5580000)
  object space 68608K, 18% used [0x0000000080000000,0x0000000080c47de8,0x0000000084300000)
 Metaspace       used 23340K, committed 24192K, reserved 1114112K
  class space    used 2315K, committed 2752K, reserved 1048576K
}
Event: 3.850 GC heap before
{Heap before GC invocations=10 (full 1):
 PSYoungGen      total 24576K, used 24352K [0x00000000d5580000, 0x00000000d7300000, 0x0000000100000000)
  eden space 24064K, 100% used [0x00000000d5580000,0x00000000d6d00000,0x00000000d6d00000)
  from space 512K, 56% used [0x00000000d7280000,0x00000000d72c8000,0x00000000d7300000)
  to   space 2048K, 0% used [0x00000000d6f00000,0x00000000d6f00000,0x00000000d7100000)
 ParOldGen       total 68608K, used 12575K [0x0000000080000000, 0x0000000084300000, 0x00000000d5580000)
  object space 68608K, 18% used [0x0000000080000000,0x0000000080c47de8,0x0000000084300000)
 Metaspace       used 25249K, committed 26112K, reserved 1114112K
  class space    used 2451K, committed 2880K, reserved 1048576K
}
Event: 3.851 GC heap after
{Heap after GC invocations=10 (full 1):
 PSYoungGen      total 25600K, used 2046K [0x00000000d5580000, 0x00000000d7300000, 0x0000000100000000)
  eden space 23552K, 0% used [0x00000000d5580000,0x00000000d5580000,0x00000000d6c80000)
  from space 2048K, 99% used [0x00000000d6f00000,0x00000000d70ffb68,0x00000000d7100000)
  to   space 2048K, 0% used [0x00000000d7100000,0x00000000d7100000,0x00000000d7300000)
 ParOldGen       total 68608K, used 12607K [0x0000000080000000, 0x0000000084300000, 0x00000000d5580000)
  object space 68608K, 18% used [0x0000000080000000,0x0000000080c4fde8,0x0000000084300000)
 Metaspace       used 25249K, committed 26112K, reserved 1114112K
  class space    used 2451K, committed 2880K, reserved 1048576K
}
Event: 4.218 GC heap before
{Heap before GC invocations=11 (full 1):
 PSYoungGen      total 25600K, used 25598K [0x00000000d5580000, 0x00000000d7300000, 0x0000000100000000)
  eden space 23552K, 100% used [0x00000000d5580000,0x00000000d6c80000,0x00000000d6c80000)
  from space 2048K, 99% used [0x00000000d6f00000,0x00000000d70ffb68,0x00000000d7100000)
  to   space 2048K, 0% used [0x00000000d7100000,0x00000000d7100000,0x00000000d7300000)
 ParOldGen       total 68608K, used 12607K [0x0000000080000000, 0x0000000084300000, 0x00000000d5580000)
  object space 68608K, 18% used [0x0000000080000000,0x0000000080c4fde8,0x0000000084300000)
 Metaspace       used 28647K, committed 29568K, reserved 1114112K
  class space    used 2793K, committed 3200K, reserved 1048576K
}
Event: 4.220 GC heap after
{Heap after GC invocations=11 (full 1):
 PSYoungGen      total 25088K, used 2043K [0x00000000d5580000, 0x00000000d7400000, 0x0000000100000000)
  eden space 23040K, 0% used [0x00000000d5580000,0x00000000d5580000,0x00000000d6c00000)
  from space 2048K, 99% used [0x00000000d7100000,0x00000000d72fef28,0x00000000d7300000)
  to   space 4096K, 0% used [0x00000000d6c00000,0x00000000d6c00000,0x00000000d7000000)
 ParOldGen       total 68608K, used 14064K [0x0000000080000000, 0x0000000084300000, 0x00000000d5580000)
  object space 68608K, 20% used [0x0000000080000000,0x0000000080dbc3e8,0x0000000084300000)
 Metaspace       used 28647K, committed 29568K, reserved 1114112K
  class space    used 2793K, committed 3200K, reserved 1048576K
}

Dll operation events (13 events):
Event: 0.026 Loaded shared library c:\Users\Saurabh Srivastav\.vscode\extensions\redhat.java-1.45.0-win32-x64\jre\21.0.8-win32-x86_64\bin\java.dll
Event: 0.107 Loaded shared library c:\Users\Saurabh Srivastav\.vscode\extensions\redhat.java-1.45.0-win32-x64\jre\21.0.8-win32-x86_64\bin\zip.dll
Event: 0.128 Loaded shared library C:\Users\Saurabh Srivastav\.vscode\extensions\redhat.java-1.45.0-win32-x64\jre\21.0.8-win32-x86_64\bin\instrument.dll
Event: 0.134 Loaded shared library C:\Users\Saurabh Srivastav\.vscode\extensions\redhat.java-1.45.0-win32-x64\jre\21.0.8-win32-x86_64\bin\net.dll
Event: 0.139 Loaded shared library C:\Users\Saurabh Srivastav\.vscode\extensions\redhat.java-1.45.0-win32-x64\jre\21.0.8-win32-x86_64\bin\nio.dll
Event: 0.143 Loaded shared library C:\Users\Saurabh Srivastav\.vscode\extensions\redhat.java-1.45.0-win32-x64\jre\21.0.8-win32-x86_64\bin\zip.dll
Event: 0.161 Loaded shared library C:\Users\Saurabh Srivastav\.vscode\extensions\redhat.java-1.45.0-win32-x64\jre\21.0.8-win32-x86_64\bin\jimage.dll
Event: 0.273 Loaded shared library c:\Users\Saurabh Srivastav\.vscode\extensions\redhat.java-1.45.0-win32-x64\jre\21.0.8-win32-x86_64\bin\verify.dll
Event: 1.646 Loaded shared library C:\Users\Saurabh Srivastav\AppData\Roaming\Code\User\globalStorage\redhat.java\1.45.0\config_win\org.eclipse.equinox.launcher\org.eclipse.equinox.launcher.win32.win32.x86_64_1.2.1400.v20250801-0854\eclipse_11916.dll
Event: 2.944 Loaded shared library C:\Users\Saurabh Srivastav\.vscode\extensions\redhat.java-1.45.0-win32-x64\jre\21.0.8-win32-x86_64\bin\management.dll
Event: 2.947 Loaded shared library C:\Users\Saurabh Srivastav\.vscode\extensions\redhat.java-1.45.0-win32-x64\jre\21.0.8-win32-x86_64\bin\management_ext.dll
Event: 4.204 Loaded shared library C:\Users\Saurabh Srivastav\AppData\Local\Temp\jna-1928198567\jna3598064277599869901.dll
Event: 4.297 Loaded shared library C:\Users\Saurabh Srivastav\.vscode\extensions\redhat.java-1.45.0-win32-x64\jre\21.0.8-win32-x86_64\bin\sunmscapi.dll

Deoptimization events (20 events):
Event: 4.256 Thread 0x000001b6646ea810 Uncommon trap: trap_request=0xffffff45 fr.pc=0x000001b6521193a8 relative=0x0000000000000428
Event: 4.256 Thread 0x000001b6646ea810 Uncommon trap: reason=unstable_if action=reinterpret pc=0x000001b6521193a8 method=java.util.regex.Pattern$BmpCharPropertyGreedy.match(Ljava/util/regex/Matcher;ILjava/lang/CharSequence;)Z @ 12 c2
Event: 4.256 Thread 0x000001b6646ea810 DEOPT PACKING pc=0x000001b6521193a8 sp=0x00000025e08fdf30
Event: 4.256 Thread 0x000001b6646ea810 DEOPT UNPACKING pc=0x000001b651a23aa2 sp=0x00000025e08fdeb8 mode 2
Event: 4.258 Thread 0x000001b664d78b70 Uncommon trap: trap_request=0xffffff45 fr.pc=0x000001b652175448 relative=0x0000000000000588
Event: 4.258 Thread 0x000001b664d78b70 Uncommon trap: reason=unstable_if action=reinterpret pc=0x000001b652175448 method=java.util.concurrent.locks.ReentrantReadWriteLock$Sync.tryAcquireShared(I)I @ 81 c2
Event: 4.258 Thread 0x000001b664d78b70 DEOPT PACKING pc=0x000001b652175448 sp=0x00000025e0efa690
Event: 4.258 Thread 0x000001b664d78b70 DEOPT UNPACKING pc=0x000001b651a23aa2 sp=0x00000025e0efa478 mode 2
Event: 4.304 Thread 0x000001b664d76aa0 Uncommon trap: trap_request=0xffffff45 fr.pc=0x000001b6520177a4 relative=0x0000000000000864
Event: 4.304 Thread 0x000001b664d76aa0 Uncommon trap: reason=unstable_if action=reinterpret pc=0x000001b6520177a4 method=java.util.HashMap.computeIfAbsent(Ljava/lang/Object;Ljava/util/function/Function;)Ljava/lang/Object; @ 294 c2
Event: 4.304 Thread 0x000001b664d76aa0 DEOPT PACKING pc=0x000001b6520177a4 sp=0x00000025e0dfddb0
Event: 4.304 Thread 0x000001b664d76aa0 DEOPT UNPACKING pc=0x000001b651a23aa2 sp=0x00000025e0dfdd58 mode 2
Event: 4.304 Thread 0x000001b644f0b0d0 Uncommon trap: trap_request=0xffffff45 fr.pc=0x000001b652005ed4 relative=0x0000000000001074
Event: 4.304 Thread 0x000001b644f0b0d0 Uncommon trap: reason=unstable_if action=reinterpret pc=0x000001b652005ed4 method=jdk.internal.jimage.ImageStringsReader.stringFromByteBufferMatches(Ljava/nio/ByteBuffer;ILjava/lang/String;I)I @ 48 c2
Event: 4.304 Thread 0x000001b644f0b0d0 DEOPT PACKING pc=0x000001b652005ed4 sp=0x00000025deef8b60
Event: 4.304 Thread 0x000001b644f0b0d0 DEOPT UNPACKING pc=0x000001b651a23aa2 sp=0x00000025deef8898 mode 2
Event: 4.365 Thread 0x000001b664d77e50 Uncommon trap: trap_request=0xffffff45 fr.pc=0x000001b6521a1854 relative=0x00000000000000b4
Event: 4.365 Thread 0x000001b664d77e50 Uncommon trap: reason=unstable_if action=reinterpret pc=0x000001b6521a1854 method=java.lang.invoke.LambdaForm$BasicType.basicType(C)Ljava/lang/invoke/LambdaForm$BasicType; @ 1 c2
Event: 4.365 Thread 0x000001b664d77e50 DEOPT PACKING pc=0x000001b6521a1854 sp=0x00000025e14fd330
Event: 4.365 Thread 0x000001b664d77e50 DEOPT UNPACKING pc=0x000001b651a23aa2 sp=0x00000025e14fd2c8 mode 2

Classes loaded (20 events):
Event: 4.371 Loading class java/util/concurrent/CompletableFuture done
Event: 4.371 Loading class java/security/KeyPairGeneratorSpi
Event: 4.371 Loading class java/security/KeyPairGeneratorSpi done
Event: 4.371 Loading class java/security/KeyPairGenerator done
Event: 4.372 Loading class sun/security/util/ECUtil
Event: 4.372 Loading class sun/security/util/ECUtil done
Event: 4.373 Loading class java/security/AlgorithmParameters
Event: 4.373 Loading class java/security/AlgorithmParameters done
Event: 4.373 Loading class java/security/AlgorithmParametersSpi
Event: 4.373 Loading class java/security/AlgorithmParametersSpi done
Event: 4.374 Loading class sun/security/util/ECParameters
Event: 4.374 Loading class sun/security/util/ECParameters done
Event: 4.375 Loading class sun/security/util/ECKeySizeParameterSpec
Event: 4.375 Loading class sun/security/util/ECKeySizeParameterSpec done
Event: 4.375 Loading class java/security/spec/ECGenParameterSpec
Event: 4.375 Loading class java/security/spec/NamedParameterSpec
Event: 4.375 Loading class java/security/spec/NamedParameterSpec done
Event: 4.376 Loading class java/security/spec/ECGenParameterSpec done
Event: 4.376 Loading class java/security/KeyPairGenerator$Delegate
Event: 4.376 Loading class java/security/KeyPairGenerator$Delegate done

Classes unloaded (7 events):
Event: 3.588 Thread 0x000001b64736e7e0 Unloading class 0x000001b6011ab000 'java/lang/invoke/LambdaForm$MH+0x000001b6011ab000'
Event: 3.588 Thread 0x000001b64736e7e0 Unloading class 0x000001b6011aac00 'java/lang/invoke/LambdaForm$MH+0x000001b6011aac00'
Event: 3.588 Thread 0x000001b64736e7e0 Unloading class 0x000001b6011aa800 'java/lang/invoke/LambdaForm$MH+0x000001b6011aa800'
Event: 3.588 Thread 0x000001b64736e7e0 Unloading class 0x000001b6011aa400 'java/lang/invoke/LambdaForm$MH+0x000001b6011aa400'
Event: 3.588 Thread 0x000001b64736e7e0 Unloading class 0x000001b6011aa000 'java/lang/invoke/LambdaForm$BMH+0x000001b6011aa000'
Event: 3.588 Thread 0x000001b64736e7e0 Unloading class 0x000001b6011a9c00 'java/lang/invoke/LambdaForm$DMH+0x000001b6011a9c00'
Event: 3.588 Thread 0x000001b64736e7e0 Unloading class 0x000001b6011a8800 'java/lang/invoke/LambdaForm$DMH+0x000001b6011a8800'

Classes redefined (0 events):
No events

Internal exceptions (20 events):
Event: 4.241 Thread 0x000001b6646ea810 Exception <a 'java/io/FileNotFoundException'{0x00000000d56c6be8}> (0x00000000d56c6be8) 
thrown [s\src\hotspot\share\prims\jni.cpp, line 520]
Event: 4.247 Thread 0x000001b6646ea810 Exception <a 'java/lang/NoSuchMethodError'{0x00000000d575d3b8}: 'void java.lang.invoke.DirectMethodHandle$Holder.invokeSpecial(java.lang.Object, java.lang.Object, java.lang.Object, int)'> (0x00000000d575d3b8) 
thrown [s\src\hotspot\share\interpreter\linkResolver.cpp, line 773]
Event: 4.248 Thread 0x000001b6646ea810 Exception <a 'java/lang/NoSuchMethodError'{0x00000000d5760a88}: 'void java.lang.invoke.DelegatingMethodHandle$Holder.reinvoke_L(java.lang.Object, java.lang.Object, int)'> (0x00000000d5760a88) 
thrown [s\src\hotspot\share\interpreter\linkResolver.cpp, line 773]
Event: 4.248 Thread 0x000001b6646ea810 Exception <a 'java/lang/NoSuchMethodError'{0x00000000d5767420}: 'int java.lang.invoke.Invokers$Holder.invokeExact_MT(java.lang.Object, java.lang.Object, java.lang.Object)'> (0x00000000d5767420) 
thrown [s\src\hotspot\share\interpreter\linkResolver.cpp, line 773]
Event: 4.249 Thread 0x000001b6646ea810 Exception <a 'java/lang/UnsatisfiedLinkError'{0x00000000d5775aa0}: The specified procedure could not be found.
> (0x00000000d5775aa0) 
thrown [s\src\hotspot\share\prims\jni.cpp, line 539]
Event: 4.252 Thread 0x000001b6646ea810 Exception <a 'java/lang/NoSuchMethodError'{0x00000000d57827b8}: 'void java.lang.invoke.Invokers$Holder.invokeExact_MT(java.lang.Object, java.lang.Object, int, java.lang.Object)'> (0x00000000d57827b8) 
thrown [s\src\hotspot\share\interpreter\linkResolver.cpp, line 773]
Event: 4.295 Thread 0x000001b644f0b0d0 Exception <a 'java/io/FileNotFoundException'{0x00000000d5e7fea8}> (0x00000000d5e7fea8) 
thrown [s\src\hotspot\share\prims\jni.cpp, line 520]
Event: 4.323 Thread 0x000001b644f0b0d0 Exception <a 'java/lang/NoSuchMethodError'{0x00000000d6394b38}: 'java.lang.Object java.lang.invoke.DirectMethodHandle$Holder.invokeStatic(java.lang.Object, long, java.lang.Object)'> (0x00000000d6394b38) 
thrown [s\src\hotspot\share\interpreter\linkResolver.cpp, line 773]
Event: 4.324 Thread 0x000001b644f0b0d0 Exception <a 'java/lang/NoSuchMethodError'{0x00000000d63a33a0}: 'java.lang.Object java.lang.invoke.DirectMethodHandle$Holder.invokeStaticInit(java.lang.Object, long, java.lang.Object)'> (0x00000000d63a33a0) 
thrown [s\src\hotspot\share\interpreter\linkResolver.cpp, line 773]
Event: 4.324 Thread 0x000001b644f0b0d0 Exception <a 'java/lang/NoSuchMethodError'{0x00000000d63a8cb0}: 'java.lang.Object java.lang.invoke.DirectMethodHandle$Holder.newInvokeSpecial(java.lang.Object, long)'> (0x00000000d63a8cb0) 
thrown [s\src\hotspot\share\interpreter\linkResolver.cpp, line 773]
Event: 4.327 Thread 0x000001b664d76aa0 Exception <a 'sun/nio/fs/WindowsException'{0x00000000d64507b8}> (0x00000000d64507b8) 
thrown [s\src\hotspot\share\prims\jni.cpp, line 520]
Event: 4.355 Thread 0x000001b664d77e50 Exception <a 'java/lang/NoSuchMethodError'{0x00000000d67301a8}: 'java.lang.Object java.lang.invoke.DirectMethodHandle$Holder.invokeStaticInit(java.lang.Object, java.lang.Object, java.lang.Object, java.lang.Object, java.lang.Object, java.lang.Object, java.lang.Object)'> (0x00000000d67301a8) 
thrown [s\src\hotspot\share\interpreter\linkResolver.cpp, line 773]
Event: 4.356 Thread 0x000001b664d77e50 Exception <a 'java/lang/NoSuchMethodError'{0x00000000d6754a80}: 'java.lang.Object java.lang.invoke.Invokers$Holder.invoke_MT(java.lang.Object, java.lang.Object, java.lang.Object, java.lang.Object, java.lang.Object, java.lang.Object, java.lang.Object, java.lang.Object, java.lang.Object)'> (0x00000000d6754a80) 
thrown [s\src\hotspot\share\interpreter\linkResolver.cpp, line 773]
Event: 4.362 Thread 0x000001b664d77e50 Exception <a 'java/lang/NoSuchMethodError'{0x00000000d68232f8}: 'int java.lang.invoke.DirectMethodHandle$Holder.invokeVirtual(java.lang.Object, java.lang.Object, java.lang.Object)'> (0x00000000d68232f8) 
thrown [s\src\hotspot\share\interpreter\linkResolver.cpp, line 773]
Event: 4.363 Thread 0x000001b664d77e50 Exception <a 'java/lang/NoSuchMethodError'{0x00000000d68272a0}: 'int java.lang.invoke.DirectMethodHandle$Holder.invokeStaticInit(java.lang.Object, int, int)'> (0x00000000d68272a0) 
thrown [s\src\hotspot\share\interpreter\linkResolver.cpp, line 773]
Event: 4.365 Thread 0x000001b664d77e50 Exception <a 'java/lang/NoSuchMethodError'{0x00000000d682e608}: 'int java.lang.invoke.DirectMethodHandle$Holder.invokeStaticInit(java.lang.Object, long, long)'> (0x00000000d682e608) 
thrown [s\src\hotspot\share\interpreter\linkResolver.cpp, line 773]
Event: 4.367 Thread 0x000001b664d77e50 Exception <a 'java/lang/NoSuchMethodError'{0x00000000d6865710}: 'int java.lang.invoke.DirectMethodHandle$Holder.invokeStaticInit(java.lang.Object, float, float)'> (0x00000000d6865710) 
thrown [s\src\hotspot\share\interpreter\linkResolver.cpp, line 773]
Event: 4.368 Thread 0x000001b664d77e50 Exception <a 'java/lang/NoSuchMethodError'{0x00000000d686c0a0}: 'int java.lang.invoke.DirectMethodHandle$Holder.invokeStaticInit(java.lang.Object, double, double)'> (0x00000000d686c0a0) 
thrown [s\src\hotspot\share\interpreter\linkResolver.cpp, line 773]
Event: 4.369 Thread 0x000001b664d77e50 Exception <a 'java/lang/NoSuchMethodError'{0x00000000d68704d0}: 'int java.lang.invoke.DirectMethodHandle$Holder.invokeStatic(java.lang.Object, long)'> (0x00000000d68704d0) 
thrown [s\src\hotspot\share\interpreter\linkResolver.cpp, line 773]
Event: 4.372 Thread 0x000001b664d77e50 Exception <a 'java/lang/NoSuchMethodError'{0x00000000d68f7c90}: 'int java.lang.invoke.Invokers$Holder.linkToTargetMethod(java.lang.Object, java.lang.Object)'> (0x00000000d68f7c90) 
thrown [s\src\hotspot\share\interpreter\linkResolver.cpp, line 773]

ZGC Phase Switch (0 events):
No events

VM Operations (20 events):
Event: 3.999 Executing VM operation: HandshakeAllThreads (Deoptimize)
Event: 3.999 Executing VM operation: HandshakeAllThreads (Deoptimize) done
Event: 4.084 Executing VM operation: HandshakeAllThreads (Deoptimize)
Event: 4.084 Executing VM operation: HandshakeAllThreads (Deoptimize) done
Event: 4.098 Executing VM operation: HandshakeAllThreads (Deoptimize)
Event: 4.099 Executing VM operation: HandshakeAllThreads (Deoptimize) done
Event: 4.101 Executing VM operation: HandshakeAllThreads (Deoptimize)
Event: 4.101 Executing VM operation: HandshakeAllThreads (Deoptimize) done
Event: 4.119 Executing VM operation: HandshakeAllThreads (Deoptimize)
Event: 4.119 Executing VM operation: HandshakeAllThreads (Deoptimize) done
Event: 4.143 Executing VM operation: HandshakeAllThreads (Deoptimize)
Event: 4.143 Executing VM operation: HandshakeAllThreads (Deoptimize) done
Event: 4.213 Executing VM operation: HandshakeAllThreads (Deoptimize)
Event: 4.213 Executing VM operation: HandshakeAllThreads (Deoptimize) done
Event: 4.218 Executing VM operation: ParallelGCFailedAllocation (Allocation Failure)
Event: 4.220 Executing VM operation: ParallelGCFailedAllocation (Allocation Failure) done
Event: 4.288 Executing VM operation: HandshakeAllThreads (Deoptimize)
Event: 4.288 Executing VM operation: HandshakeAllThreads (Deoptimize) done
Event: 4.329 Executing VM operation: HandshakeAllThreads (Deoptimize)
Event: 4.329 Executing VM operation: HandshakeAllThreads (Deoptimize) done

Memory protections (0 events):
No events

Nmethod flushes (0 events):
No events

Events (20 events):
Event: 1.968 Thread 0x000001b6646ea810 Thread added: 0x000001b664cfc580
Event: 2.243 Thread 0x000001b6646ea810 Thread added: 0x000001b6650a0f20
Event: 2.331 Thread 0x000001b6646ea810 Thread added: 0x000001b665048500
Event: 2.839 Thread 0x000001b6646ea810 Thread added: 0x000001b664d79200
Event: 3.038 Thread 0x000001b6646ea810 Thread added: 0x000001b664d76aa0
Event: 3.075 Thread 0x000001b664d76aa0 Thread added: 0x000001b664d78b70
Event: 3.960 Thread 0x000001b6646ea810 Thread added: 0x000001b664d76410
Event: 4.218 Thread 0x000001b6646ea810 Thread added: 0x000001b664d75d80
Event: 4.276 Thread 0x000001b664d76aa0 Thread added: 0x000001b664d777c0
Event: 4.306 Thread 0x000001b664d777c0 Thread added: 0x000001b664d77e50
Event: 4.331 Thread 0x000001b644f0b0d0 Thread added: 0x000001b664d784e0
Event: 4.332 Thread 0x000001b644f0b0d0 Thread added: 0x000001b665ebe790
Event: 4.332 Thread 0x000001b644f0b0d0 Thread added: 0x000001b665ebee20
Event: 4.332 Thread 0x000001b644f0b0d0 Thread added: 0x000001b665ebe100
Event: 4.332 Thread 0x000001b644f0b0d0 Thread added: 0x000001b665ebf4b0
Event: 4.332 Thread 0x000001b644f0b0d0 Thread added: 0x000001b665ebd3e0
Event: 4.332 Thread 0x000001b644f0b0d0 Thread added: 0x000001b665ebda70
Event: 4.332 Thread 0x000001b644f0b0d0 Thread added: 0x000001b665ebc6c0
Event: 4.332 Thread 0x000001b644f0b0d0 Thread added: 0x000001b665ebc030
Event: 4.357 Thread 0x000001b644f0b0d0 Thread added: 0x000001b665ebcd50


Dynamic libraries:
0x00007ff7796f0000 - 0x00007ff7796fe000 	c:\Users\Saurabh Srivastav\.vscode\extensions\redhat.java-1.45.0-win32-x64\jre\21.0.8-win32-x86_64\bin\java.exe
0x00007ff9bd760000 - 0x00007ff9bd9c9000 	C:\WINDOWS\SYSTEM32\ntdll.dll
0x00007ff9bc4b0000 - 0x00007ff9bc579000 	C:\WINDOWS\System32\KERNEL32.DLL
0x00007ff9baff0000 - 0x00007ff9bb3e3000 	C:\WINDOWS\System32\KERNELBASE.dll
0x00007ff9bab30000 - 0x00007ff9bac7b000 	C:\WINDOWS\System32\ucrtbase.dll
0x00007ff9b3990000 - 0x00007ff9b39a8000 	c:\Users\Saurabh Srivastav\.vscode\extensions\redhat.java-1.45.0-win32-x64\jre\21.0.8-win32-x86_64\bin\jli.dll
0x00007ff9b38e0000 - 0x00007ff9b38fe000 	c:\Users\Saurabh Srivastav\.vscode\extensions\redhat.java-1.45.0-win32-x64\jre\21.0.8-win32-x86_64\bin\VCRUNTIME140.dll
0x00007ff9a15e0000 - 0x00007ff9a1873000 	C:\WINDOWS\WinSxS\amd64_microsoft.windows.common-controls_6595b64144ccf1df_6.0.26100.5074_none_3e0d6f78e32fd63f\COMCTL32.dll
0x00007ff9bce00000 - 0x00007ff9bcea9000 	C:\WINDOWS\System32\msvcrt.dll
0x00007ff9bbdd0000 - 0x00007ff9bbdfb000 	C:\WINDOWS\System32\GDI32.dll
0x00007ff9bac80000 - 0x00007ff9baca7000 	C:\WINDOWS\System32\win32u.dll
0x00007ff9baec0000 - 0x00007ff9bafed000 	C:\WINDOWS\System32\gdi32full.dll
0x00007ff9bb480000 - 0x00007ff9bb523000 	C:\WINDOWS\System32\msvcp_win.dll
0x00007ff9bc2e0000 - 0x00007ff9bc4a4000 	C:\WINDOWS\System32\USER32.dll
0x00007ff9bbe00000 - 0x00007ff9bbe2f000 	C:\WINDOWS\System32\IMM32.DLL
0x00007ff9b5540000 - 0x00007ff9b554c000 	c:\Users\Saurabh Srivastav\.vscode\extensions\redhat.java-1.45.0-win32-x64\jre\21.0.8-win32-x86_64\bin\vcruntime140_1.dll
0x00007ff99fe60000 - 0x00007ff99feed000 	c:\Users\Saurabh Srivastav\.vscode\extensions\redhat.java-1.45.0-win32-x64\jre\21.0.8-win32-x86_64\bin\msvcp140.dll
0x00007ff94a690000 - 0x00007ff94b427000 	c:\Users\Saurabh Srivastav\.vscode\extensions\redhat.java-1.45.0-win32-x64\jre\21.0.8-win32-x86_64\bin\server\jvm.dll
0x00007ff9bcd20000 - 0x00007ff9bcdd4000 	C:\WINDOWS\System32\ADVAPI32.dll
0x00007ff9bd600000 - 0x00007ff9bd6a6000 	C:\WINDOWS\System32\sechost.dll
0x00007ff9bca60000 - 0x00007ff9bcb78000 	C:\WINDOWS\System32\RPCRT4.dll
0x00007ff9bc660000 - 0x00007ff9bc6d4000 	C:\WINDOWS\System32\WS2_32.dll
0x00007ff9ba750000 - 0x00007ff9ba7ae000 	C:\WINDOWS\SYSTEM32\POWRPROF.dll
0x00007ff9a7da0000 - 0x00007ff9a7dd5000 	C:\WINDOWS\SYSTEM32\WINMM.dll
0x00007ff9b1280000 - 0x00007ff9b128b000 	C:\WINDOWS\SYSTEM32\VERSION.dll
0x00007ff9ba730000 - 0x00007ff9ba744000 	C:\WINDOWS\SYSTEM32\UMPDC.dll
0x00007ff9b96d0000 - 0x00007ff9b96eb000 	C:\WINDOWS\SYSTEM32\kernel.appcore.dll
0x00007ff9ac180000 - 0x00007ff9ac18a000 	c:\Users\Saurabh Srivastav\.vscode\extensions\redhat.java-1.45.0-win32-x64\jre\21.0.8-win32-x86_64\bin\jimage.dll
0x00007ff9b8040000 - 0x00007ff9b8282000 	C:\WINDOWS\SYSTEM32\DBGHELP.DLL
0x00007ff9bc6e0000 - 0x00007ff9bca5b000 	C:\WINDOWS\System32\combase.dll
0x00007ff9bcc10000 - 0x00007ff9bcce7000 	C:\WINDOWS\System32\OLEAUT32.dll
0x00007ff998420000 - 0x00007ff99845d000 	C:\WINDOWS\SYSTEM32\dbgcore.DLL
0x00007ff9bacb0000 - 0x00007ff9bad49000 	C:\WINDOWS\System32\bcryptPrimitives.dll
0x00007ff9ac130000 - 0x00007ff9ac13f000 	c:\Users\Saurabh Srivastav\.vscode\extensions\redhat.java-1.45.0-win32-x64\jre\21.0.8-win32-x86_64\bin\instrument.dll
0x00007ff9ac0c0000 - 0x00007ff9ac0df000 	c:\Users\Saurabh Srivastav\.vscode\extensions\redhat.java-1.45.0-win32-x64\jre\21.0.8-win32-x86_64\bin\java.dll
0x00007ff9bceb0000 - 0x00007ff9bd5fd000 	C:\WINDOWS\System32\SHELL32.dll
0x00007ff9bad50000 - 0x00007ff9baebc000 	C:\WINDOWS\System32\wintypes.dll
0x00007ff9b8540000 - 0x00007ff9b8d99000 	C:\WINDOWS\SYSTEM32\windows.storage.dll
0x00007ff9bbfa0000 - 0x00007ff9bc090000 	C:\WINDOWS\System32\SHCORE.dll
0x00007ff9bd6b0000 - 0x00007ff9bd712000 	C:\WINDOWS\System32\shlwapi.dll
0x00007ff9ba810000 - 0x00007ff9ba839000 	C:\WINDOWS\SYSTEM32\profapi.dll
0x00007ff9ac030000 - 0x00007ff9ac048000 	c:\Users\Saurabh Srivastav\.vscode\extensions\redhat.java-1.45.0-win32-x64\jre\21.0.8-win32-x86_64\bin\zip.dll
0x00007ff9ac120000 - 0x00007ff9ac130000 	C:\Users\Saurabh Srivastav\.vscode\extensions\redhat.java-1.45.0-win32-x64\jre\21.0.8-win32-x86_64\bin\net.dll
0x00007ff9b0ba0000 - 0x00007ff9b0cbf000 	C:\WINDOWS\SYSTEM32\WINHTTP.dll
0x00007ff9b9c50000 - 0x00007ff9b9cbb000 	C:\WINDOWS\system32\mswsock.dll
0x00007ff9ac100000 - 0x00007ff9ac116000 	C:\Users\Saurabh Srivastav\.vscode\extensions\redhat.java-1.45.0-win32-x64\jre\21.0.8-win32-x86_64\bin\nio.dll
0x00007ff9ac1b0000 - 0x00007ff9ac1c0000 	c:\Users\Saurabh Srivastav\.vscode\extensions\redhat.java-1.45.0-win32-x64\jre\21.0.8-win32-x86_64\bin\verify.dll
0x00007ff999d50000 - 0x00007ff999d94000 	C:\Users\Saurabh Srivastav\AppData\Roaming\Code\User\globalStorage\redhat.java\1.45.0\config_win\org.eclipse.equinox.launcher\org.eclipse.equinox.launcher.win32.win32.x86_64_1.2.1400.v20250801-0854\eclipse_11916.dll
0x00007ff9bc0b0000 - 0x00007ff9bc248000 	C:\WINDOWS\System32\ole32.dll
0x00007ff9ac1f0000 - 0x00007ff9ac1fa000 	C:\Users\Saurabh Srivastav\.vscode\extensions\redhat.java-1.45.0-win32-x64\jre\21.0.8-win32-x86_64\bin\management.dll
0x00007ff9ac1e0000 - 0x00007ff9ac1eb000 	C:\Users\Saurabh Srivastav\.vscode\extensions\redhat.java-1.45.0-win32-x64\jre\21.0.8-win32-x86_64\bin\management_ext.dll
0x00007ff9bb530000 - 0x00007ff9bb538000 	C:\WINDOWS\System32\PSAPI.DLL
0x00007ff9b9f00000 - 0x00007ff9b9f1b000 	C:\WINDOWS\SYSTEM32\CRYPTSP.dll
0x00007ff9b9610000 - 0x00007ff9b964b000 	C:\WINDOWS\system32\rsaenh.dll
0x00007ff9b9cf0000 - 0x00007ff9b9d1b000 	C:\WINDOWS\SYSTEM32\USERENV.dll
0x00007ff9ba7e0000 - 0x00007ff9ba806000 	C:\WINDOWS\SYSTEM32\bcrypt.dll
0x00007ff9b9ef0000 - 0x00007ff9b9efc000 	C:\WINDOWS\SYSTEM32\CRYPTBASE.dll
0x00007ff9b90f0000 - 0x00007ff9b9124000 	C:\WINDOWS\SYSTEM32\IPHLPAPI.DLL
0x00007ff9bcb80000 - 0x00007ff9bcb8a000 	C:\WINDOWS\System32\NSI.dll
0x00007ff999bb0000 - 0x00007ff999bf9000 	C:\Users\Saurabh Srivastav\AppData\Local\Temp\jna-1928198567\jna3598064277599869901.dll
0x00007ff9b2990000 - 0x00007ff9b29ae000 	C:\WINDOWS\SYSTEM32\dhcpcsvc6.DLL
0x00007ff9b13b0000 - 0x00007ff9b13d3000 	C:\WINDOWS\SYSTEM32\dhcpcsvc.DLL
0x00007ff9ac1d0000 - 0x00007ff9ac1de000 	C:\Users\Saurabh Srivastav\.vscode\extensions\redhat.java-1.45.0-win32-x64\jre\21.0.8-win32-x86_64\bin\sunmscapi.dll
0x00007ff9ba9b0000 - 0x00007ff9bab27000 	C:\WINDOWS\System32\CRYPT32.dll
0x00007ff9ba110000 - 0x00007ff9ba140000 	C:\WINDOWS\SYSTEM32\ncrypt.dll
0x00007ff9ba0c0000 - 0x00007ff9ba0ff000 	C:\WINDOWS\SYSTEM32\NTASN1.dll

JVMTI agents:
c:\Users\Saurabh Srivastav\.vscode\extensions\redhat.java-1.45.0-win32-x64\lombok\lombok-1.18.39-4050.jar path:c:\Users\Saurabh Srivastav\.vscode\extensions\redhat.java-1.45.0-win32-x64\jre\21.0.8-win32-x86_64\bin\instrument.dll, loaded, initialized, instrumentlib options:none

dbghelp: loaded successfully - version: 4.0.5 - missing functions: none
symbol engine: initialized successfully - sym options: 0x614 - pdb path: .;c:\Users\Saurabh Srivastav\.vscode\extensions\redhat.java-1.45.0-win32-x64\jre\21.0.8-win32-x86_64\bin;C:\WINDOWS\SYSTEM32;C:\WINDOWS\WinSxS\amd64_microsoft.windows.common-controls_6595b64144ccf1df_6.0.26100.5074_none_3e0d6f78e32fd63f;c:\Users\Saurabh Srivastav\.vscode\extensions\redhat.java-1.45.0-win32-x64\jre\21.0.8-win32-x86_64\bin\server;C:\Users\Saurabh Srivastav\AppData\Roaming\Code\User\globalStorage\redhat.java\1.45.0\config_win\org.eclipse.equinox.launcher\org.eclipse.equinox.launcher.win32.win32.x86_64_1.2.1400.v20250801-0854;C:\Users\Saurabh Srivastav\AppData\Local\Temp\jna-1928198567

VM Arguments:
jvm_args: --add-modules=ALL-SYSTEM --add-opens=java.base/java.util=ALL-UNNAMED --add-opens=java.base/java.lang=ALL-UNNAMED --add-opens=java.base/sun.nio.fs=ALL-UNNAMED -Declipse.application=org.eclipse.jdt.ls.core.id1 -Dosgi.bundles.defaultStartLevel=4 -Declipse.product=org.eclipse.jdt.ls.core.product -Djava.import.generatesMetadataFilesAtProjectRoot=false -DDetectVMInstallationsJob.disabled=true -Dfile.encoding=utf8 -XX:+UseParallelGC -XX:GCTimeRatio=4 -XX:AdaptiveSizePolicyWeight=90 -Dsun.zip.disableMemoryMapping=true -Xmx2G -Xms100m -Xlog:disable -javaagent:c:\Users\Saurabh Srivastav\.vscode\extensions\redhat.java-1.45.0-win32-x64\lombok\lombok-1.18.39-4050.jar -XX:+HeapDumpOnOutOfMemoryError -XX:HeapDumpPath=c:\Users\Saurabh Srivastav\AppData\Roaming\Code\User\workspaceStorage\17dfe8dcec327ca22c02d003be7f3dce\redhat.java -Daether.dependencyCollector.impl=bf 
java_command: c:\Users\Saurabh Srivastav\.vscode\extensions\redhat.java-1.45.0-win32-x64\server\plugins\org.eclipse.equinox.launcher_1.7.0.v20250519-0528.jar -configuration c:\Users\Saurabh Srivastav\AppData\Roaming\Code\User\globalStorage\redhat.java\1.45.0\config_win -data c:\Users\Saurabh Srivastav\AppData\Roaming\Code\User\workspaceStorage\17dfe8dcec327ca22c02d003be7f3dce\redhat.java\jdt_ws --pipe=\\.\pipe\lsp-d00a1f9793b5b44fbb77a96aa6893fb7-sock
java_class_path (initial): c:\Users\Saurabh Srivastav\.vscode\extensions\redhat.java-1.45.0-win32-x64\server\plugins\org.eclipse.equinox.launcher_1.7.0.v20250519-0528.jar
Launcher Type: SUN_STANDARD

[Global flags]
    uintx AdaptiveSizePolicyWeight                 = 90                                        {product} {command line}
     intx CICompilerCount                          = 4                                         {product} {ergonomic}
    uintx GCTimeRatio                              = 4                                         {product} {command line}
     bool HeapDumpOnOutOfMemoryError               = true                                   {manageable} {command line}
    ccstr HeapDumpPath                             = c:\Users\Saurabh Srivastav\AppData\Roaming\Code\User\workspaceStorage\17dfe8dcec327ca22c02d003be7f3dce\redhat.java         {manageable} {command line}
   size_t InitialHeapSize                          = 104857600                                 {product} {command line}
   size_t MaxHeapSize                              = 2147483648                                {product} {command line}
   size_t MaxNewSize                               = 715653120                                 {product} {ergonomic}
   size_t MinHeapDeltaBytes                        = 524288                                    {product} {ergonomic}
   size_t MinHeapSize                              = 104857600                                 {product} {command line}
   size_t NewSize                                  = 34603008                                  {product} {ergonomic}
    uintx NonNMethodCodeHeapSize                   = 5839372                                {pd product} {ergonomic}
    uintx NonProfiledCodeHeapSize                  = 122909434                              {pd product} {ergonomic}
   size_t OldSize                                  = 70254592                                  {product} {ergonomic}
    uintx ProfiledCodeHeapSize                     = 122909434                              {pd product} {ergonomic}
    uintx ReservedCodeCacheSize                    = 251658240                              {pd product} {ergonomic}
     bool SegmentedCodeCache                       = true                                      {product} {ergonomic}
   size_t SoftMaxHeapSize                          = 2147483648                             {manageable} {ergonomic}
     bool UseCompressedOops                        = true                           {product lp64_product} {ergonomic}
     bool UseLargePagesIndividualAllocation        = false                                  {pd product} {ergonomic}
     bool UseParallelGC                            = true                                      {product} {command line}

Logging:
Log output configuration:
 #0: stdout all=off uptime,level,tags foldmultilines=false
 #1: stderr all=off uptime,level,tags foldmultilines=false

Environment Variables:
PATH=C:\Python313\Scripts\;C:\Python313\;C:\Program Files\Common Files\Oracle\Java\javapath;C:\Windows\system32;C:\Windows;C:\Windows\System32\Wbem;C:\Windows\System32\WindowsPowerShell\v1.0\;C:\Windows\System32\OpenSSH\;C:\Program Files (x86)\NVIDIA Corporation\PhysX\Common;C:\Program Files\NVIDIA Corporation\NVIDIA NvDLISR;C:\WINDOWS\system32;C:\WINDOWS;C:\WINDOWS\System32\Wbem;C:\WINDOWS\System32\WindowsPowerShell\v1.0\;C:\WINDOWS\System32\OpenSSH\;C:\MinGW\bin;C:\Program Files\Git\cmd;C:\Program Files\Git\mingw64\bin;C:\Program Files\Git\usr\bin;C:\Program Files\dotnet\;C:\ProgramData\chocolatey\bin;C:\Program Files\Java\jdk-17\bin;C:\Program Files\PostgreSQL\17\bin;C:\maven\apache-maven-3.9.9\bin;C:\Program Files\nodejs\;C:\Program Files\MongoDB\Server\8.0\bin;C:\Stripe;;C:\Program Files\Docker\Docker\resources\bin;C:\Users\Saurabh Srivastav\scoop\shims;C:\Users\Saurabh Srivastav\AppData\Local\Microsoft\WindowsApps;C:\Users\Saurabh Srivastav\AppData\Local\Programs\Microsoft VS Code\bin;C:\Program Files\JetBrains\IntelliJ IDEA Community Edition 2024.2.3\bin;;C:\Users\Saurabh Srivastav\AppData\Local\Programs\mongosh\;C:\Program Files\JetBrains\IntelliJ IDEA 2024.2.4\bin;;C:\Users\Saurabh Srivastav\AppData\Roaming\npm;C:\Program Files\MongoDB\Server\8.0\bin;C:\Users\Saurabh Srivastav\AppData\Roaming\Python\Python313\Scripts;
USERNAME=Saurabh Srivastav
OS=Windows_NT
PROCESSOR_IDENTIFIER=Intel64 Family 6 Model 165 Stepping 2, GenuineIntel
TMP=C:\Users\SAURAB~1\AppData\Local\Temp
TEMP=C:\Users\SAURAB~1\AppData\Local\Temp




Periodic native trim disabled

---------------  S Y S T E M  ---------------

OS:
 Windows 11 , 64 bit Build 26100 (10.0.26100.5074)
OS uptime: 0 days 0:59 hours
Hyper-V role detected

CPU: total 8 (initial active 8) (4 cores per cpu, 2 threads per core) family 6 model 165 stepping 2 microcode 0xe0, cx8, cmov, fxsr, ht, mmx, 3dnowpref, sse, sse2, sse3, ssse3, sse4.1, sse4.2, popcnt, lzcnt, tsc, tscinvbit, avx, avx2, aes, erms, clmul, bmi1, bmi2, adx, fma, vzeroupper, clflush, clflushopt, hv, rdtscp, f16c
Processor Information for the first 8 processors :
  Max Mhz: 2496, Current Mhz: 2496, Mhz Limit: 2496

Memory: 4k page, system-wide physical 16221M (3798M free)
TotalPageFile size 16221M (AvailPageFile size 5M)
current process WorkingSet (physical memory assigned to process): 175M, peak: 175M
current process commit charge ("private bytes"): 299M, peak: 300M

vm_info: OpenJDK 64-Bit Server VM (21.0.8+9-LTS) for windows-amd64 JRE (21.0.8+9-LTS), built on 2025-07-15T00:00:00Z by "admin" with MS VC++ 17.7 (VS2022)

END.
