#
# There is insufficient memory for the Java Runtime Environment to continue.
# Native memory allocation (mmap) failed to map 266338304 bytes for G1 virtual space
# Possible reasons:
#   The system is out of physical RAM or swap space
#   The process is running with CompressedOops enabled, and the Java Heap may be blocking the growth of the native heap
# Possible solutions:
#   Reduce memory load on the system
#   Increase physical memory or swap space
#   Check if swap backing store is full
#   Decrease Java heap size (-Xmx/-Xms)
#   Decrease number of Java threads
#   Decrease Java thread stack sizes (-Xss)
#   Set larger code cache with -XX:ReservedCodeCacheSize=
#   JVM is running with Zero Based Compressed Oops mode in which the Java heap is
#     placed in the first 32GB address space. The Java Heap base address is the
#     maximum limit for the native heap growth. Please use -XX:HeapBaseMinAddress
#     to set the Java Heap base and to place the Java Heap above 32GB virtual address.
# This output file may be truncated or incomplete.
#
#  Out of Memory Error (os_windows.cpp:3548), pid=24772, tid=19572
#
# JRE version:  (17.0.12+8) (build )
# Java VM: Java HotSpot(TM) 64-Bit Server VM (17.0.12+8-LTS-286, mixed mode, emulated-client, sharing, tiered, compressed oops, compressed class ptrs, g1 gc, windows-amd64)
# No core dump will be written. Minidumps are not enabled by default on client versions of Windows
#

---------------  S U M M A R Y ------------

Command Line: -agentlib:jdwp=transport=dt_socket,address=127.0.0.1:61800,suspend=y,server=n -javaagent:C:\Users\SAURAB~1\AppData\Local\Temp\captureAgent206062jars\debugger-agent.jar=file:///C:/Users/SAURAB~1/AppData/Local/Temp/capture18134705197164539107.props -agentpath:C:\Users\SAURAB~1\AppData\Local\Temp\idea_libasyncProfiler_dll_temp_folder18098\libasyncProfiler.dll=version,jfr,event=wall,interval=10ms,cstack=no,file=C:\Users\Saurabh Srivastav\IdeaSnapshots\MailCraftApplication_2025_09_08_154215.jfr,dbghelppath=C:\Users\SAURAB~1\AppData\Local\Temp\idea_dbghelp_dll_temp_folder7\dbghelp.dll,log=C:\Users\SAURAB~1\AppData\Local\Temp\MailCraftApplication_2025_09_08_154215.jfr.log.txt,logLevel=DEBUG -XX:TieredStopAtLevel=1 -Dspring.output.ansi.enabled=always -Dcom.sun.management.jmxremote -Dspring.jmx.enabled=true -Dspring.liveBeansView.mbeanDomain -Dspring.application.admin.enabled=true -Dmanagement.endpoints.jmx.exposure.include=* -Dkotlinx.coroutines.debug.enable.creation.stack.trace=false -Ddebugger.agent.enable.coroutines=true -Dkotlinx.coroutines.debug.enable.flows.stack.trace=true -Dkotlinx.coroutines.debug.enable.mutable.state.flows.stack.trace=true -Dfile.encoding=UTF-8 com.mail.mailCraft.MailCraftApplication

Host: Intel(R) Core(TM) i5-10300H CPU @ 2.50GHz, 8 cores, 15G,  Windows 11 , 64 bit Build 26100 (10.0.26100.5074)
Time: Mon Sep  8 15:42:17 2025 India Standard Time elapsed time: 0.558229 seconds (0d 0h 0m 0s)

---------------  T H R E A D  ---------------

Current thread (0x0000020bf6cbb600):  JavaThread "Unknown thread" [_thread_in_vm, id=19572, stack(0x00000017b4500000,0x00000017b4600000)]

Stack: [0x00000017b4500000,0x00000017b4600000]
Native frames: (J=compiled Java code, j=interpreted, Vv=VM code, C=native code)
V  [jvm.dll+0x67a04a]
V  [jvm.dll+0x7da4ed]
V  [jvm.dll+0x7dbe33]
V  [jvm.dll+0x7dc4a3]
V  [jvm.dll+0x24508f]
V  [jvm.dll+0x677089]
V  [jvm.dll+0x66bd32]
V  [jvm.dll+0x301fa6]
V  [jvm.dll+0x309546]
V  [jvm.dll+0x359d2e]
V  [jvm.dll+0x359f5f]
V  [jvm.dll+0x2d9078]
V  [jvm.dll+0x2d9fe4]
V  [jvm.dll+0x7aca21]
V  [jvm.dll+0x367591]
V  [jvm.dll+0x78b999]
V  [jvm.dll+0x3ec83f]
V  [jvm.dll+0x3ee471]
C  [jli.dll+0x5297]
C  [ucrtbase.dll+0x37b0]
C  [KERNEL32.DLL+0x2e8d7]
C  [ntdll.dll+0x8d9c]


---------------  P R O C E S S  ---------------

Threads class SMR info:
_java_thread_list=0x00007ffd78ae7a18, length=0, elements={
}

Java Threads: ( => current thread )

Other Threads:
  0x0000020bf6d30630 GCTaskThread "GC Thread#0" [stack: 0x00000017b4600000,0x00000017b4700000] [id=6704]
  0x0000020bf6d41210 ConcurrentGCThread "G1 Main Marker" [stack: 0x00000017b4700000,0x00000017b4800000] [id=24304]
  0x0000020bf6d41b30 ConcurrentGCThread "G1 Conc#0" [stack: 0x00000017b4800000,0x00000017b4900000] [id=3388]

[error occurred during error reporting (printing all threads), id 0xc0000005, EXCEPTION_ACCESS_VIOLATION (0xc0000005) at pc=0x00007ffd78319b67]

VM state: not at safepoint (not fully initialized)

VM Mutex/Monitor currently owned by a thread:  ([mutex/lock_event])
[0x0000020bf6cb5980] Heap_lock - owner thread: 0x0000020bf6cbb600

Heap address: 0x0000000702800000, size: 4056 MB, Compressed Oops mode: Zero based, Oop shift amount: 3

CDS archive(s) mapped at: [0x0000000000000000-0x0000000000000000-0x0000000000000000), size 0, SharedBaseAddress: 0x0000000800000000, ArchiveRelocationMode: 1.
Narrow klass base: 0x0000000000000000, Narrow klass shift: 0, Narrow klass range: 0x0

GC Precious Log:
<Empty>

Heap:
 garbage-first heap   total 0K, used 0K [0x0000000702800000, 0x0000000800000000)
  region size 2048K, 0 young (0K), 0 survivors (0K)

[error occurred during error reporting (printing heap information), id 0xc0000005, EXCEPTION_ACCESS_VIOLATION (0xc0000005) at pc=0x00007ffd78703859]

GC Heap History (0 events):
No events

Deoptimization events (0 events):
No events

Classes unloaded (0 events):
No events

Classes redefined (0 events):
No events

Internal exceptions (0 events):
No events

VM Operations (0 events):
No events

Events (2 events):
Event: 0.030 Loaded shared library C:\Program Files\Java\jdk-17\bin\java.dll
Event: 0.032 Loaded shared library C:\Program Files\Java\jdk-17\bin\zip.dll


Dynamic libraries:
0x00007ff796a20000 - 0x00007ff796a30000 	C:\Program Files\Java\jdk-17\bin\java.exe
0x00007ffdf3ec0000 - 0x00007ffdf4129000 	C:\WINDOWS\SYSTEM32\ntdll.dll
0x00007ffdf2a70000 - 0x00007ffdf2b39000 	C:\WINDOWS\System32\KERNEL32.DLL
0x00007ffdf15e0000 - 0x00007ffdf19d3000 	C:\WINDOWS\System32\KERNELBASE.dll
0x00007ffdf1b40000 - 0x00007ffdf1c8b000 	C:\WINDOWS\System32\ucrtbase.dll
0x00007ffdd93b0000 - 0x00007ffdd93cb000 	C:\Program Files\Java\jdk-17\bin\VCRUNTIME140.dll
0x00007ffde9930000 - 0x00007ffde9949000 	C:\Program Files\Java\jdk-17\bin\jli.dll
0x00007ffdf3680000 - 0x00007ffdf3734000 	C:\WINDOWS\System32\ADVAPI32.dll
0x00007ffdf2190000 - 0x00007ffdf2239000 	C:\WINDOWS\System32\msvcrt.dll
0x00007ffdf23e0000 - 0x00007ffdf2486000 	C:\WINDOWS\System32\sechost.dll
0x00007ffdf3980000 - 0x00007ffdf3a98000 	C:\WINDOWS\System32\RPCRT4.dll
0x00007ffdf2b40000 - 0x00007ffdf2d04000 	C:\WINDOWS\System32\USER32.dll
0x00007ffdf1260000 - 0x00007ffdf1287000 	C:\WINDOWS\System32\win32u.dll
0x00007ffdf2a40000 - 0x00007ffdf2a6b000 	C:\WINDOWS\System32\GDI32.dll
0x00007ffdf14b0000 - 0x00007ffdf15dd000 	C:\WINDOWS\System32\gdi32full.dll
0x00007ffdf1290000 - 0x00007ffdf1333000 	C:\WINDOWS\System32\msvcp_win.dll
0x00007ffdd7f90000 - 0x00007ffdd8223000 	C:\WINDOWS\WinSxS\amd64_microsoft.windows.common-controls_6595b64144ccf1df_6.0.26100.5074_none_3e0d6f78e32fd63f\COMCTL32.dll
0x00007ffde3180000 - 0x00007ffde318b000 	C:\WINDOWS\SYSTEM32\VERSION.dll
0x00007ffdf2ef0000 - 0x00007ffdf2f1f000 	C:\WINDOWS\System32\IMM32.DLL
0x00007ffde10a0000 - 0x00007ffde10ac000 	C:\Program Files\Java\jdk-17\bin\vcruntime140_1.dll
0x00007ffdbcdf0000 - 0x00007ffdbce7e000 	C:\Program Files\Java\jdk-17\bin\msvcp140.dll
0x00007ffd78030000 - 0x00007ffd78c10000 	C:\Program Files\Java\jdk-17\bin\server\jvm.dll
0x00007ffdf2180000 - 0x00007ffdf2188000 	C:\WINDOWS\System32\PSAPI.DLL
0x00007ffdd0420000 - 0x00007ffdd042a000 	C:\WINDOWS\SYSTEM32\WSOCK32.dll
0x00007ffdf1e20000 - 0x00007ffdf1e94000 	C:\WINDOWS\System32\WS2_32.dll
0x00007ffddc480000 - 0x00007ffddc4b5000 	C:\WINDOWS\SYSTEM32\WINMM.dll
0x00007ffdefe10000 - 0x00007ffdefe2b000 	C:\WINDOWS\SYSTEM32\kernel.appcore.dll
0x00007ffdd91e0000 - 0x00007ffdd91ea000 	C:\Program Files\Java\jdk-17\bin\jimage.dll
0x00007ffdee950000 - 0x00007ffdeeb92000 	C:\WINDOWS\SYSTEM32\DBGHELP.DLL
0x00007ffdf3aa0000 - 0x00007ffdf3e1b000 	C:\WINDOWS\System32\combase.dll
0x00007ffdf1ca0000 - 0x00007ffdf1d77000 	C:\WINDOWS\System32\OLEAUT32.dll
0x00007ffdd2dd0000 - 0x00007ffdd2e0d000 	C:\WINDOWS\SYSTEM32\dbgcore.DLL
0x00007ffdf1aa0000 - 0x00007ffdf1b39000 	C:\WINDOWS\System32\bcryptPrimitives.dll
0x00007ffdd60f0000 - 0x00007ffdd612b000 	C:\Program Files\Java\jdk-17\bin\jdwp.dll
0x00007ffdec100000 - 0x00007ffdec10e000 	C:\Program Files\Java\jdk-17\bin\instrument.dll
0x00007ffdd4850000 - 0x00007ffdd4875000 	C:\Program Files\Java\jdk-17\bin\java.dll
0x00007ffdb7c60000 - 0x00007ffdb7e71000 	C:\Users\SAURAB~1\AppData\Local\Temp\idea_libasyncProfiler_dll_temp_folder18098\libasyncProfiler.dll
0x00007ffdd6290000 - 0x00007ffdd62a8000 	C:\Program Files\Java\jdk-17\bin\zip.dll

dbghelp: loaded successfully - version: 4.0.5 - missing functions: none
symbol engine: initialized successfully - sym options: 0x614 - pdb path: .;C:\Program Files\Java\jdk-17\bin;C:\WINDOWS\SYSTEM32;C:\WINDOWS\WinSxS\amd64_microsoft.windows.common-controls_6595b64144ccf1df_6.0.26100.5074_none_3e0d6f78e32fd63f;C:\Program Files\Java\jdk-17\bin\server;C:\Users\SAURAB~1\AppData\Local\Temp\idea_libasyncProfiler_dll_temp_folder18098

VM Arguments:
jvm_args: -agentlib:jdwp=transport=dt_socket,address=127.0.0.1:61800,suspend=y,server=n -javaagent:C:\Users\SAURAB~1\AppData\Local\Temp\captureAgent206062jars\debugger-agent.jar=file:///C:/Users/SAURAB~1/AppData/Local/Temp/capture18134705197164539107.props -agentpath:C:\Users\SAURAB~1\AppData\Local\Temp\idea_libasyncProfiler_dll_temp_folder18098\libasyncProfiler.dll=version,jfr,event=wall,interval=10ms,cstack=no,file=C:\Users\Saurabh Srivastav\IdeaSnapshots\MailCraftApplication_2025_09_08_154215.jfr,dbghelppath=C:\Users\SAURAB~1\AppData\Local\Temp\idea_dbghelp_dll_temp_folder7\dbghelp.dll,log=C:\Users\SAURAB~1\AppData\Local\Temp\MailCraftApplication_2025_09_08_154215.jfr.log.txt,logLevel=DEBUG -XX:TieredStopAtLevel=1 -Dspring.output.ansi.enabled=always -Dcom.sun.management.jmxremote -Dspring.jmx.enabled=true -Dspring.liveBeansView.mbeanDomain -Dspring.application.admin.enabled=true -Dmanagement.endpoints.jmx.exposure.include=* -Dkotlinx.coroutines.debug.enable.creation.stack.trace=false -Ddebugger.agent.enable.coroutines=true -Dkotlinx.coroutines.debug.enable.flows.stack.trace=true -Dkotlinx.coroutines.debug.enable.mutable.state.flows.stack.trace=true -Dfile.encoding=UTF-8 
java_command: com.mail.mailCraft.MailCraftApplication
java_class_path (initial): C:\MailCraftAI\target\classes;C:\Users\Saurabh Srivastav\.m2\repository\org\springframework\boot\spring-boot-starter-web\3.5.5\spring-boot-starter-web-3.5.5.jar;C:\Users\Saurabh Srivastav\.m2\repository\org\springframework\boot\spring-boot-starter\3.5.5\spring-boot-starter-3.5.5.jar;C:\Users\Saurabh Srivastav\.m2\repository\org\springframework\boot\spring-boot-starter-logging\3.5.5\spring-boot-starter-logging-3.5.5.jar;C:\Users\Saurabh Srivastav\.m2\repository\ch\qos\logback\logback-classic\1.5.18\logback-classic-1.5.18.jar;C:\Users\Saurabh Srivastav\.m2\repository\ch\qos\logback\logback-core\1.5.18\logback-core-1.5.18.jar;C:\Users\Saurabh Srivastav\.m2\repository\org\apache\logging\log4j\log4j-to-slf4j\2.24.3\log4j-to-slf4j-2.24.3.jar;C:\Users\Saurabh Srivastav\.m2\repository\org\apache\logging\log4j\log4j-api\2.24.3\log4j-api-2.24.3.jar;C:\Users\Saurabh Srivastav\.m2\repository\org\slf4j\jul-to-slf4j\2.0.17\jul-to-slf4j-2.0.17.jar;C:\Users\Saurabh Srivastav\.m2\repository\jakarta\annotation\jakarta.annotation-api\2.1.1\jakarta.annotation-api-2.1.1.jar;C:\Users\Saurabh Srivastav\.m2\repository\org\yaml\snakeyaml\2.4\snakeyaml-2.4.jar;C:\Users\Saurabh Srivastav\.m2\repository\org\springframework\boot\spring-boot-starter-json\3.5.5\spring-boot-starter-json-3.5.5.jar;C:\Users\Saurabh Srivastav\.m2\repository\com\fasterxml\jackson\core\jackson-databind\2.19.2\jackson-databind-2.19.2.jar;C:\Users\Saurabh Srivastav\.m2\repository\com\fasterxml\jackson\core\jackson-annotations\2.19.2\jackson-annotations-2.19.2.jar;C:\Users\Saurabh Srivastav\.m2\repository\com\fasterxml\jackson\core\jackson-core\2.19.2\jackson-core-2.19.2.jar;C:\Users\Saurabh Srivastav\.m2\repository\com\fasterxml\jackson\datatype\jackson-datatype-jdk8\2.19.2\jackson-datatype-jdk8-2.19.2.jar;C:\Users\Saurabh Srivastav\.m2\repository\com\fasterxml\jackson\datatype\jackson-datatype-jsr310\2.19.2\jackson-datatype-jsr310-2.19.2.jar;C:\Users\Saurabh Srivastav\.m2\repository\com\fast
Launcher Type: SUN_STANDARD

[Global flags]
     intx CICompilerCount                          = 4                                         {product} {ergonomic}
     uint ConcGCThreads                            = 2                                         {product} {ergonomic}
     uint G1ConcRefinementThreads                  = 8                                         {product} {ergonomic}
   size_t G1HeapRegionSize                         = 2097152                                   {product} {ergonomic}
    uintx GCDrainStackTargetSize                   = 64                                        {product} {ergonomic}
   size_t InitialHeapSize                          = 266338304                                 {product} {ergonomic}
     bool ManagementServer                         = true                                      {product} {command line}
   size_t MarkStackSize                            = 4194304                                   {product} {ergonomic}
   size_t MaxHeapSize                              = 4253024256                                {product} {ergonomic}
   size_t MinHeapDeltaBytes                        = 2097152                                   {product} {ergonomic}
   size_t MinHeapSize                              = 8388608                                   {product} {ergonomic}
    uintx NonProfiledCodeHeapSize                  = 0                                      {pd product} {ergonomic}
     bool ProfileInterpreter                       = false                                  {pd product} {command line}
    uintx ProfiledCodeHeapSize                     = 0                                      {pd product} {ergonomic}
   size_t SoftMaxHeapSize                          = 4253024256                             {manageable} {ergonomic}
     intx TieredStopAtLevel                        = 1                                         {product} {command line}
     bool UseCompressedClassPointers               = true                           {product lp64_product} {ergonomic}
     bool UseCompressedOops                        = true                           {product lp64_product} {ergonomic}
     bool UseG1GC                                  = true                                      {product} {ergonomic}
     bool UseLargePagesIndividualAllocation        = false                                  {pd product} {ergonomic}

Logging:
Log output configuration:
 #0: stdout all=warning uptime,level,tags
 #1: stderr all=off uptime,level,tags

Environment Variables:
PATH=C:\Python313\Scripts\;C:\Python313\;C:\Program Files\Common Files\Oracle\Java\javapath;C:\Windows\system32;C:\Windows;C:\Windows\System32\Wbem;C:\Windows\System32\WindowsPowerShell\v1.0\;C:\Windows\System32\OpenSSH\;C:\Program Files (x86)\NVIDIA Corporation\PhysX\Common;C:\Program Files\NVIDIA Corporation\NVIDIA NvDLISR;C:\WINDOWS\system32;C:\WINDOWS;C:\WINDOWS\System32\Wbem;C:\WINDOWS\System32\WindowsPowerShell\v1.0\;C:\WINDOWS\System32\OpenSSH\;C:\MinGW\bin;C:\Program Files\Git\cmd;C:\Program Files\Git\mingw64\bin;C:\Program Files\Git\usr\bin;C:\Program Files\dotnet\;C:\ProgramData\chocolatey\bin;C:\Program Files\Java\jdk-17\bin;C:\Program Files\PostgreSQL\17\bin;C:\maven\apache-maven-3.9.9\bin;C:\Program Files\nodejs\;C:\Program Files\MongoDB\Server\8.0\bin;C:\Stripe;;C:\Program Files\Docker\Docker\resources\bin;C:\Users\Saurabh Srivastav\scoop\shims;C:\Users\Saurabh Srivastav\AppData\Local\Microsoft\WindowsApps;C:\Users\Saurabh Srivastav\AppData\Local\Programs\Microsoft VS Code\bin;C:\Program Files\JetBrains\IntelliJ IDEA Community Edition 2024.2.3\bin;;C:\Users\Saurabh Srivastav\AppData\Local\Programs\mongosh\;C:\Program Files\JetBrains\IntelliJ IDEA 2024.2.4\bin;;C:\Users\Saurabh Srivastav\AppData\Roaming\npm;C:\Program Files\MongoDB\Server\8.0\bin;C:\Users\Saurabh Srivastav\AppData\Roaming\Python\Python313\Scripts;
USERNAME=Saurabh Srivastav
OS=Windows_NT
PROCESSOR_IDENTIFIER=Intel64 Family 6 Model 165 Stepping 2, GenuineIntel



---------------  S Y S T E M  ---------------

OS:
 Windows 11 , 64 bit Build 26100 (10.0.26100.5074)
OS uptime: 0 days 1:22 hours
Hyper-V role detected

CPU: total 8 (initial active 8) (4 cores per cpu, 2 threads per core) family 6 model 165 stepping 2 microcode 0xe0, cx8, cmov, fxsr, ht, mmx, 3dnowpref, sse, sse2, sse3, ssse3, sse4.1, sse4.2, popcnt, lzcnt, tsc, tscinvbit, avx, avx2, aes, erms, clmul, bmi1, bmi2, adx, fma, vzeroupper, clflush, clflushopt, hv

Memory: 4k page, system-wide physical 16221M (3720M free)
TotalPageFile size 16221M (AvailPageFile size 256M)
current process WorkingSet (physical memory assigned to process): 14M, peak: 14M
current process commit charge ("private bytes"): 67M, peak: 321M

vm_info: Java HotSpot(TM) 64-Bit Server VM (17.0.12+8-LTS-286) for windows-amd64 JRE (17.0.12+8-LTS-286), built on Jun  5 2024 06:46:59 by "mach5one" with MS VC++ 17.6 (VS2022)

END.
