#
# There is insufficient memory for the Java Runtime Environment to continue.
# Native memory allocation (mmap) failed to map 65536 bytes for Failed to commit metaspace.
# Possible reasons:
#   The system is out of physical RAM or swap space
#   The process is running with CompressedOops enabled, and the Java Heap may be blocking the growth of the native heap
# Possible solutions:
#   Reduce memory load on the system
#   Increase physical memory or swap space
#   Check if swap backing store is full
#   Decrease Java heap size (-Xmx/-Xms)
#   Decrease number of Java threads
#   Decrease Java thread stack sizes (-Xss)
#   Set larger code cache with -XX:ReservedCodeCacheSize=
#   JVM is running with Zero Based Compressed Oops mode in which the Java heap is
#     placed in the first 32GB address space. The Java Heap base address is the
#     maximum limit for the native heap growth. Please use -XX:HeapBaseMinAddress
#     to set the Java Heap base and to place the Java Heap above 32GB virtual address.
# This output file may be truncated or incomplete.
#
#  Out of Memory Error (virtualSpaceNode.cpp:110), pid=17572, tid=18048
#
# JRE version: Java(TM) SE Runtime Environment (17.0.12+8) (build 17.0.12+8-LTS-286)
# Java VM: Java HotSpot(TM) 64-Bit Server VM (17.0.12+8-LTS-286, mixed mode, emulated-client, sharing, tiered, compressed oops, compressed class ptrs, g1 gc, windows-amd64)
# No core dump will be written. Minidumps are not enabled by default on client versions of Windows
#

---------------  S U M M A R Y ------------

Command Line: -XX:TieredStopAtLevel=1 -Dspring.output.ansi.enabled=always -Dcom.sun.management.jmxremote -Dspring.jmx.enabled=true -Dspring.liveBeansView.mbeanDomain -Dspring.application.admin.enabled=true -Dmanagement.endpoints.jmx.exposure.include=* -javaagent:C:\Program Files\JetBrains\IntelliJ IDEA 2025.2.1\lib\idea_rt.jar=65369 -Dfile.encoding=UTF-8 com.mail.mailCraft.MailCraftApplication

Host: Intel(R) Core(TM) i5-10300H CPU @ 2.50GHz, 8 cores, 15G,  Windows 11 , 64 bit Build 26100 (10.0.26100.5074)
Time: Sun Sep  7 23:35:27 2025 India Standard Time elapsed time: 10.045227 seconds (0d 0h 0m 10s)

---------------  T H R E A D  ---------------

Current thread (0x000001f5ffc1fb00):  JavaThread "main" [_thread_in_vm, id=18048, stack(0x0000007df1100000,0x0000007df1200000)]

Stack: [0x0000007df1100000,0x0000007df1200000]
Native frames: (J=compiled Java code, j=interpreted, Vv=VM code, C=native code)
V  [jvm.dll+0x67a04a]
V  [jvm.dll+0x7da4ed]
V  [jvm.dll+0x7dbe33]
V  [jvm.dll+0x7dc4a3]
V  [jvm.dll+0x24508f]
V  [jvm.dll+0x7d60bb]
V  [jvm.dll+0x6206c6]
V  [jvm.dll+0x62072a]
V  [jvm.dll+0x622f4d]
V  [jvm.dll+0x621086]
V  [jvm.dll+0x62af77]
V  [jvm.dll+0x1e84b2]
V  [jvm.dll+0x1e89d5]
V  [jvm.dll+0x1e931b]
V  [jvm.dll+0x1dea41]
V  [jvm.dll+0x53f78c]
V  [jvm.dll+0x1ef3ca]
V  [jvm.dll+0x7547ad]
V  [jvm.dll+0x755bc6]
V  [jvm.dll+0x755ef8]
V  [jvm.dll+0x6f5ec1]
V  [jvm.dll+0x6c1b27]
V  [jvm.dll+0x6c3418]
V  [jvm.dll+0x40c9ee]
V  [jvm.dll+0x4186de]
C  0x000001f588c0cf9d

Java frames: (J=compiled Java code, j=interpreted, Vv=VM code)
j  java.lang.Class.getDeclaredMethods0(Z)[Ljava/lang/reflect/Method;+0 java.base@17.0.12
j  java.lang.Class.privateGetDeclaredMethods(Z)[Ljava/lang/reflect/Method;+34 java.base@17.0.12
j  java.lang.Class.getMethodsRecursive(Ljava/lang/String;[Ljava/lang/Class;Z)Ljava/lang/PublicMethods$MethodList;+2 java.base@17.0.12
j  java.lang.Class.getMethod0(Ljava/lang/String;[Ljava/lang/Class;)Ljava/lang/reflect/Method;+14 java.base@17.0.12
j  java.lang.Class.getMethod(Ljava/lang/String;[Ljava/lang/Class;)Ljava/lang/reflect/Method;+26 java.base@17.0.12
j  javax.management.remote.rmi.RMIServerImpl_Stub.<clinit>()V+8 java.management.rmi@17.0.12
v  ~StubRoutines::call_stub
j  jdk.internal.reflect.NativeConstructorAccessorImpl.newInstance0(Ljava/lang/reflect/Constructor;[Ljava/lang/Object;)Ljava/lang/Object;+0 java.base@17.0.12
j  jdk.internal.reflect.NativeConstructorAccessorImpl.newInstance([Ljava/lang/Object;)Ljava/lang/Object;+118 java.base@17.0.12
j  jdk.internal.reflect.DelegatingConstructorAccessorImpl.newInstance([Ljava/lang/Object;)Ljava/lang/Object;+5 java.base@17.0.12
j  java.lang.reflect.Constructor.newInstanceWithCaller([Ljava/lang/Object;ZLjava/lang/Class;)Ljava/lang/Object;+65 java.base@17.0.12
j  java.lang.reflect.Constructor.newInstance([Ljava/lang/Object;)Ljava/lang/Object;+30 java.base@17.0.12
j  sun.rmi.server.Util.createStub(Ljava/lang/Class;Ljava/rmi/server/RemoteRef;)Ljava/rmi/server/RemoteStub;+39 java.rmi@17.0.12
j  sun.rmi.server.Util.createProxy(Ljava/lang/Class;Ljava/rmi/server/RemoteRef;Z)Ljava/rmi/Remote;+46 java.rmi@17.0.12
j  sun.rmi.server.UnicastServerRef.exportObject(Ljava/rmi/Remote;Ljava/lang/Object;Z)Ljava/rmi/Remote;+16 java.rmi@17.0.12
j  sun.management.jmxremote.ConnectorBootstrap$PermanentExporter.exportObject(Ljava/rmi/Remote;ILjava/rmi/server/RMIClientSocketFactory;Ljava/rmi/server/RMIServerSocketFactory;Ljava/io/ObjectInputFilter;)Ljava/rmi/Remote;+82 jdk.management.agent@17.0.12
j  javax.management.remote.rmi.RMIJRMPServerImpl.export(Ljava/rmi/Remote;Ljava/io/ObjectInputFilter;)V+62 java.management.rmi@17.0.12
j  javax.management.remote.rmi.RMIJRMPServerImpl.export()V+6 java.management.rmi@17.0.12
j  javax.management.remote.rmi.RMIConnectorServer.start()V+257 java.management.rmi@17.0.12
j  sun.management.jmxremote.ConnectorBootstrap.startLocalConnectorServer()Ljavax/management/remote/JMXConnectorServer;+290 jdk.management.agent@17.0.12
j  jdk.internal.agent.Agent.startLocalManagementAgent()V+13 jdk.management.agent@17.0.12
j  jdk.internal.agent.Agent.startAgent(Ljava/util/Properties;)V+58 jdk.management.agent@17.0.12
j  jdk.internal.agent.Agent.startAgent()V+20 jdk.management.agent@17.0.12
v  ~StubRoutines::call_stub

---------------  P R O C E S S  ---------------

Threads class SMR info:
_java_thread_list=0x000001f5dd2ae300, length=14, elements={
0x000001f5ffc1fb00, 0x000001f597c16760, 0x000001f597c17da0, 0x000001f597c2ba40,
0x000001f597c2c310, 0x000001f597c31770, 0x000001f597c3a050, 0x000001f597c3b9e0,
0x000001f597c3c2f0, 0x000001f597c01d30, 0x000001f5dd159100, 0x000001f5dd1595e0,
0x000001f5dd2ab3a0, 0x000001f5dd308660
}

Java Threads: ( => current thread )
=>0x000001f5ffc1fb00 JavaThread "main" [_thread_in_vm, id=18048, stack(0x0000007df1100000,0x0000007df1200000)]
  0x000001f597c16760 JavaThread "Reference Handler" daemon [_thread_blocked, id=15104, stack(0x0000007df1800000,0x0000007df1900000)]
  0x000001f597c17da0 JavaThread "Finalizer" daemon [_thread_blocked, id=4716, stack(0x0000007df1900000,0x0000007df1a00000)]
  0x000001f597c2ba40 JavaThread "Signal Dispatcher" daemon [_thread_blocked, id=23280, stack(0x0000007df1a00000,0x0000007df1b00000)]
  0x000001f597c2c310 JavaThread "Attach Listener" daemon [_thread_blocked, id=21264, stack(0x0000007df1b00000,0x0000007df1c00000)]
  0x000001f597c31770 JavaThread "Service Thread" daemon [_thread_blocked, id=10748, stack(0x0000007df1c00000,0x0000007df1d00000)]
  0x000001f597c3a050 JavaThread "Monitor Deflation Thread" daemon [_thread_blocked, id=11272, stack(0x0000007df1d00000,0x0000007df1e00000)]
  0x000001f597c3b9e0 JavaThread "C1 CompilerThread0" daemon [_thread_blocked, id=12184, stack(0x0000007df1e00000,0x0000007df1f00000)]
  0x000001f597c3c2f0 JavaThread "Sweeper thread" daemon [_thread_blocked, id=24412, stack(0x0000007df1f00000,0x0000007df2000000)]
  0x000001f597c01d30 JavaThread "Common-Cleaner" daemon [_thread_blocked, id=2468, stack(0x0000007df2000000,0x0000007df2100000)]
  0x000001f5dd159100 JavaThread "Monitor Ctrl-Break" daemon [_thread_in_native, id=29144, stack(0x0000007df2200000,0x0000007df2300000)]
  0x000001f5dd1595e0 JavaThread "Notification Thread" daemon [_thread_blocked, id=25972, stack(0x0000007df2300000,0x0000007df2400000)]
  0x000001f5dd2ab3a0 JavaThread "C1 CompilerThread1" daemon [_thread_blocked, id=20428, stack(0x0000007df2100000,0x0000007df2200000)]
  0x000001f5dd308660 JavaThread "C1 CompilerThread2" daemon [_thread_blocked, id=2680, stack(0x0000007df2400000,0x0000007df2500000)]

Other Threads:
  0x000001f597c111f0 VMThread "VM Thread" [stack: 0x0000007df1700000,0x0000007df1800000] [id=28036]
  0x000001f5ffc8a690 GCTaskThread "GC Thread#0" [stack: 0x0000007df1200000,0x0000007df1300000] [id=23492]
  0x000001f5ffc9c550 ConcurrentGCThread "G1 Main Marker" [stack: 0x0000007df1300000,0x0000007df1400000] [id=18784]
  0x000001f5ffc9e620 ConcurrentGCThread "G1 Conc#0" [stack: 0x0000007df1400000,0x0000007df1500000] [id=18036]
  0x000001f5ffcdddd0 ConcurrentGCThread "G1 Refine#0" [stack: 0x0000007df1500000,0x0000007df1600000] [id=25820]
  0x000001f5ffcde710 ConcurrentGCThread "G1 Service" [stack: 0x0000007df1600000,0x0000007df1700000] [id=24652]

Threads with active compile tasks:

VM state: not at safepoint (normal execution)

VM Mutex/Monitor currently owned by a thread:  ([mutex/lock_event])
[0x000001f5ffc0f8d0] Metaspace_lock - owner thread: 0x000001f5ffc1fb00

Heap address: 0x0000000702800000, size: 4056 MB, Compressed Oops mode: Zero based, Oop shift amount: 3

CDS archive(s) mapped at: [0x000001f598000000-0x000001f598bd0000-0x000001f598bd0000), size 12386304, SharedBaseAddress: 0x000001f598000000, ArchiveRelocationMode: 1.
Compressed class space mapped at: 0x000001f599000000-0x000001f5d9000000, reserved size: 1073741824
Narrow klass base: 0x000001f598000000, Narrow klass shift: 0, Narrow klass range: 0x100000000

GC Precious Log:
 CPUs: 8 total, 8 available
 Memory: 16221M
 Large Page Support: Disabled
 NUMA Support: Disabled
 Compressed Oops: Enabled (Zero based)
 Heap Region Size: 2M
 Heap Min Capacity: 8M
 Heap Initial Capacity: 254M
 Heap Max Capacity: 4056M
 Pre-touch: Disabled
 Parallel Workers: 8
 Concurrent Workers: 2
 Concurrent Refinement Workers: 8
 Periodic GC: Disabled

Heap:
 garbage-first heap   total 260096K, used 12288K [0x0000000702800000, 0x0000000800000000)
  region size 2048K, 7 young (14336K), 0 survivors (0K)
 Metaspace       used 4150K, committed 4288K, reserved 1114112K
  class space    used 500K, committed 576K, reserved 1048576K

Heap Regions: E=young(eden), S=young(survivor), O=old, HS=humongous(starts), HC=humongous(continues), CS=collection set, F=free, OA=open archive, CA=closed archive, TAMS=top-at-mark-start (previous, next)
|   0|0x0000000702800000, 0x0000000702800000, 0x0000000702a00000|  0%| F|  |TAMS 0x0000000702800000, 0x0000000702800000| Untracked 
|   1|0x0000000702a00000, 0x0000000702a00000, 0x0000000702c00000|  0%| F|  |TAMS 0x0000000702a00000, 0x0000000702a00000| Untracked 
|   2|0x0000000702c00000, 0x0000000702c00000, 0x0000000702e00000|  0%| F|  |TAMS 0x0000000702c00000, 0x0000000702c00000| Untracked 
|   3|0x0000000702e00000, 0x0000000702e00000, 0x0000000703000000|  0%| F|  |TAMS 0x0000000702e00000, 0x0000000702e00000| Untracked 
|   4|0x0000000703000000, 0x0000000703000000, 0x0000000703200000|  0%| F|  |TAMS 0x0000000703000000, 0x0000000703000000| Untracked 
|   5|0x0000000703200000, 0x0000000703200000, 0x0000000703400000|  0%| F|  |TAMS 0x0000000703200000, 0x0000000703200000| Untracked 
|   6|0x0000000703400000, 0x0000000703400000, 0x0000000703600000|  0%| F|  |TAMS 0x0000000703400000, 0x0000000703400000| Untracked 
|   7|0x0000000703600000, 0x0000000703600000, 0x0000000703800000|  0%| F|  |TAMS 0x0000000703600000, 0x0000000703600000| Untracked 
|   8|0x0000000703800000, 0x0000000703800000, 0x0000000703a00000|  0%| F|  |TAMS 0x0000000703800000, 0x0000000703800000| Untracked 
|   9|0x0000000703a00000, 0x0000000703a00000, 0x0000000703c00000|  0%| F|  |TAMS 0x0000000703a00000, 0x0000000703a00000| Untracked 
|  10|0x0000000703c00000, 0x0000000703c00000, 0x0000000703e00000|  0%| F|  |TAMS 0x0000000703c00000, 0x0000000703c00000| Untracked 
|  11|0x0000000703e00000, 0x0000000703e00000, 0x0000000704000000|  0%| F|  |TAMS 0x0000000703e00000, 0x0000000703e00000| Untracked 
|  12|0x0000000704000000, 0x0000000704000000, 0x0000000704200000|  0%| F|  |TAMS 0x0000000704000000, 0x0000000704000000| Untracked 
|  13|0x0000000704200000, 0x0000000704200000, 0x0000000704400000|  0%| F|  |TAMS 0x0000000704200000, 0x0000000704200000| Untracked 
|  14|0x0000000704400000, 0x0000000704400000, 0x0000000704600000|  0%| F|  |TAMS 0x0000000704400000, 0x0000000704400000| Untracked 
|  15|0x0000000704600000, 0x0000000704600000, 0x0000000704800000|  0%| F|  |TAMS 0x0000000704600000, 0x0000000704600000| Untracked 
|  16|0x0000000704800000, 0x0000000704800000, 0x0000000704a00000|  0%| F|  |TAMS 0x0000000704800000, 0x0000000704800000| Untracked 
|  17|0x0000000704a00000, 0x0000000704a00000, 0x0000000704c00000|  0%| F|  |TAMS 0x0000000704a00000, 0x0000000704a00000| Untracked 
|  18|0x0000000704c00000, 0x0000000704c00000, 0x0000000704e00000|  0%| F|  |TAMS 0x0000000704c00000, 0x0000000704c00000| Untracked 
|  19|0x0000000704e00000, 0x0000000704e00000, 0x0000000705000000|  0%| F|  |TAMS 0x0000000704e00000, 0x0000000704e00000| Untracked 
|  20|0x0000000705000000, 0x0000000705000000, 0x0000000705200000|  0%| F|  |TAMS 0x0000000705000000, 0x0000000705000000| Untracked 
|  21|0x0000000705200000, 0x0000000705200000, 0x0000000705400000|  0%| F|  |TAMS 0x0000000705200000, 0x0000000705200000| Untracked 
|  22|0x0000000705400000, 0x0000000705400000, 0x0000000705600000|  0%| F|  |TAMS 0x0000000705400000, 0x0000000705400000| Untracked 
|  23|0x0000000705600000, 0x0000000705600000, 0x0000000705800000|  0%| F|  |TAMS 0x0000000705600000, 0x0000000705600000| Untracked 
|  24|0x0000000705800000, 0x0000000705800000, 0x0000000705a00000|  0%| F|  |TAMS 0x0000000705800000, 0x0000000705800000| Untracked 
|  25|0x0000000705a00000, 0x0000000705a00000, 0x0000000705c00000|  0%| F|  |TAMS 0x0000000705a00000, 0x0000000705a00000| Untracked 
|  26|0x0000000705c00000, 0x0000000705c00000, 0x0000000705e00000|  0%| F|  |TAMS 0x0000000705c00000, 0x0000000705c00000| Untracked 
|  27|0x0000000705e00000, 0x0000000705e00000, 0x0000000706000000|  0%| F|  |TAMS 0x0000000705e00000, 0x0000000705e00000| Untracked 
|  28|0x0000000706000000, 0x0000000706000000, 0x0000000706200000|  0%| F|  |TAMS 0x0000000706000000, 0x0000000706000000| Untracked 
|  29|0x0000000706200000, 0x0000000706200000, 0x0000000706400000|  0%| F|  |TAMS 0x0000000706200000, 0x0000000706200000| Untracked 
|  30|0x0000000706400000, 0x0000000706400000, 0x0000000706600000|  0%| F|  |TAMS 0x0000000706400000, 0x0000000706400000| Untracked 
|  31|0x0000000706600000, 0x0000000706600000, 0x0000000706800000|  0%| F|  |TAMS 0x0000000706600000, 0x0000000706600000| Untracked 
|  32|0x0000000706800000, 0x0000000706800000, 0x0000000706a00000|  0%| F|  |TAMS 0x0000000706800000, 0x0000000706800000| Untracked 
|  33|0x0000000706a00000, 0x0000000706a00000, 0x0000000706c00000|  0%| F|  |TAMS 0x0000000706a00000, 0x0000000706a00000| Untracked 
|  34|0x0000000706c00000, 0x0000000706c00000, 0x0000000706e00000|  0%| F|  |TAMS 0x0000000706c00000, 0x0000000706c00000| Untracked 
|  35|0x0000000706e00000, 0x0000000706e00000, 0x0000000707000000|  0%| F|  |TAMS 0x0000000706e00000, 0x0000000706e00000| Untracked 
|  36|0x0000000707000000, 0x0000000707000000, 0x0000000707200000|  0%| F|  |TAMS 0x0000000707000000, 0x0000000707000000| Untracked 
|  37|0x0000000707200000, 0x0000000707200000, 0x0000000707400000|  0%| F|  |TAMS 0x0000000707200000, 0x0000000707200000| Untracked 
|  38|0x0000000707400000, 0x0000000707400000, 0x0000000707600000|  0%| F|  |TAMS 0x0000000707400000, 0x0000000707400000| Untracked 
|  39|0x0000000707600000, 0x0000000707600000, 0x0000000707800000|  0%| F|  |TAMS 0x0000000707600000, 0x0000000707600000| Untracked 
|  40|0x0000000707800000, 0x0000000707800000, 0x0000000707a00000|  0%| F|  |TAMS 0x0000000707800000, 0x0000000707800000| Untracked 
|  41|0x0000000707a00000, 0x0000000707a00000, 0x0000000707c00000|  0%| F|  |TAMS 0x0000000707a00000, 0x0000000707a00000| Untracked 
|  42|0x0000000707c00000, 0x0000000707c00000, 0x0000000707e00000|  0%| F|  |TAMS 0x0000000707c00000, 0x0000000707c00000| Untracked 
|  43|0x0000000707e00000, 0x0000000707e00000, 0x0000000708000000|  0%| F|  |TAMS 0x0000000707e00000, 0x0000000707e00000| Untracked 
|  44|0x0000000708000000, 0x0000000708000000, 0x0000000708200000|  0%| F|  |TAMS 0x0000000708000000, 0x0000000708000000| Untracked 
|  45|0x0000000708200000, 0x0000000708200000, 0x0000000708400000|  0%| F|  |TAMS 0x0000000708200000, 0x0000000708200000| Untracked 
|  46|0x0000000708400000, 0x0000000708400000, 0x0000000708600000|  0%| F|  |TAMS 0x0000000708400000, 0x0000000708400000| Untracked 
|  47|0x0000000708600000, 0x0000000708600000, 0x0000000708800000|  0%| F|  |TAMS 0x0000000708600000, 0x0000000708600000| Untracked 
|  48|0x0000000708800000, 0x0000000708800000, 0x0000000708a00000|  0%| F|  |TAMS 0x0000000708800000, 0x0000000708800000| Untracked 
|  49|0x0000000708a00000, 0x0000000708a00000, 0x0000000708c00000|  0%| F|  |TAMS 0x0000000708a00000, 0x0000000708a00000| Untracked 
|  50|0x0000000708c00000, 0x0000000708c00000, 0x0000000708e00000|  0%| F|  |TAMS 0x0000000708c00000, 0x0000000708c00000| Untracked 
|  51|0x0000000708e00000, 0x0000000708e00000, 0x0000000709000000|  0%| F|  |TAMS 0x0000000708e00000, 0x0000000708e00000| Untracked 
|  52|0x0000000709000000, 0x0000000709000000, 0x0000000709200000|  0%| F|  |TAMS 0x0000000709000000, 0x0000000709000000| Untracked 
|  53|0x0000000709200000, 0x0000000709200000, 0x0000000709400000|  0%| F|  |TAMS 0x0000000709200000, 0x0000000709200000| Untracked 
|  54|0x0000000709400000, 0x0000000709400000, 0x0000000709600000|  0%| F|  |TAMS 0x0000000709400000, 0x0000000709400000| Untracked 
|  55|0x0000000709600000, 0x0000000709600000, 0x0000000709800000|  0%| F|  |TAMS 0x0000000709600000, 0x0000000709600000| Untracked 
|  56|0x0000000709800000, 0x0000000709800000, 0x0000000709a00000|  0%| F|  |TAMS 0x0000000709800000, 0x0000000709800000| Untracked 
|  57|0x0000000709a00000, 0x0000000709a00000, 0x0000000709c00000|  0%| F|  |TAMS 0x0000000709a00000, 0x0000000709a00000| Untracked 
|  58|0x0000000709c00000, 0x0000000709c00000, 0x0000000709e00000|  0%| F|  |TAMS 0x0000000709c00000, 0x0000000709c00000| Untracked 
|  59|0x0000000709e00000, 0x0000000709e00000, 0x000000070a000000|  0%| F|  |TAMS 0x0000000709e00000, 0x0000000709e00000| Untracked 
|  60|0x000000070a000000, 0x000000070a000000, 0x000000070a200000|  0%| F|  |TAMS 0x000000070a000000, 0x000000070a000000| Untracked 
|  61|0x000000070a200000, 0x000000070a200000, 0x000000070a400000|  0%| F|  |TAMS 0x000000070a200000, 0x000000070a200000| Untracked 
|  62|0x000000070a400000, 0x000000070a400000, 0x000000070a600000|  0%| F|  |TAMS 0x000000070a400000, 0x000000070a400000| Untracked 
|  63|0x000000070a600000, 0x000000070a600000, 0x000000070a800000|  0%| F|  |TAMS 0x000000070a600000, 0x000000070a600000| Untracked 
|  64|0x000000070a800000, 0x000000070a800000, 0x000000070aa00000|  0%| F|  |TAMS 0x000000070a800000, 0x000000070a800000| Untracked 
|  65|0x000000070aa00000, 0x000000070aa00000, 0x000000070ac00000|  0%| F|  |TAMS 0x000000070aa00000, 0x000000070aa00000| Untracked 
|  66|0x000000070ac00000, 0x000000070ac00000, 0x000000070ae00000|  0%| F|  |TAMS 0x000000070ac00000, 0x000000070ac00000| Untracked 
|  67|0x000000070ae00000, 0x000000070ae00000, 0x000000070b000000|  0%| F|  |TAMS 0x000000070ae00000, 0x000000070ae00000| Untracked 
|  68|0x000000070b000000, 0x000000070b000000, 0x000000070b200000|  0%| F|  |TAMS 0x000000070b000000, 0x000000070b000000| Untracked 
|  69|0x000000070b200000, 0x000000070b200000, 0x000000070b400000|  0%| F|  |TAMS 0x000000070b200000, 0x000000070b200000| Untracked 
|  70|0x000000070b400000, 0x000000070b400000, 0x000000070b600000|  0%| F|  |TAMS 0x000000070b400000, 0x000000070b400000| Untracked 
|  71|0x000000070b600000, 0x000000070b600000, 0x000000070b800000|  0%| F|  |TAMS 0x000000070b600000, 0x000000070b600000| Untracked 
|  72|0x000000070b800000, 0x000000070b800000, 0x000000070ba00000|  0%| F|  |TAMS 0x000000070b800000, 0x000000070b800000| Untracked 
|  73|0x000000070ba00000, 0x000000070ba00000, 0x000000070bc00000|  0%| F|  |TAMS 0x000000070ba00000, 0x000000070ba00000| Untracked 
|  74|0x000000070bc00000, 0x000000070bc00000, 0x000000070be00000|  0%| F|  |TAMS 0x000000070bc00000, 0x000000070bc00000| Untracked 
|  75|0x000000070be00000, 0x000000070be00000, 0x000000070c000000|  0%| F|  |TAMS 0x000000070be00000, 0x000000070be00000| Untracked 
|  76|0x000000070c000000, 0x000000070c000000, 0x000000070c200000|  0%| F|  |TAMS 0x000000070c000000, 0x000000070c000000| Untracked 
|  77|0x000000070c200000, 0x000000070c200000, 0x000000070c400000|  0%| F|  |TAMS 0x000000070c200000, 0x000000070c200000| Untracked 
|  78|0x000000070c400000, 0x000000070c400000, 0x000000070c600000|  0%| F|  |TAMS 0x000000070c400000, 0x000000070c400000| Untracked 
|  79|0x000000070c600000, 0x000000070c600000, 0x000000070c800000|  0%| F|  |TAMS 0x000000070c600000, 0x000000070c600000| Untracked 
|  80|0x000000070c800000, 0x000000070c800000, 0x000000070ca00000|  0%| F|  |TAMS 0x000000070c800000, 0x000000070c800000| Untracked 
|  81|0x000000070ca00000, 0x000000070ca00000, 0x000000070cc00000|  0%| F|  |TAMS 0x000000070ca00000, 0x000000070ca00000| Untracked 
|  82|0x000000070cc00000, 0x000000070cc00000, 0x000000070ce00000|  0%| F|  |TAMS 0x000000070cc00000, 0x000000070cc00000| Untracked 
|  83|0x000000070ce00000, 0x000000070ce00000, 0x000000070d000000|  0%| F|  |TAMS 0x000000070ce00000, 0x000000070ce00000| Untracked 
|  84|0x000000070d000000, 0x000000070d000000, 0x000000070d200000|  0%| F|  |TAMS 0x000000070d000000, 0x000000070d000000| Untracked 
|  85|0x000000070d200000, 0x000000070d200000, 0x000000070d400000|  0%| F|  |TAMS 0x000000070d200000, 0x000000070d200000| Untracked 
|  86|0x000000070d400000, 0x000000070d400000, 0x000000070d600000|  0%| F|  |TAMS 0x000000070d400000, 0x000000070d400000| Untracked 
|  87|0x000000070d600000, 0x000000070d600000, 0x000000070d800000|  0%| F|  |TAMS 0x000000070d600000, 0x000000070d600000| Untracked 
|  88|0x000000070d800000, 0x000000070d800000, 0x000000070da00000|  0%| F|  |TAMS 0x000000070d800000, 0x000000070d800000| Untracked 
|  89|0x000000070da00000, 0x000000070da00000, 0x000000070dc00000|  0%| F|  |TAMS 0x000000070da00000, 0x000000070da00000| Untracked 
|  90|0x000000070dc00000, 0x000000070dc00000, 0x000000070de00000|  0%| F|  |TAMS 0x000000070dc00000, 0x000000070dc00000| Untracked 
|  91|0x000000070de00000, 0x000000070de00000, 0x000000070e000000|  0%| F|  |TAMS 0x000000070de00000, 0x000000070de00000| Untracked 
|  92|0x000000070e000000, 0x000000070e000000, 0x000000070e200000|  0%| F|  |TAMS 0x000000070e000000, 0x000000070e000000| Untracked 
|  93|0x000000070e200000, 0x000000070e200000, 0x000000070e400000|  0%| F|  |TAMS 0x000000070e200000, 0x000000070e200000| Untracked 
|  94|0x000000070e400000, 0x000000070e400000, 0x000000070e600000|  0%| F|  |TAMS 0x000000070e400000, 0x000000070e400000| Untracked 
|  95|0x000000070e600000, 0x000000070e600000, 0x000000070e800000|  0%| F|  |TAMS 0x000000070e600000, 0x000000070e600000| Untracked 
|  96|0x000000070e800000, 0x000000070e800000, 0x000000070ea00000|  0%| F|  |TAMS 0x000000070e800000, 0x000000070e800000| Untracked 
|  97|0x000000070ea00000, 0x000000070ea00000, 0x000000070ec00000|  0%| F|  |TAMS 0x000000070ea00000, 0x000000070ea00000| Untracked 
|  98|0x000000070ec00000, 0x000000070ec00000, 0x000000070ee00000|  0%| F|  |TAMS 0x000000070ec00000, 0x000000070ec00000| Untracked 
|  99|0x000000070ee00000, 0x000000070ee00000, 0x000000070f000000|  0%| F|  |TAMS 0x000000070ee00000, 0x000000070ee00000| Untracked 
| 100|0x000000070f000000, 0x000000070f000000, 0x000000070f200000|  0%| F|  |TAMS 0x000000070f000000, 0x000000070f000000| Untracked 
| 101|0x000000070f200000, 0x000000070f200000, 0x000000070f400000|  0%| F|  |TAMS 0x000000070f200000, 0x000000070f200000| Untracked 
| 102|0x000000070f400000, 0x000000070f400000, 0x000000070f600000|  0%| F|  |TAMS 0x000000070f400000, 0x000000070f400000| Untracked 
| 103|0x000000070f600000, 0x000000070f600000, 0x000000070f800000|  0%| F|  |TAMS 0x000000070f600000, 0x000000070f600000| Untracked 
| 104|0x000000070f800000, 0x000000070f800000, 0x000000070fa00000|  0%| F|  |TAMS 0x000000070f800000, 0x000000070f800000| Untracked 
| 105|0x000000070fa00000, 0x000000070fa00000, 0x000000070fc00000|  0%| F|  |TAMS 0x000000070fa00000, 0x000000070fa00000| Untracked 
| 106|0x000000070fc00000, 0x000000070fc00000, 0x000000070fe00000|  0%| F|  |TAMS 0x000000070fc00000, 0x000000070fc00000| Untracked 
| 107|0x000000070fe00000, 0x000000070fe00000, 0x0000000710000000|  0%| F|  |TAMS 0x000000070fe00000, 0x000000070fe00000| Untracked 
| 108|0x0000000710000000, 0x0000000710000000, 0x0000000710200000|  0%| F|  |TAMS 0x0000000710000000, 0x0000000710000000| Untracked 
| 109|0x0000000710200000, 0x0000000710200000, 0x0000000710400000|  0%| F|  |TAMS 0x0000000710200000, 0x0000000710200000| Untracked 
| 110|0x0000000710400000, 0x0000000710400000, 0x0000000710600000|  0%| F|  |TAMS 0x0000000710400000, 0x0000000710400000| Untracked 
| 111|0x0000000710600000, 0x0000000710600000, 0x0000000710800000|  0%| F|  |TAMS 0x0000000710600000, 0x0000000710600000| Untracked 
| 112|0x0000000710800000, 0x0000000710800000, 0x0000000710a00000|  0%| F|  |TAMS 0x0000000710800000, 0x0000000710800000| Untracked 
| 113|0x0000000710a00000, 0x0000000710a00000, 0x0000000710c00000|  0%| F|  |TAMS 0x0000000710a00000, 0x0000000710a00000| Untracked 
| 114|0x0000000710c00000, 0x0000000710c00000, 0x0000000710e00000|  0%| F|  |TAMS 0x0000000710c00000, 0x0000000710c00000| Untracked 
| 115|0x0000000710e00000, 0x0000000710e00000, 0x0000000711000000|  0%| F|  |TAMS 0x0000000710e00000, 0x0000000710e00000| Untracked 
| 116|0x0000000711000000, 0x0000000711000000, 0x0000000711200000|  0%| F|  |TAMS 0x0000000711000000, 0x0000000711000000| Untracked 
| 117|0x0000000711200000, 0x0000000711200000, 0x0000000711400000|  0%| F|  |TAMS 0x0000000711200000, 0x0000000711200000| Untracked 
| 118|0x0000000711400000, 0x0000000711400000, 0x0000000711600000|  0%| F|  |TAMS 0x0000000711400000, 0x0000000711400000| Untracked 
| 119|0x0000000711600000, 0x0000000711600000, 0x0000000711800000|  0%| F|  |TAMS 0x0000000711600000, 0x0000000711600000| Untracked 
| 120|0x0000000711800000, 0x00000007118e1cb0, 0x0000000711a00000| 44%| E|  |TAMS 0x0000000711800000, 0x0000000711800000| Complete 
| 121|0x0000000711a00000, 0x0000000711c00000, 0x0000000711c00000|100%| E|CS|TAMS 0x0000000711a00000, 0x0000000711a00000| Complete 
| 122|0x0000000711c00000, 0x0000000711e00000, 0x0000000711e00000|100%| E|CS|TAMS 0x0000000711c00000, 0x0000000711c00000| Complete 
| 123|0x0000000711e00000, 0x0000000712000000, 0x0000000712000000|100%| E|CS|TAMS 0x0000000711e00000, 0x0000000711e00000| Complete 
| 124|0x0000000712000000, 0x0000000712200000, 0x0000000712200000|100%| E|CS|TAMS 0x0000000712000000, 0x0000000712000000| Complete 
| 125|0x0000000712200000, 0x0000000712400000, 0x0000000712400000|100%| E|CS|TAMS 0x0000000712200000, 0x0000000712200000| Complete 
| 126|0x0000000712400000, 0x0000000712600000, 0x0000000712600000|100%| E|CS|TAMS 0x0000000712400000, 0x0000000712400000| Complete 

Card table byte_map: [0x000001f58c3f0000,0x000001f58cbe0000] _byte_map_base: 0x000001f588bdc000

Marking Bits (Prev, Next): (CMBitMap*) 0x000001f5ffc8abc0, (CMBitMap*) 0x000001f5ffc8ac00
 Prev Bits: [0x000001f58d3d0000, 0x000001f591330000)
 Next Bits: [0x000001f591330000, 0x000001f595290000)

Polling page: 0x000001f5feef0000

Metaspace:

Usage:
  Non-class:      3.56 MB used.
      Class:    500.71 KB used.
       Both:      4.05 MB used.

Virtual space:
  Non-class space:       64.00 MB reserved,       3.62 MB (  6%) committed,  1 nodes.
      Class space:        1.00 GB reserved,     576.00 KB ( <1%) committed,  1 nodes.
             Both:        1.06 GB reserved,       4.19 MB ( <1%) committed. 

Chunk freelists:
   Non-Class:  11.91 MB
       Class:  15.25 MB
        Both:  27.16 MB

MaxMetaspaceSize: unlimited
CompressedClassSpaceSize: 1.00 GB
Initial GC threshold: 21.00 MB
Current GC threshold: 21.00 MB
CDS: on
MetaspaceReclaimPolicy: balanced
 - commit_granule_bytes: 65536.
 - commit_granule_words: 8192.
 - virtual_space_node_default_size: 8388608.
 - enlarge_chunks_in_place: 1.
 - new_chunks_are_fully_committed: 0.
 - uncommit_free_chunks: 1.
 - use_allocation_guard: 0.
 - handle_deallocations: 1.


Internal statistics:

num_allocs_failed_limit: 0.
num_arena_births: 76.
num_arena_deaths: 0.
num_vsnodes_births: 2.
num_vsnodes_deaths: 0.
num_space_committed: 67.
num_space_uncommitted: 0.
num_chunks_returned_to_freelist: 0.
num_chunks_taken_from_freelist: 91.
num_chunk_merges: 0.
num_chunk_splits: 57.
num_chunks_enlarged: 29.
num_inconsistent_stats: 0.

CodeCache: size=49152Kb used=3369Kb max_used=3369Kb free=45782Kb
 bounds [0x000001f588c00000, 0x000001f588fd0000, 0x000001f58bc00000]
 total_blobs=1288 nmethods=847 adapters=367
 compilation: disabled (not enough contiguous free space left)
              stopped_count=1, restarted_count=0
 full_count=1

Compilation events (20 events):
Event: 4.957 Thread 0x000001f597c3b9e0  842       1       java.util.Random::nextBoolean (14 bytes)
Event: 4.958 Thread 0x000001f597c3b9e0 nmethod 842 0x000001f588d7da10 code [0x000001f588d7dba0, 0x000001f588d7dca8]
Event: 4.958 Thread 0x000001f597c3b9e0  843       1       java.util.Random::next (47 bytes)
Event: 4.958 Thread 0x000001f597c3b9e0 nmethod 843 0x000001f588d7d610 code [0x000001f588d7d7a0, 0x000001f588d7d8f8]
Event: 4.958 Thread 0x000001f597c3b9e0  839       1       sun.nio.fs.WindowsPath::getFileName (87 bytes)
Event: 4.958 Thread 0x000001f597c3b9e0 nmethod 839 0x000001f588d7cc90 code [0x000001f588d7ce80, 0x000001f588d7d348]
Event: 4.958 Thread 0x000001f597c3b9e0  824       1       sun.nio.fs.WindowsPathParser$Result::<init> (20 bytes)
Event: 4.958 Thread 0x000001f597c3b9e0 nmethod 824 0x000001f588d7c890 code [0x000001f588d7ca20, 0x000001f588d7cc18]
Event: 4.958 Thread 0x000001f597c3b9e0  825       1       sun.nio.fs.WindowsPathParser::isLetter (30 bytes)
Event: 4.959 Thread 0x000001f597c3b9e0 nmethod 825 0x000001f588d7c590 code [0x000001f588d7c720, 0x000001f588d7c818]
Event: 4.959 Thread 0x000001f597c3b9e0  812       1       sun.security.provider.SHA::implCompress (13 bytes)
Event: 4.959 Thread 0x000001f597c3b9e0 nmethod 812 0x000001f588d7c010 code [0x000001f588d7c1c0, 0x000001f588d7c408]
Event: 4.959 Thread 0x000001f597c3b9e0  813       1       sun.security.provider.SHA::implCompressCheck (27 bytes)
Event: 4.959 Thread 0x000001f597c3b9e0 nmethod 813 0x000001f588d7bb10 code [0x000001f588d7bcc0, 0x000001f588d7bef8]
Event: 4.959 Thread 0x000001f597c3b9e0  814       1       sun.security.provider.ByteArrayAccess::b2iBig64 (231 bytes)
Event: 4.962 Thread 0x000001f597c3b9e0 nmethod 814 0x000001f588d7a010 code [0x000001f588d7a380, 0x000001f588d7b038]
Event: 4.962 Thread 0x000001f597c3b9e0  836       1       java.nio.file.Files$AcceptAllFilter::accept (9 bytes)
Event: 4.962 Thread 0x000001f597c3b9e0 nmethod 836 0x000001f588d79c90 code [0x000001f588d79e20, 0x000001f588d79f38]
Event: 4.962 Thread 0x000001f597c3b9e0  846       1       jdk.internal.org.objectweb.asm.MethodVisitor::<init> (88 bytes)
Event: 4.962 Thread 0x000001f597c3b9e0 nmethod 846 0x000001f588d79390 code [0x000001f588d79580, 0x000001f588d79a68]

GC Heap History (0 events):
No events

Deoptimization events (0 events):
No events

Classes unloaded (0 events):
No events

Classes redefined (0 events):
No events

Internal exceptions (9 events):
Event: 1.574 Thread 0x000001f5dd159100 Exception <a 'java/lang/NoSuchMethodError'{0x0000000711efd5e8}: 'java.lang.Object java.lang.invoke.DirectMethodHandle$Holder.invokeStaticInit(java.lang.Object)'> (0x0000000711efd5e8) 
thrown [s\open\src\hotspot\share\interpreter\linkResolver.cpp, line 759]
Event: 1.584 Thread 0x000001f5dd159100 Exception <a 'java/lang/NoSuchMethodError'{0x0000000711f0b1e0}: 'void java.lang.invoke.DirectMethodHandle$Holder.invokeStatic(java.lang.Object, java.lang.Object)'> (0x0000000711f0b1e0) 
thrown [s\open\src\hotspot\share\interpreter\linkResolver.cpp, line 759]
Event: 1.614 Thread 0x000001f5ffc1fb00 Exception <a 'java/lang/NoSuchMethodError'{0x0000000711f94768}: 'int java.lang.invoke.DirectMethodHandle$Holder.invokeInterface(java.lang.Object, java.lang.Object)'> (0x0000000711f94768) 
thrown [s\open\src\hotspot\share\interpreter\linkResolver.cpp, line 759]
Event: 1.614 Thread 0x000001f5ffc1fb00 Exception <a 'java/lang/IncompatibleClassChangeError'{0x0000000711f97d68}: Found class java.lang.Object, but interface was expected> (0x0000000711f97d68) 
thrown [s\open\src\hotspot\share\interpreter\linkResolver.cpp, line 826]
Event: 1.668 Thread 0x000001f5ffc1fb00 Exception <a 'java/lang/NoSuchMethodError'{0x0000000711c63610}: 'int java.lang.invoke.DirectMethodHandle$Holder.invokeSpecial(java.lang.Object, java.lang.Object, java.lang.Object)'> (0x0000000711c63610) 
thrown [s\open\src\hotspot\share\interpreter\linkResolver.cpp, line 759]
Event: 2.744 Thread 0x000001f5ffc1fb00 Exception <a 'java/lang/NoSuchMethodError'{0x0000000711d5e018}: 'void java.lang.invoke.DirectMethodHandle$Holder.invokeStatic(java.lang.Object, java.lang.Object, java.lang.Object)'> (0x0000000711d5e018) 
thrown [s\open\src\hotspot\share\interpreter\linkResolver.cpp, line 759]
Event: 2.756 Thread 0x000001f5ffc1fb00 Exception <a 'java/lang/NoSuchMethodError'{0x0000000711d9ac70}: 'int java.lang.invoke.DirectMethodHandle$Holder.invokeSpecialIFC(java.lang.Object, java.lang.Object, java.lang.Object)'> (0x0000000711d9ac70) 
thrown [s\open\src\hotspot\share\interpreter\linkResolver.cpp, line 759]
Event: 3.794 Thread 0x000001f5ffc1fb00 Exception <a 'java/lang/NoSuchMethodError'{0x0000000711a83ea0}: 'java.lang.Object java.lang.invoke.DirectMethodHandle$Holder.invokeStaticInit(java.lang.Object, int, int, int, int)'> (0x0000000711a83ea0) 
thrown [s\open\src\hotspot\share\interpreter\linkResolver.cpp, line 759]
Event: 4.957 Thread 0x000001f5ffc1fb00 Exception <a 'java/lang/NoSuchMethodError'{0x000000071187ee78}: 'java.lang.Object java.lang.invoke.DirectMethodHandle$Holder.invokeStaticInit(java.lang.Object, java.lang.Object, int, int, int, int)'> (0x000000071187ee78) 
thrown [s\open\src\hotspot\share\interpreter\linkResolver.cpp, line 759]

VM Operations (16 events):
Event: 0.376 Executing VM operation: HandshakeAllThreads
Event: 0.376 Executing VM operation: HandshakeAllThreads done
Event: 1.380 Executing VM operation: Cleanup
Event: 1.380 Executing VM operation: Cleanup done
Event: 1.571 Executing VM operation: HandshakeAllThreads
Event: 1.572 Executing VM operation: HandshakeAllThreads done
Event: 2.585 Executing VM operation: Cleanup
Event: 2.710 Executing VM operation: Cleanup done
Event: 2.767 Executing VM operation: HandshakeAllThreads
Event: 2.767 Executing VM operation: HandshakeAllThreads done
Event: 3.782 Executing VM operation: Cleanup
Event: 3.783 Executing VM operation: Cleanup done
Event: 4.790 Executing VM operation: Cleanup
Event: 4.822 Executing VM operation: Cleanup done
Event: 5.826 Executing VM operation: Cleanup
Event: 5.989 Executing VM operation: Cleanup done

Events (20 events):
Event: 8.015 loading class sun/rmi/transport/tcp/TCPTransport$1 done
Event: 8.015 loading class java/util/concurrent/locks/AbstractQueuedSynchronizer$ConditionObject
Event: 8.015 loading class java/util/concurrent/locks/Condition
Event: 8.015 loading class java/util/concurrent/locks/Condition done
Event: 8.015 loading class java/util/concurrent/locks/AbstractQueuedSynchronizer$ConditionObject done
Event: 8.015 loading class java/rmi/server/RMISocketFactory
Event: 8.015 loading class java/rmi/server/RMIClientSocketFactory
Event: 8.015 loading class java/rmi/server/RMIClientSocketFactory done
Event: 8.015 loading class java/rmi/server/RMISocketFactory done
Event: 8.016 loading class sun/rmi/transport/tcp/TCPDirectSocketFactory
Event: 8.016 loading class sun/rmi/transport/tcp/TCPDirectSocketFactory done
Event: 8.017 loading class sun/rmi/server/UnicastRef2
Event: 8.017 loading class sun/rmi/server/UnicastRef2 done
Event: 8.017 loading class javax/management/remote/rmi/RMIServerImpl_Stub
Event: 8.017 loading class java/rmi/server/RemoteStub
Event: 8.017 loading class java/rmi/server/RemoteObject
Event: 8.018 loading class java/rmi/server/RemoteObject done
Event: 8.018 loading class java/rmi/server/RemoteStub done
Event: 8.018 loading class javax/management/remote/rmi/RMIServerImpl_Stub done
Event: 8.018 loading class javax/management/remote/rmi/RMIConnection


Dynamic libraries:
0x00007ff724180000 - 0x00007ff724190000 	C:\Program Files\Java\jdk-17\bin\java.exe
0x00007ff84cf40000 - 0x00007ff84d1a9000 	C:\WINDOWS\SYSTEM32\ntdll.dll
0x00007ff84b8c0000 - 0x00007ff84b989000 	C:\WINDOWS\System32\KERNEL32.DLL
0x00007ff84a390000 - 0x00007ff84a783000 	C:\WINDOWS\System32\KERNELBASE.dll
0x00007ff84a240000 - 0x00007ff84a38b000 	C:\WINDOWS\System32\ucrtbase.dll
0x00007ff839900000 - 0x00007ff83991b000 	C:\Program Files\Java\jdk-17\bin\VCRUNTIME140.dll
0x00007ff8398d0000 - 0x00007ff8398e9000 	C:\Program Files\Java\jdk-17\bin\jli.dll
0x00007ff84c7d0000 - 0x00007ff84c884000 	C:\WINDOWS\System32\ADVAPI32.dll
0x00007ff84b990000 - 0x00007ff84ba39000 	C:\WINDOWS\System32\msvcrt.dll
0x00007ff84af90000 - 0x00007ff84b036000 	C:\WINDOWS\System32\sechost.dll
0x00007ff84ae70000 - 0x00007ff84af88000 	C:\WINDOWS\System32\RPCRT4.dll
0x00007ff84b040000 - 0x00007ff84b204000 	C:\WINDOWS\System32\USER32.dll
0x00007ff84aaa0000 - 0x00007ff84aac7000 	C:\WINDOWS\System32\win32u.dll
0x00007ff8305e0000 - 0x00007ff830873000 	C:\WINDOWS\WinSxS\amd64_microsoft.windows.common-controls_6595b64144ccf1df_6.0.26100.5074_none_3e0d6f78e32fd63f\COMCTL32.dll
0x00007ff84b3a0000 - 0x00007ff84b3cb000 	C:\WINDOWS\System32\GDI32.dll
0x00007ff84a8c0000 - 0x00007ff84a9ed000 	C:\WINDOWS\System32\gdi32full.dll
0x00007ff84a9f0000 - 0x00007ff84aa93000 	C:\WINDOWS\System32\msvcp_win.dll
0x00007ff83b910000 - 0x00007ff83b91b000 	C:\WINDOWS\SYSTEM32\VERSION.dll
0x00007ff84c040000 - 0x00007ff84c06f000 	C:\WINDOWS\System32\IMM32.DLL
0x00007ff83bb10000 - 0x00007ff83bb1c000 	C:\Program Files\Java\jdk-17\bin\vcruntime140_1.dll
0x00007ff813de0000 - 0x00007ff813e6e000 	C:\Program Files\Java\jdk-17\bin\msvcp140.dll
0x00007fffc62e0000 - 0x00007fffc6ec0000 	C:\Program Files\Java\jdk-17\bin\server\jvm.dll
0x00007ff84b390000 - 0x00007ff84b398000 	C:\WINDOWS\System32\PSAPI.DLL
0x00007ff827720000 - 0x00007ff82772a000 	C:\WINDOWS\SYSTEM32\WSOCK32.dll
0x00007ff835cd0000 - 0x00007ff835d05000 	C:\WINDOWS\SYSTEM32\WINMM.dll
0x00007ff84b740000 - 0x00007ff84b7b4000 	C:\WINDOWS\System32\WS2_32.dll
0x00007ff848e90000 - 0x00007ff848eab000 	C:\WINDOWS\SYSTEM32\kernel.appcore.dll
0x00007ff8396c0000 - 0x00007ff8396ca000 	C:\Program Files\Java\jdk-17\bin\jimage.dll
0x00007ff847820000 - 0x00007ff847a62000 	C:\WINDOWS\SYSTEM32\DBGHELP.DLL
0x00007ff84ca70000 - 0x00007ff84cdeb000 	C:\WINDOWS\System32\combase.dll
0x00007ff84bad0000 - 0x00007ff84bba7000 	C:\WINDOWS\System32\OLEAUT32.dll
0x00007ff828590000 - 0x00007ff8285cd000 	C:\WINDOWS\SYSTEM32\dbgcore.DLL
0x00007ff84a820000 - 0x00007ff84a8b9000 	C:\WINDOWS\System32\bcryptPrimitives.dll
0x00007ff831530000 - 0x00007ff83153e000 	C:\Program Files\Java\jdk-17\bin\instrument.dll
0x00007ff815630000 - 0x00007ff815655000 	C:\Program Files\Java\jdk-17\bin\java.dll
0x00007ff80e740000 - 0x00007ff80e817000 	C:\Program Files\Java\jdk-17\bin\jsvml.dll
0x00007ff84c080000 - 0x00007ff84c7cd000 	C:\WINDOWS\System32\SHELL32.dll
0x00007ff84a0d0000 - 0x00007ff84a23c000 	C:\WINDOWS\System32\wintypes.dll
0x00007ff847d10000 - 0x00007ff848569000 	C:\WINDOWS\SYSTEM32\windows.storage.dll
0x00007ff84b640000 - 0x00007ff84b730000 	C:\WINDOWS\System32\SHCORE.dll
0x00007ff84b850000 - 0x00007ff84b8b2000 	C:\WINDOWS\System32\shlwapi.dll
0x00007ff849ff0000 - 0x00007ff84a019000 	C:\WINDOWS\SYSTEM32\profapi.dll
0x00007ff8240a0000 - 0x00007ff8240b8000 	C:\Program Files\Java\jdk-17\bin\zip.dll
0x00007ff828c60000 - 0x00007ff828c79000 	C:\Program Files\Java\jdk-17\bin\net.dll
0x00007ff841790000 - 0x00007ff8418af000 	C:\WINDOWS\SYSTEM32\WINHTTP.dll
0x00007ff849430000 - 0x00007ff84949b000 	C:\WINDOWS\system32\mswsock.dll
0x00007ff8285f0000 - 0x00007ff828606000 	C:\Program Files\Java\jdk-17\bin\nio.dll
0x00007ff848970000 - 0x00007ff848a96000 	C:\WINDOWS\SYSTEM32\DNSAPI.dll
0x00007ff8488d0000 - 0x00007ff848904000 	C:\WINDOWS\SYSTEM32\IPHLPAPI.DLL
0x00007ff84b3d0000 - 0x00007ff84b3da000 	C:\WINDOWS\System32\NSI.dll
0x00007ff842b30000 - 0x00007ff842b3b000 	C:\Windows\System32\rasadhlp.dll
0x00007ff83b5a0000 - 0x00007ff83b626000 	C:\WINDOWS\System32\fwpuclnt.dll
0x00007ff830060000 - 0x00007ff83006a000 	C:\Program Files\Java\jdk-17\bin\management.dll
0x00007ff82ec00000 - 0x00007ff82ec0b000 	C:\Program Files\Java\jdk-17\bin\management_ext.dll
0x00007ff8496e0000 - 0x00007ff8496fb000 	C:\WINDOWS\SYSTEM32\CRYPTSP.dll
0x00007ff848df0000 - 0x00007ff848e2b000 	C:\WINDOWS\system32\rsaenh.dll
0x00007ff8494d0000 - 0x00007ff8494fb000 	C:\WINDOWS\SYSTEM32\USERENV.dll
0x00007ff849fc0000 - 0x00007ff849fe6000 	C:\WINDOWS\SYSTEM32\bcrypt.dll
0x00007ff8496d0000 - 0x00007ff8496dc000 	C:\WINDOWS\SYSTEM32\CRYPTBASE.dll
0x00007ff840a90000 - 0x00007ff840aae000 	C:\WINDOWS\SYSTEM32\dhcpcsvc6.DLL
0x00007ff840a60000 - 0x00007ff840a83000 	C:\WINDOWS\SYSTEM32\dhcpcsvc.DLL
0x00007ff825980000 - 0x00007ff825998000 	C:\WINDOWS\system32\napinsp.dll
0x00007ff822dd0000 - 0x00007ff822df8000 	C:\WINDOWS\system32\nlansp_c.dll
0x00007ff840ae0000 - 0x00007ff840af6000 	C:\WINDOWS\system32\wshbth.dll

dbghelp: loaded successfully - version: 4.0.5 - missing functions: none
symbol engine: initialized successfully - sym options: 0x614 - pdb path: .;C:\Program Files\Java\jdk-17\bin;C:\WINDOWS\SYSTEM32;C:\WINDOWS\WinSxS\amd64_microsoft.windows.common-controls_6595b64144ccf1df_6.0.26100.5074_none_3e0d6f78e32fd63f;C:\Program Files\Java\jdk-17\bin\server

VM Arguments:
jvm_args: -XX:TieredStopAtLevel=1 -Dspring.output.ansi.enabled=always -Dcom.sun.management.jmxremote -Dspring.jmx.enabled=true -Dspring.liveBeansView.mbeanDomain -Dspring.application.admin.enabled=true -Dmanagement.endpoints.jmx.exposure.include=* -javaagent:C:\Program Files\JetBrains\IntelliJ IDEA 2025.2.1\lib\idea_rt.jar=65369 -Dfile.encoding=UTF-8 
java_command: com.mail.mailCraft.MailCraftApplication
java_class_path (initial): C:\MailCraftAI\target\classes;C:\Users\Saurabh Srivastav\.m2\repository\org\springframework\boot\spring-boot-starter-web\3.5.5\spring-boot-starter-web-3.5.5.jar;C:\Users\Saurabh Srivastav\.m2\repository\org\springframework\boot\spring-boot-starter\3.5.5\spring-boot-starter-3.5.5.jar;C:\Users\Saurabh Srivastav\.m2\repository\org\springframework\boot\spring-boot-starter-logging\3.5.5\spring-boot-starter-logging-3.5.5.jar;C:\Users\Saurabh Srivastav\.m2\repository\ch\qos\logback\logback-classic\1.5.18\logback-classic-1.5.18.jar;C:\Users\Saurabh Srivastav\.m2\repository\ch\qos\logback\logback-core\1.5.18\logback-core-1.5.18.jar;C:\Users\Saurabh Srivastav\.m2\repository\org\apache\logging\log4j\log4j-to-slf4j\2.24.3\log4j-to-slf4j-2.24.3.jar;C:\Users\Saurabh Srivastav\.m2\repository\org\apache\logging\log4j\log4j-api\2.24.3\log4j-api-2.24.3.jar;C:\Users\Saurabh Srivastav\.m2\repository\org\slf4j\jul-to-slf4j\2.0.17\jul-to-slf4j-2.0.17.jar;C:\Users\Saurabh Srivastav\.m2\repository\jakarta\annotation\jakarta.annotation-api\2.1.1\jakarta.annotation-api-2.1.1.jar;C:\Users\Saurabh Srivastav\.m2\repository\org\yaml\snakeyaml\2.4\snakeyaml-2.4.jar;C:\Users\Saurabh Srivastav\.m2\repository\org\springframework\boot\spring-boot-starter-json\3.5.5\spring-boot-starter-json-3.5.5.jar;C:\Users\Saurabh Srivastav\.m2\repository\com\fasterxml\jackson\core\jackson-databind\2.19.2\jackson-databind-2.19.2.jar;C:\Users\Saurabh Srivastav\.m2\repository\com\fasterxml\jackson\core\jackson-annotations\2.19.2\jackson-annotations-2.19.2.jar;C:\Users\Saurabh Srivastav\.m2\repository\com\fasterxml\jackson\core\jackson-core\2.19.2\jackson-core-2.19.2.jar;C:\Users\Saurabh Srivastav\.m2\repository\com\fasterxml\jackson\datatype\jackson-datatype-jdk8\2.19.2\jackson-datatype-jdk8-2.19.2.jar;C:\Users\Saurabh Srivastav\.m2\repository\com\fasterxml\jackson\datatype\jackson-datatype-jsr310\2.19.2\jackson-datatype-jsr310-2.19.2.jar;C:\Users\Saurabh Srivastav\.m2\repository\com\fast
Launcher Type: SUN_STANDARD

[Global flags]
     intx CICompilerCount                          = 4                                         {product} {ergonomic}
     uint ConcGCThreads                            = 2                                         {product} {ergonomic}
     uint G1ConcRefinementThreads                  = 8                                         {product} {ergonomic}
   size_t G1HeapRegionSize                         = 2097152                                   {product} {ergonomic}
    uintx GCDrainStackTargetSize                   = 64                                        {product} {ergonomic}
   size_t InitialHeapSize                          = 266338304                                 {product} {ergonomic}
     bool ManagementServer                         = true                                      {product} {command line}
   size_t MarkStackSize                            = 4194304                                   {product} {ergonomic}
   size_t MaxHeapSize                              = 4253024256                                {product} {ergonomic}
   size_t MaxNewSize                               = 2550136832                                {product} {ergonomic}
   size_t MinHeapDeltaBytes                        = 2097152                                   {product} {ergonomic}
   size_t MinHeapSize                              = 8388608                                   {product} {ergonomic}
    uintx NonProfiledCodeHeapSize                  = 0                                      {pd product} {ergonomic}
     bool ProfileInterpreter                       = false                                  {pd product} {command line}
    uintx ProfiledCodeHeapSize                     = 0                                      {pd product} {ergonomic}
   size_t SoftMaxHeapSize                          = 4253024256                             {manageable} {ergonomic}
     intx TieredStopAtLevel                        = 1                                         {product} {command line}
     bool UseCompressedClassPointers               = true                           {product lp64_product} {ergonomic}
     bool UseCompressedOops                        = true                           {product lp64_product} {ergonomic}
     bool UseG1GC                                  = true                                      {product} {ergonomic}
     bool UseLargePagesIndividualAllocation        = false                                  {pd product} {ergonomic}

Logging:
Log output configuration:
 #0: stdout all=warning uptime,level,tags
 #1: stderr all=off uptime,level,tags

Environment Variables:
PATH=C:\Python313\Scripts\;C:\Python313\;C:\Program Files\Common Files\Oracle\Java\javapath;C:\Windows\system32;C:\Windows;C:\Windows\System32\Wbem;C:\Windows\System32\WindowsPowerShell\v1.0\;C:\Windows\System32\OpenSSH\;C:\Program Files (x86)\NVIDIA Corporation\PhysX\Common;C:\Program Files\NVIDIA Corporation\NVIDIA NvDLISR;C:\WINDOWS\system32;C:\WINDOWS;C:\WINDOWS\System32\Wbem;C:\WINDOWS\System32\WindowsPowerShell\v1.0\;C:\WINDOWS\System32\OpenSSH\;C:\MinGW\bin;C:\Program Files\Git\cmd;C:\Program Files\Git\mingw64\bin;C:\Program Files\Git\usr\bin;C:\Program Files\dotnet\;C:\ProgramData\chocolatey\bin;C:\Program Files\Java\jdk-17\bin;C:\Program Files\PostgreSQL\17\bin;C:\maven\apache-maven-3.9.9\bin;C:\Program Files\nodejs\;C:\Program Files\MongoDB\Server\8.0\bin;C:\Stripe;;C:\Program Files\Docker\Docker\resources\bin;C:\Users\Saurabh Srivastav\scoop\shims;C:\Users\Saurabh Srivastav\AppData\Local\Microsoft\WindowsApps;C:\Users\Saurabh Srivastav\AppData\Local\Programs\Microsoft VS Code\bin;C:\Program Files\JetBrains\IntelliJ IDEA Community Edition 2024.2.3\bin;;C:\Users\Saurabh Srivastav\AppData\Local\Programs\mongosh\;C:\Program Files\JetBrains\IntelliJ IDEA 2024.2.4\bin;;C:\Users\Saurabh Srivastav\AppData\Roaming\npm;C:\Program Files\MongoDB\Server\8.0\bin;C:\Users\Saurabh Srivastav\AppData\Roaming\Python\Python313\Scripts;
USERNAME=Saurabh Srivastav
OS=Windows_NT
PROCESSOR_IDENTIFIER=Intel64 Family 6 Model 165 Stepping 2, GenuineIntel



---------------  S Y S T E M  ---------------

OS:
 Windows 11 , 64 bit Build 26100 (10.0.26100.5074)
OS uptime: 0 days 10:39 hours
Hyper-V role detected

CPU: total 8 (initial active 8) (4 cores per cpu, 2 threads per core) family 6 model 165 stepping 2 microcode 0xe0, cx8, cmov, fxsr, ht, mmx, 3dnowpref, sse, sse2, sse3, ssse3, sse4.1, sse4.2, popcnt, lzcnt, tsc, tscinvbit, avx, avx2, aes, erms, clmul, bmi1, bmi2, adx, fma, vzeroupper, clflush, clflushopt, hv

Memory: 4k page, system-wide physical 16221M (4012M free)
TotalPageFile size 16221M (AvailPageFile size 0M)
current process WorkingSet (physical memory assigned to process): 57M, peak: 57M
current process commit charge ("private bytes"): 346M, peak: 346M

vm_info: Java HotSpot(TM) 64-Bit Server VM (17.0.12+8-LTS-286) for windows-amd64 JRE (17.0.12+8-LTS-286), built on Jun  5 2024 06:46:59 by "mach5one" with MS VC++ 17.6 (VS2022)

END.
