#
# There is insufficient memory for the Java Runtime Environment to continue.
# Native memory allocation (malloc) failed to allocate 2260384 bytes. Error detail: Chunk::new
# Possible reasons:
#   The system is out of physical RAM or swap space
#   This process is running with CompressedOops enabled, and the Java Heap may be blocking the growth of the native heap
# Possible solutions:
#   Reduce memory load on the system
#   Increase physical memory or swap space
#   Check if swap backing store is full
#   Decrease Java heap size (-Xmx/-Xms)
#   Decrease number of Java threads
#   Decrease Java thread stack sizes (-Xss)
#   Set larger code cache with -XX:ReservedCodeCacheSize=
#   JVM is running with Unscaled Compressed Oops mode in which the Java heap is
#     placed in the first 4GB address space. The Java Heap base address is the
#     maximum limit for the native heap growth. Please use -XX:HeapBaseMinAddress
#     to set the Java Heap base and to place the Java Heap above 4GB virtual address.
# This output file may be truncated or incomplete.
#
#  Out of Memory Error (arena.cpp:168), pid=12896, tid=2040
#
# JRE version: OpenJDK Runtime Environment Temurin-21.0.8+9 (21.0.8+9) (build 21.0.8+9-LTS)
# Java VM: OpenJDK 64-Bit Server VM Temurin-21.0.8+9 (21.0.8+9-LTS, mixed mode, sharing, tiered, compressed oops, compressed class ptrs, parallel gc, windows-amd64)
# No core dump will be written. Minidumps are not enabled by default on client versions of Windows
#

---------------  S U M M A R Y ------------

Command Line: --add-modules=ALL-SYSTEM --add-opens=java.base/java.util=ALL-UNNAMED --add-opens=java.base/java.lang=ALL-UNNAMED --add-opens=java.base/sun.nio.fs=ALL-UNNAMED -Declipse.application=org.eclipse.jdt.ls.core.id1 -Dosgi.bundles.defaultStartLevel=4 -Declipse.product=org.eclipse.jdt.ls.core.product -Djava.import.generatesMetadataFilesAtProjectRoot=false -DDetectVMInstallationsJob.disabled=true -Dfile.encoding=utf8 -XX:+UseParallelGC -XX:GCTimeRatio=4 -XX:AdaptiveSizePolicyWeight=90 -Dsun.zip.disableMemoryMapping=true -Xmx2G -Xms100m -Xlog:disable -javaagent:c:\Users\Saurabh Srivastav\.vscode\extensions\redhat.java-1.45.0-win32-x64\lombok\lombok-1.18.39-4050.jar -XX:+HeapDumpOnOutOfMemoryError -XX:HeapDumpPath=c:\Users\Saurabh Srivastav\AppData\Roaming\Code\User\workspaceStorage\17dfe8dcec327ca22c02d003be7f3dce\redhat.java -Daether.dependencyCollector.impl=bf c:\Users\Saurabh Srivastav\.vscode\extensions\redhat.java-1.45.0-win32-x64\server\plugins\org.eclipse.equinox.launcher_1.7.0.v20250519-0528.jar -configuration c:\Users\Saurabh Srivastav\AppData\Roaming\Code\User\globalStorage\redhat.java\1.45.0\config_win -data c:\Users\Saurabh Srivastav\AppData\Roaming\Code\User\workspaceStorage\17dfe8dcec327ca22c02d003be7f3dce\redhat.java\jdt_ws --pipe=\\.\pipe\lsp-0e348be26d5983d883149956e4bda193-sock

Host: Intel(R) Core(TM) i5-10300H CPU @ 2.50GHz, 8 cores, 15G,  Windows 11 , 64 bit Build 26100 (10.0.26100.5074)
Time: Thu Sep 11 00:32:04 2025 India Standard Time elapsed time: 20.522408 seconds (0d 0h 0m 20s)

---------------  T H R E A D  ---------------

Current thread (0x000001d4b609fd70):  JavaThread "C2 CompilerThread0" daemon [_thread_in_native, id=2040, stack(0x0000009236e00000,0x0000009236f00000) (1024K)]


Current CompileTask:
C2:20522 12494   !   4       org.eclipse.jdt.internal.core.search.indexing.BinaryIndexer::indexDocument (1168 bytes)

Stack: [0x0000009236e00000,0x0000009236f00000]
Native frames: (J=compiled Java code, j=interpreted, Vv=VM code, C=native code)
V  [jvm.dll+0x6d2449]
V  [jvm.dll+0x8ae341]
V  [jvm.dll+0x8b08be]
V  [jvm.dll+0x8b0fa3]
V  [jvm.dll+0x280c96]
V  [jvm.dll+0xc581d]
V  [jvm.dll+0xc5d53]
V  [jvm.dll+0x3b919c]
V  [jvm.dll+0x1e1409]
V  [jvm.dll+0x249022]
V  [jvm.dll+0x2484af]
V  [jvm.dll+0x1c89ee]
V  [jvm.dll+0x257d4d]
V  [jvm.dll+0x2562ea]
V  [jvm.dll+0x3f2d16]
V  [jvm.dll+0x857e6b]
V  [jvm.dll+0x6d0b0d]
C  [ucrtbase.dll+0x37b0]
C  [KERNEL32.DLL+0x2e8d7]
C  [ntdll.dll+0x8d9c]


---------------  P R O C E S S  ---------------

Threads class SMR info:
_java_thread_list=0x000001d517f2b240, length=57, elements={
0x000001d4b3c79bd0, 0x000001d4b61bb290, 0x000001d4b61bd2a0, 0x000001d4b6077940,
0x000001d4b6078390, 0x000001d4b607ead0, 0x000001d4b60905c0, 0x000001d4b609fd70,
0x000001d4b60a04c0, 0x000001d50f514e60, 0x000001d50f770500, 0x000001d51428a580,
0x000001d5147c9540, 0x000001d514454fa0, 0x000001d5146f3ce0, 0x000001d514a06e30,
0x000001d514bb5040, 0x000001d514d49220, 0x000001d514d498b0, 0x000001d514d477e0,
0x000001d514d4a5d0, 0x000001d514d48b90, 0x000001d514d47e70, 0x000001d514d49f40,
0x000001d514d4ac60, 0x000001d514d48500, 0x000001d5155a0020, 0x000001d51559e5e0,
0x000001d5155a20f0, 0x000001d51559f990, 0x000001d5155a1a60, 0x000001d5155a06b0,
0x000001d51559ec70, 0x000001d5155a13d0, 0x000001d5155a0d40, 0x000001d5155a2780,
0x000001d51559f300, 0x000001d5155a41c0, 0x000001d5155a2e10, 0x000001d5155a34a0,
0x000001d5155a4850, 0x000001d5155a3b30, 0x000001d5155a5c00, 0x000001d515c69350,
0x000001d515c6c7d0, 0x000001d515c6a700, 0x000001d515c6b420, 0x000001d515c6ad90,
0x000001d515c6c140, 0x000001d515c699e0, 0x000001d515c6ce60, 0x000001d515c6bab0,
0x000001d515c6d4f0, 0x000001d515c6a070, 0x000001d515c6e210, 0x000001d515c6db80,
0x000001d515c6e8a0
}

Java Threads: ( => current thread )
  0x000001d4b3c79bd0 JavaThread "main"                              [_thread_blocked, id=25336, stack(0x0000009236400000,0x0000009236500000) (1024K)]
  0x000001d4b61bb290 JavaThread "Reference Handler"          daemon [_thread_blocked, id=23328, stack(0x0000009236800000,0x0000009236900000) (1024K)]
  0x000001d4b61bd2a0 JavaThread "Finalizer"                  daemon [_thread_blocked, id=12488, stack(0x0000009236900000,0x0000009236a00000) (1024K)]
  0x000001d4b6077940 JavaThread "Signal Dispatcher"          daemon [_thread_blocked, id=19260, stack(0x0000009236a00000,0x0000009236b00000) (1024K)]
  0x000001d4b6078390 JavaThread "Attach Listener"            daemon [_thread_blocked, id=7120, stack(0x0000009236b00000,0x0000009236c00000) (1024K)]
  0x000001d4b607ead0 JavaThread "Service Thread"             daemon [_thread_blocked, id=17180, stack(0x0000009236c00000,0x0000009236d00000) (1024K)]
  0x000001d4b60905c0 JavaThread "Monitor Deflation Thread"   daemon [_thread_blocked, id=25408, stack(0x0000009236d00000,0x0000009236e00000) (1024K)]
=>0x000001d4b609fd70 JavaThread "C2 CompilerThread0"         daemon [_thread_in_native, id=2040, stack(0x0000009236e00000,0x0000009236f00000) (1024K)]
  0x000001d4b60a04c0 JavaThread "C1 CompilerThread0"         daemon [_thread_blocked, id=2160, stack(0x0000009236f00000,0x0000009237000000) (1024K)]
  0x000001d50f514e60 JavaThread "Common-Cleaner"             daemon [_thread_blocked, id=24616, stack(0x0000009237000000,0x0000009237100000) (1024K)]
  0x000001d50f770500 JavaThread "Notification Thread"        daemon [_thread_blocked, id=20880, stack(0x0000009237200000,0x0000009237300000) (1024K)]
  0x000001d51428a580 JavaThread "Active Thread: Equinox Container: 5a105d0a-692d-4844-a66a-f3966327d7a0"        [_thread_blocked, id=25184, stack(0x0000009237a00000,0x0000009237b00000) (1024K)]
  0x000001d5147c9540 JavaThread "Refresh Thread: Equinox Container: 5a105d0a-692d-4844-a66a-f3966327d7a0" daemon [_thread_blocked, id=20992, stack(0x0000009237c00000,0x0000009237d00000) (1024K)]
  0x000001d514454fa0 JavaThread "Framework Event Dispatcher: Equinox Container: 5a105d0a-692d-4844-a66a-f3966327d7a0" daemon [_thread_blocked, id=6168, stack(0x0000009237d00000,0x0000009237e00000) (1024K)]
  0x000001d5146f3ce0 JavaThread "Start Level: Equinox Container: 5a105d0a-692d-4844-a66a-f3966327d7a0" daemon [_thread_blocked, id=24724, stack(0x0000009237e00000,0x0000009237f00000) (1024K)]
  0x000001d514a06e30 JavaThread "Bundle File Closer"         daemon [_thread_blocked, id=11208, stack(0x0000009237f00000,0x0000009238000000) (1024K)]
  0x000001d514bb5040 JavaThread "SCR Component Actor"        daemon [_thread_blocked, id=2996, stack(0x0000009238000000,0x0000009238100000) (1024K)]
  0x000001d514d49220 JavaThread "Worker-JM"                         [_thread_blocked, id=22948, stack(0x0000009238200000,0x0000009238300000) (1024K)]
  0x000001d514d498b0 JavaThread "Worker-0"                          [_thread_blocked, id=2812, stack(0x0000009238300000,0x0000009238400000) (1024K)]
  0x000001d514d477e0 JavaThread "Worker-1"                          [_thread_blocked, id=2468, stack(0x0000009238400000,0x0000009238500000) (1024K)]
  0x000001d514d4a5d0 JavaThread "Java indexing"              daemon [_thread_blocked, id=8488, stack(0x0000009238500000,0x0000009238600000) (1024K)]
  0x000001d514d48b90 JavaThread "JNA Cleaner"                daemon [_thread_blocked, id=4124, stack(0x0000009238600000,0x0000009238700000) (1024K)]
  0x000001d514d47e70 JavaThread "Worker-2: Java indexing... "        [_thread_blocked, id=23628, stack(0x0000009238900000,0x0000009238a00000) (1024K)]
  0x000001d514d49f40 JavaThread "Worker-3"                          [_thread_blocked, id=20708, stack(0x0000009238a00000,0x0000009238b00000) (1024K)]
  0x000001d514d4ac60 JavaThread "Thread-2"                   daemon [_thread_in_native, id=9780, stack(0x0000009238b00000,0x0000009238c00000) (1024K)]
  0x000001d514d48500 JavaThread "Thread-3"                   daemon [_thread_in_native, id=6064, stack(0x0000009238c00000,0x0000009238d00000) (1024K)]
  0x000001d5155a0020 JavaThread "Thread-4"                   daemon [_thread_in_native, id=3368, stack(0x0000009238d00000,0x0000009238e00000) (1024K)]
  0x000001d51559e5e0 JavaThread "Thread-5"                   daemon [_thread_in_native, id=12552, stack(0x0000009238e00000,0x0000009238f00000) (1024K)]
  0x000001d5155a20f0 JavaThread "Thread-6"                   daemon [_thread_in_native, id=4168, stack(0x0000009238f00000,0x0000009239000000) (1024K)]
  0x000001d51559f990 JavaThread "Thread-7"                   daemon [_thread_in_native, id=11808, stack(0x0000009239000000,0x0000009239100000) (1024K)]
  0x000001d5155a1a60 JavaThread "Thread-8"                   daemon [_thread_in_native, id=14384, stack(0x0000009239100000,0x0000009239200000) (1024K)]
  0x000001d5155a06b0 JavaThread "Thread-9"                   daemon [_thread_in_native, id=9876, stack(0x0000009239200000,0x0000009239300000) (1024K)]
  0x000001d51559ec70 JavaThread "Thread-10"                  daemon [_thread_in_native, id=6996, stack(0x0000009239300000,0x0000009239400000) (1024K)]
  0x000001d5155a13d0 JavaThread "pool-2-thread-1"                   [_thread_blocked, id=20396, stack(0x0000009239400000,0x0000009239500000) (1024K)]
  0x000001d5155a0d40 JavaThread "Worker-4"                          [_thread_blocked, id=4632, stack(0x0000009239500000,0x0000009239600000) (1024K)]
  0x000001d5155a2780 JavaThread "WorkspaceEventsHandler"            [_thread_blocked, id=11048, stack(0x0000009239700000,0x0000009239800000) (1024K)]
  0x000001d51559f300 JavaThread "pool-1-thread-1"                   [_thread_blocked, id=11296, stack(0x0000009239800000,0x0000009239900000) (1024K)]
  0x000001d5155a41c0 JavaThread "Worker-5: Check JDK Index"         [_thread_blocked, id=7736, stack(0x0000009239900000,0x0000009239a00000) (1024K)]
  0x000001d5155a2e10 JavaThread "LocalFile Deleter"          daemon [_thread_blocked, id=12984, stack(0x0000009239b00000,0x0000009239c00000) (1024K)]
  0x000001d5155a34a0 JavaThread "LocalFile Deleter"          daemon [_thread_blocked, id=12884, stack(0x0000009239c00000,0x0000009239d00000) (1024K)]
  0x000001d5155a4850 JavaThread "LocalFile Deleter"          daemon [_thread_blocked, id=10928, stack(0x0000009239d00000,0x0000009239e00000) (1024K)]
  0x000001d5155a3b30 JavaThread "LocalFile Deleter"          daemon [_thread_blocked, id=13292, stack(0x0000009239e00000,0x0000009239f00000) (1024K)]
  0x000001d5155a5c00 JavaThread "LocalFile Deleter"          daemon [_thread_blocked, id=10704, stack(0x0000009239f00000,0x000000923a000000) (1024K)]
  0x000001d515c69350 JavaThread "LocalFile Deleter"          daemon [_thread_blocked, id=16932, stack(0x000000923a000000,0x000000923a100000) (1024K)]
  0x000001d515c6c7d0 JavaThread "LocalFile Deleter"          daemon [_thread_blocked, id=18080, stack(0x000000923a100000,0x000000923a200000) (1024K)]
  0x000001d515c6a700 JavaThread "LocalFile Deleter"          daemon [_thread_blocked, id=18448, stack(0x000000923a200000,0x000000923a300000) (1024K)]
  0x000001d515c6b420 JavaThread "Compiler Source File Reader" daemon [_thread_blocked, id=2032, stack(0x000000923a300000,0x000000923a400000) (1024K)]
  0x000001d515c6ad90 JavaThread "Compiler Source File Reader" daemon [_thread_blocked, id=18868, stack(0x000000923a400000,0x000000923a500000) (1024K)]
  0x000001d515c6c140 JavaThread "Compiler Source File Reader" daemon [_thread_blocked, id=10568, stack(0x000000923a500000,0x000000923a600000) (1024K)]
  0x000001d515c699e0 JavaThread "Compiler Source File Reader" daemon [_thread_blocked, id=15600, stack(0x000000923a600000,0x000000923a700000) (1024K)]
  0x000001d515c6ce60 JavaThread "Compiler Processing Task"   daemon [_thread_blocked, id=25388, stack(0x000000923a700000,0x000000923a800000) (1024K)]
  0x000001d515c6bab0 JavaThread "Compiler Class File Writer" daemon [_thread_blocked, id=11676, stack(0x000000923a800000,0x000000923a900000) (1024K)]
  0x000001d515c6d4f0 JavaThread "Compiler Class File Writer" daemon [_thread_blocked, id=14460, stack(0x000000923a900000,0x000000923aa00000) (1024K)]
  0x000001d515c6a070 JavaThread "Compiler Class File Writer" daemon [_thread_blocked, id=11372, stack(0x000000923aa00000,0x000000923ab00000) (1024K)]
  0x000001d515c6e210 JavaThread "Compiler Class File Writer" daemon [_thread_blocked, id=10616, stack(0x000000923ab00000,0x000000923ac00000) (1024K)]
  0x000001d515c6db80 JavaThread "Compiler Source File Reader" daemon [_thread_blocked, id=17500, stack(0x000000923ac00000,0x000000923ad00000) (1024K)]
  0x000001d515c6e8a0 JavaThread "Compiler Class File Writer" daemon [_thread_blocked, id=12032, stack(0x000000923ad00000,0x000000923ae00000) (1024K)]
Total: 57

Other Threads:
  0x000001d4b619fae0 VMThread "VM Thread"                           [id=21940, stack(0x0000009236700000,0x0000009236800000) (1024K)]
  0x000001d4b5f8ca00 WatcherThread "VM Periodic Task Thread"        [id=9520, stack(0x0000009236600000,0x0000009236700000) (1024K)]
  0x000001d4b611c7b0 WorkerThread "GC Thread#0"                     [id=12800, stack(0x0000009236500000,0x0000009236600000) (1024K)]
  0x000001d51429e2b0 WorkerThread "GC Thread#1"                     [id=17848, stack(0x0000009237400000,0x0000009237500000) (1024K)]
  0x000001d51429e650 WorkerThread "GC Thread#2"                     [id=5472, stack(0x0000009237500000,0x0000009237600000) (1024K)]
  0x000001d51429e9f0 WorkerThread "GC Thread#3"                     [id=22780, stack(0x0000009237600000,0x0000009237700000) (1024K)]
  0x000001d5145996a0 WorkerThread "GC Thread#4"                     [id=372, stack(0x0000009237700000,0x0000009237800000) (1024K)]
  0x000001d514599a40 WorkerThread "GC Thread#5"                     [id=20476, stack(0x0000009237800000,0x0000009237900000) (1024K)]
  0x000001d514599de0 WorkerThread "GC Thread#6"                     [id=17708, stack(0x0000009237900000,0x0000009237a00000) (1024K)]
  0x000001d51487a010 WorkerThread "GC Thread#7"                     [id=4284, stack(0x0000009237b00000,0x0000009237c00000) (1024K)]
Total: 10

Threads with active compile tasks:
C2 CompilerThread0  20541 12494   !   4       org.eclipse.jdt.internal.core.search.indexing.BinaryIndexer::indexDocument (1168 bytes)
Total: 1

VM state: not at safepoint (normal execution)

VM Mutex/Monitor currently owned by a thread: None

Heap address: 0x0000000080000000, size: 2048 MB, Compressed Oops mode: 32-bit

CDS archive(s) mapped at: [0x000001d4cd000000-0x000001d4cdba0000-0x000001d4cdba0000), size 12189696, SharedBaseAddress: 0x000001d4cd000000, ArchiveRelocationMode: 1.
Compressed class space mapped at: 0x000001d4ce000000-0x000001d50e000000, reserved size: 1073741824
Narrow klass base: 0x000001d4cd000000, Narrow klass shift: 0, Narrow klass range: 0x100000000

GC Precious Log:
 CardTable entry size: 512
 CPUs: 8 total, 8 available
 Memory: 16221M
 Large Page Support: Disabled
 NUMA Support: Disabled
 Compressed Oops: Enabled (32-bit)
 Alignments: Space 512K, Generation 512K, Heap 2M
 Heap Min Capacity: 100M
 Heap Initial Capacity: 100M
 Heap Max Capacity: 2G
 Pre-touch: Disabled
 Parallel Workers: 8

Heap:
 PSYoungGen      total 3584K, used 1307K [0x00000000d5580000, 0x00000000d5a80000, 0x0000000100000000)
  eden space 3072K, 27% used [0x00000000d5580000,0x00000000d5656db0,0x00000000d5880000)
  from space 512K, 87% used [0x00000000d5880000,0x00000000d58f0000,0x00000000d5900000)
  to   space 512K, 0% used [0x00000000d5a00000,0x00000000d5a00000,0x00000000d5a80000)
 ParOldGen       total 491520K, used 491073K [0x0000000080000000, 0x000000009e000000, 0x00000000d5580000)
  object space 491520K, 99% used [0x0000000080000000,0x000000009df90788,0x000000009e000000)
 Metaspace       used 69819K, committed 71296K, reserved 1114112K
  class space    used 7479K, committed 8128K, reserved 1048576K

Card table byte_map: [0x000001d4b5aa0000,0x000001d4b5eb0000] _byte_map_base: 0x000001d4b56a0000

Marking Bits: (ParMarkBitMap*) 0x00007ff94b34a340
 Begin Bits: [0x000001d4c85a0000, 0x000001d4ca5a0000)
 End Bits:   [0x000001d4ca5a0000, 0x000001d4cc5a0000)

Polling page: 0x000001d4b3f00000

Metaspace:

Usage:
  Non-class:     60.88 MB used.
      Class:      7.30 MB used.
       Both:     68.18 MB used.

Virtual space:
  Non-class space:       64.00 MB reserved,      61.69 MB ( 96%) committed,  1 nodes.
      Class space:        1.00 GB reserved,       7.94 MB ( <1%) committed,  1 nodes.
             Both:        1.06 GB reserved,      69.62 MB (  6%) committed. 

Chunk freelists:
   Non-Class:  1.50 MB
       Class:  8.09 MB
        Both:  9.59 MB

MaxMetaspaceSize: unlimited
CompressedClassSpaceSize: 1.00 GB
Initial GC threshold: 21.00 MB
Current GC threshold: 97.31 MB
CDS: on
 - commit_granule_bytes: 65536.
 - commit_granule_words: 8192.
 - virtual_space_node_default_size: 8388608.
 - enlarge_chunks_in_place: 1.
 - use_allocation_guard: 0.


Internal statistics:

num_allocs_failed_limit: 11.
num_arena_births: 1188.
num_arena_deaths: 22.
num_vsnodes_births: 2.
num_vsnodes_deaths: 0.
num_space_committed: 1114.
num_space_uncommitted: 0.
num_chunks_returned_to_freelist: 37.
num_chunks_taken_from_freelist: 4241.
num_chunk_merges: 19.
num_chunk_splits: 2606.
num_chunks_enlarged: 1546.
num_inconsistent_stats: 0.

CodeHeap 'non-profiled nmethods': size=120000Kb used=9421Kb max_used=9421Kb free=110579Kb
 bounds [0x000001d4c0dc0000, 0x000001d4c1700000, 0x000001d4c82f0000]
CodeHeap 'profiled nmethods': size=120000Kb used=25330Kb max_used=25330Kb free=94670Kb
 bounds [0x000001d4b92f0000, 0x000001d4babb0000, 0x000001d4c0820000]
CodeHeap 'non-nmethods': size=5760Kb used=1467Kb max_used=1562Kb free=4293Kb
 bounds [0x000001d4c0820000, 0x000001d4c0a90000, 0x000001d4c0dc0000]
CodeCache: size=245760Kb, used=36218Kb, max_used=36313Kb, free=209542Kb
 total_blobs=12529, nmethods=11746, adapters=689, full_count=0
Compilation: enabled, stopped_count=0, restarted_count=0

Compilation events (20 events):
Event: 19.233 Thread 0x000001d4b60a04c0 12525       3       java.io.FilterOutputStream::<init> (21 bytes)
Event: 19.233 Thread 0x000001d4b60a04c0 nmethod 12525 0x000001d4baba7590 code [0x000001d4baba7740, 0x000001d4baba79f0]
Event: 19.315 Thread 0x000001d4b60a04c0 12526   !   3       org.eclipse.core.internal.jobs.JobManager::sleepHint (67 bytes)
Event: 19.316 Thread 0x000001d4b60a04c0 nmethod 12526 0x000001d4baba7b10 code [0x000001d4baba7d80, 0x000001d4baba8850]
Event: 19.316 Thread 0x000001d4b60a04c0 12527       3       org.eclipse.core.internal.jobs.JobQueue::isEmpty (18 bytes)
Event: 19.316 Thread 0x000001d4b60a04c0 nmethod 12527 0x000001d4baba8d10 code [0x000001d4baba8ec0, 0x000001d4baba9050]
Event: 19.341 Thread 0x000001d4b60a04c0 12528       3       java.util.jar.Attributes$Name::equals (39 bytes)
Event: 19.341 Thread 0x000001d4b60a04c0 nmethod 12528 0x000001d4baba9110 code [0x000001d4baba92e0, 0x000001d4baba96f8]
Event: 19.344 Thread 0x000001d4b60a04c0 12529       3       java.lang.StackStreamFactory$AbstractStackWalker::checkState (159 bytes)
Event: 19.345 Thread 0x000001d4b60a04c0 nmethod 12529 0x000001d4baba9810 code [0x000001d4baba9ae0, 0x000001d4babaa6e0]
Event: 19.345 Thread 0x000001d4b60a04c0 12530       3       sun.nio.cs.StreamEncoder::implFlushBuffer (15 bytes)
Event: 19.345 Thread 0x000001d4b60a04c0 nmethod 12530 0x000001d4babaab90 code [0x000001d4babaad40, 0x000001d4babaaed0]
Event: 19.347 Thread 0x000001d4b60a04c0 12531       3       org.eclipse.jdt.internal.compiler.util.SimpleLookupTable::<init> (49 bytes)
Event: 19.347 Thread 0x000001d4b60a04c0 nmethod 12531 0x000001d4babaaf90 code [0x000001d4babab160, 0x000001d4babab490]
Event: 19.347 Thread 0x000001d4b60a04c0 12532       3       java.io.Writer::<init> (22 bytes)
Event: 19.347 Thread 0x000001d4b60a04c0 nmethod 12532 0x000001d4babab590 code [0x000001d4babab740, 0x000001d4babab9c0]
Event: 19.480 Thread 0x000001d4b60a04c0 12535       3       org.eclipse.core.runtime.jobs.Job::getPriority (5 bytes)
Event: 19.480 Thread 0x000001d4b60a04c0 nmethod 12535 0x000001d4bababb10 code [0x000001d4bababca0, 0x000001d4bababdc0]
Event: 19.505 Thread 0x000001d4b60a04c0 12537       3       org.eclipse.jdt.internal.compiler.util.Util::scanTypeArgumentSignature (62 bytes)
Event: 19.505 Thread 0x000001d4b60a04c0 nmethod 12537 0x000001d4bababe90 code [0x000001d4babac0c0, 0x000001d4babac5f0]

GC Heap History (20 events):
Event: 19.409 GC heap after
{Heap after GC invocations=542 (full 3):
 PSYoungGen      total 3584K, used 448K [0x00000000d5580000, 0x00000000d5980000, 0x0000000100000000)
  eden space 2560K, 0% used [0x00000000d5580000,0x00000000d5580000,0x00000000d5800000)
  from space 1024K, 43% used [0x00000000d5800000,0x00000000d5870000,0x00000000d5900000)
  to   space 512K, 0% used [0x00000000d5900000,0x00000000d5900000,0x00000000d5980000)
 ParOldGen       total 485888K, used 485473K [0x0000000080000000, 0x000000009da80000, 0x00000000d5580000)
  object space 485888K, 99% used [0x0000000080000000,0x000000009da18658,0x000000009da80000)
 Metaspace       used 69818K, committed 71296K, reserved 1114112K
  class space    used 7479K, committed 8128K, reserved 1048576K
}
Event: 19.417 GC heap before
{Heap before GC invocations=543 (full 3):
 PSYoungGen      total 3584K, used 3008K [0x00000000d5580000, 0x00000000d5980000, 0x0000000100000000)
  eden space 2560K, 100% used [0x00000000d5580000,0x00000000d5800000,0x00000000d5800000)
  from space 1024K, 43% used [0x00000000d5800000,0x00000000d5870000,0x00000000d5900000)
  to   space 512K, 0% used [0x00000000d5900000,0x00000000d5900000,0x00000000d5980000)
 ParOldGen       total 485888K, used 485473K [0x0000000080000000, 0x000000009da80000, 0x00000000d5580000)
  object space 485888K, 99% used [0x0000000080000000,0x000000009da18658,0x000000009da80000)
 Metaspace       used 69818K, committed 71296K, reserved 1114112K
  class space    used 7479K, committed 8128K, reserved 1048576K
}
Event: 19.418 GC heap after
{Heap after GC invocations=543 (full 3):
 PSYoungGen      total 3072K, used 448K [0x00000000d5580000, 0x00000000d5980000, 0x0000000100000000)
  eden space 2560K, 0% used [0x00000000d5580000,0x00000000d5580000,0x00000000d5800000)
  from space 512K, 87% used [0x00000000d5900000,0x00000000d5970000,0x00000000d5980000)
  to   space 512K, 0% used [0x00000000d5880000,0x00000000d5880000,0x00000000d5900000)
 ParOldGen       total 485888K, used 485817K [0x0000000080000000, 0x000000009da80000, 0x00000000d5580000)
  object space 485888K, 99% used [0x0000000080000000,0x000000009da6e658,0x000000009da80000)
 Metaspace       used 69818K, committed 71296K, reserved 1114112K
  class space    used 7479K, committed 8128K, reserved 1048576K
}
Event: 19.426 GC heap before
{Heap before GC invocations=544 (full 3):
 PSYoungGen      total 3072K, used 3008K [0x00000000d5580000, 0x00000000d5980000, 0x0000000100000000)
  eden space 2560K, 100% used [0x00000000d5580000,0x00000000d5800000,0x00000000d5800000)
  from space 512K, 87% used [0x00000000d5900000,0x00000000d5970000,0x00000000d5980000)
  to   space 512K, 0% used [0x00000000d5880000,0x00000000d5880000,0x00000000d5900000)
 ParOldGen       total 485888K, used 485817K [0x0000000080000000, 0x000000009da80000, 0x00000000d5580000)
  object space 485888K, 99% used [0x0000000080000000,0x000000009da6e658,0x000000009da80000)
 Metaspace       used 69818K, committed 71296K, reserved 1114112K
  class space    used 7479K, committed 8128K, reserved 1048576K
}
Event: 19.427 GC heap after
{Heap after GC invocations=544 (full 3):
 PSYoungGen      total 3072K, used 512K [0x00000000d5580000, 0x00000000d5a00000, 0x0000000100000000)
  eden space 2560K, 0% used [0x00000000d5580000,0x00000000d5580000,0x00000000d5800000)
  from space 512K, 100% used [0x00000000d5880000,0x00000000d5900000,0x00000000d5900000)
  to   space 1024K, 0% used [0x00000000d5900000,0x00000000d5900000,0x00000000d5a00000)
 ParOldGen       total 486400K, used 486161K [0x0000000080000000, 0x000000009db00000, 0x00000000d5580000)
  object space 486400K, 99% used [0x0000000080000000,0x000000009dac4658,0x000000009db00000)
 Metaspace       used 69818K, committed 71296K, reserved 1114112K
  class space    used 7479K, committed 8128K, reserved 1048576K
}
Event: 19.436 GC heap before
{Heap before GC invocations=545 (full 3):
 PSYoungGen      total 3072K, used 3072K [0x00000000d5580000, 0x00000000d5a00000, 0x0000000100000000)
  eden space 2560K, 100% used [0x00000000d5580000,0x00000000d5800000,0x00000000d5800000)
  from space 512K, 100% used [0x00000000d5880000,0x00000000d5900000,0x00000000d5900000)
  to   space 1024K, 0% used [0x00000000d5900000,0x00000000d5900000,0x00000000d5a00000)
 ParOldGen       total 486400K, used 486161K [0x0000000080000000, 0x000000009db00000, 0x00000000d5580000)
  object space 486400K, 99% used [0x0000000080000000,0x000000009dac4658,0x000000009db00000)
 Metaspace       used 69818K, committed 71296K, reserved 1114112K
  class space    used 7479K, committed 8128K, reserved 1048576K
}
Event: 19.438 GC heap after
{Heap after GC invocations=545 (full 3):
 PSYoungGen      total 3584K, used 524K [0x00000000d5580000, 0x00000000d5a00000, 0x0000000100000000)
  eden space 2560K, 0% used [0x00000000d5580000,0x00000000d5580000,0x00000000d5800000)
  from space 1024K, 51% used [0x00000000d5900000,0x00000000d5983008,0x00000000d5a00000)
  to   space 1024K, 0% used [0x00000000d5800000,0x00000000d5800000,0x00000000d5900000)
 ParOldGen       total 486912K, used 486513K [0x0000000080000000, 0x000000009db80000, 0x00000000d5580000)
  object space 486912K, 99% used [0x0000000080000000,0x000000009db1c658,0x000000009db80000)
 Metaspace       used 69818K, committed 71296K, reserved 1114112K
  class space    used 7479K, committed 8128K, reserved 1048576K
}
Event: 19.445 GC heap before
{Heap before GC invocations=546 (full 3):
 PSYoungGen      total 3584K, used 3084K [0x00000000d5580000, 0x00000000d5a00000, 0x0000000100000000)
  eden space 2560K, 100% used [0x00000000d5580000,0x00000000d5800000,0x00000000d5800000)
  from space 1024K, 51% used [0x00000000d5900000,0x00000000d5983008,0x00000000d5a00000)
  to   space 1024K, 0% used [0x00000000d5800000,0x00000000d5800000,0x00000000d5900000)
 ParOldGen       total 486912K, used 486513K [0x0000000080000000, 0x000000009db80000, 0x00000000d5580000)
  object space 486912K, 99% used [0x0000000080000000,0x000000009db1c658,0x000000009db80000)
 Metaspace       used 69818K, committed 71296K, reserved 1114112K
  class space    used 7479K, committed 8128K, reserved 1048576K
}
Event: 19.446 GC heap after
{Heap after GC invocations=546 (full 3):
 PSYoungGen      total 3584K, used 448K [0x00000000d5580000, 0x00000000d5980000, 0x0000000100000000)
  eden space 2560K, 0% used [0x00000000d5580000,0x00000000d5580000,0x00000000d5800000)
  from space 1024K, 43% used [0x00000000d5800000,0x00000000d5870000,0x00000000d5900000)
  to   space 512K, 0% used [0x00000000d5900000,0x00000000d5900000,0x00000000d5980000)
 ParOldGen       total 487424K, used 486949K [0x0000000080000000, 0x000000009dc00000, 0x00000000d5580000)
  object space 487424K, 99% used [0x0000000080000000,0x000000009db89660,0x000000009dc00000)
 Metaspace       used 69818K, committed 71296K, reserved 1114112K
  class space    used 7479K, committed 8128K, reserved 1048576K
}
Event: 19.453 GC heap before
{Heap before GC invocations=547 (full 3):
 PSYoungGen      total 3584K, used 3007K [0x00000000d5580000, 0x00000000d5980000, 0x0000000100000000)
  eden space 2560K, 99% used [0x00000000d5580000,0x00000000d57ffcf0,0x00000000d5800000)
  from space 1024K, 43% used [0x00000000d5800000,0x00000000d5870000,0x00000000d5900000)
  to   space 512K, 0% used [0x00000000d5900000,0x00000000d5900000,0x00000000d5980000)
 ParOldGen       total 487424K, used 486949K [0x0000000080000000, 0x000000009dc00000, 0x00000000d5580000)
  object space 487424K, 99% used [0x0000000080000000,0x000000009db89660,0x000000009dc00000)
 Metaspace       used 69818K, committed 71296K, reserved 1114112K
  class space    used 7479K, committed 8128K, reserved 1048576K
}
Event: 19.454 GC heap after
{Heap after GC invocations=547 (full 3):
 PSYoungGen      total 3072K, used 487K [0x00000000d5580000, 0x00000000d5980000, 0x0000000100000000)
  eden space 2560K, 0% used [0x00000000d5580000,0x00000000d5580000,0x00000000d5800000)
  from space 512K, 95% used [0x00000000d5900000,0x00000000d5979f20,0x00000000d5980000)
  to   space 512K, 0% used [0x00000000d5880000,0x00000000d5880000,0x00000000d5900000)
 ParOldGen       total 487424K, used 487285K [0x0000000080000000, 0x000000009dc00000, 0x00000000d5580000)
  object space 487424K, 99% used [0x0000000080000000,0x000000009dbdd660,0x000000009dc00000)
 Metaspace       used 69818K, committed 71296K, reserved 1114112K
  class space    used 7479K, committed 8128K, reserved 1048576K
}
Event: 19.460 GC heap before
{Heap before GC invocations=548 (full 3):
 PSYoungGen      total 3072K, used 3047K [0x00000000d5580000, 0x00000000d5980000, 0x0000000100000000)
  eden space 2560K, 100% used [0x00000000d5580000,0x00000000d5800000,0x00000000d5800000)
  from space 512K, 95% used [0x00000000d5900000,0x00000000d5979f20,0x00000000d5980000)
  to   space 512K, 0% used [0x00000000d5880000,0x00000000d5880000,0x00000000d5900000)
 ParOldGen       total 487424K, used 487285K [0x0000000080000000, 0x000000009dc00000, 0x00000000d5580000)
  object space 487424K, 99% used [0x0000000080000000,0x000000009dbdd660,0x000000009dc00000)
 Metaspace       used 69818K, committed 71296K, reserved 1114112K
  class space    used 7479K, committed 8128K, reserved 1048576K
}
Event: 19.462 GC heap after
{Heap after GC invocations=548 (full 3):
 PSYoungGen      total 3072K, used 352K [0x00000000d5580000, 0x00000000d5980000, 0x0000000100000000)
  eden space 2560K, 0% used [0x00000000d5580000,0x00000000d5580000,0x00000000d5800000)
  from space 512K, 68% used [0x00000000d5880000,0x00000000d58d8000,0x00000000d5900000)
  to   space 512K, 0% used [0x00000000d5900000,0x00000000d5900000,0x00000000d5980000)
 ParOldGen       total 487936K, used 487565K [0x0000000080000000, 0x000000009dc80000, 0x00000000d5580000)
  object space 487936K, 99% used [0x0000000080000000,0x000000009dc23660,0x000000009dc80000)
 Metaspace       used 69818K, committed 71296K, reserved 1114112K
  class space    used 7479K, committed 8128K, reserved 1048576K
}
Event: 19.485 GC heap before
{Heap before GC invocations=549 (full 3):
 PSYoungGen      total 3072K, used 2902K [0x00000000d5580000, 0x00000000d5980000, 0x0000000100000000)
  eden space 2560K, 99% used [0x00000000d5580000,0x00000000d57fd9d0,0x00000000d5800000)
  from space 512K, 68% used [0x00000000d5880000,0x00000000d58d8000,0x00000000d5900000)
  to   space 512K, 0% used [0x00000000d5900000,0x00000000d5900000,0x00000000d5980000)
 ParOldGen       total 487936K, used 487565K [0x0000000080000000, 0x000000009dc80000, 0x00000000d5580000)
  object space 487936K, 99% used [0x0000000080000000,0x000000009dc23660,0x000000009dc80000)
 Metaspace       used 69818K, committed 71296K, reserved 1114112K
  class space    used 7479K, committed 8128K, reserved 1048576K
}
Event: 19.486 GC heap after
{Heap after GC invocations=549 (full 3):
 PSYoungGen      total 3072K, used 349K [0x00000000d5580000, 0x00000000d5980000, 0x0000000100000000)
  eden space 2560K, 0% used [0x00000000d5580000,0x00000000d5580000,0x00000000d5800000)
  from space 512K, 68% used [0x00000000d5900000,0x00000000d5957728,0x00000000d5980000)
  to   space 512K, 0% used [0x00000000d5880000,0x00000000d5880000,0x00000000d5900000)
 ParOldGen       total 487936K, used 487861K [0x0000000080000000, 0x000000009dc80000, 0x00000000d5580000)
  object space 487936K, 99% used [0x0000000080000000,0x000000009dc6d660,0x000000009dc80000)
 Metaspace       used 69818K, committed 71296K, reserved 1114112K
  class space    used 7479K, committed 8128K, reserved 1048576K
}
Event: 19.491 GC heap before
{Heap before GC invocations=550 (full 3):
 PSYoungGen      total 3072K, used 2909K [0x00000000d5580000, 0x00000000d5980000, 0x0000000100000000)
  eden space 2560K, 100% used [0x00000000d5580000,0x00000000d5800000,0x00000000d5800000)
  from space 512K, 68% used [0x00000000d5900000,0x00000000d5957728,0x00000000d5980000)
  to   space 512K, 0% used [0x00000000d5880000,0x00000000d5880000,0x00000000d5900000)
 ParOldGen       total 487936K, used 487861K [0x0000000080000000, 0x000000009dc80000, 0x00000000d5580000)
  object space 487936K, 99% used [0x0000000080000000,0x000000009dc6d660,0x000000009dc80000)
 Metaspace       used 69818K, committed 71296K, reserved 1114112K
  class space    used 7479K, committed 8128K, reserved 1048576K
}
Event: 19.492 GC heap after
{Heap after GC invocations=550 (full 3):
 PSYoungGen      total 3072K, used 384K [0x00000000d5580000, 0x00000000d5980000, 0x0000000100000000)
  eden space 2560K, 0% used [0x00000000d5580000,0x00000000d5580000,0x00000000d5800000)
  from space 512K, 75% used [0x00000000d5880000,0x00000000d58e0000,0x00000000d5900000)
  to   space 512K, 0% used [0x00000000d5900000,0x00000000d5900000,0x00000000d5980000)
 ParOldGen       total 488448K, used 488070K [0x0000000080000000, 0x000000009dd00000, 0x00000000d5580000)
  object space 488448K, 99% used [0x0000000080000000,0x000000009dca1b40,0x000000009dd00000)
 Metaspace       used 69818K, committed 71296K, reserved 1114112K
  class space    used 7479K, committed 8128K, reserved 1048576K
}
Event: 19.498 GC heap before
{Heap before GC invocations=551 (full 3):
 PSYoungGen      total 3072K, used 2944K [0x00000000d5580000, 0x00000000d5980000, 0x0000000100000000)
  eden space 2560K, 100% used [0x00000000d5580000,0x00000000d5800000,0x00000000d5800000)
  from space 512K, 75% used [0x00000000d5880000,0x00000000d58e0000,0x00000000d5900000)
  to   space 512K, 0% used [0x00000000d5900000,0x00000000d5900000,0x00000000d5980000)
 ParOldGen       total 488448K, used 488070K [0x0000000080000000, 0x000000009dd00000, 0x00000000d5580000)
  object space 488448K, 99% used [0x0000000080000000,0x000000009dca1b40,0x000000009dd00000)
 Metaspace       used 69818K, committed 71296K, reserved 1114112K
  class space    used 7479K, committed 8128K, reserved 1048576K
}
Event: 19.499 GC heap after
{Heap after GC invocations=551 (full 3):
 PSYoungGen      total 2560K, used 482K [0x00000000d5580000, 0x00000000d5b00000, 0x0000000100000000)
  eden space 2048K, 0% used [0x00000000d5580000,0x00000000d5580000,0x00000000d5780000)
  from space 512K, 94% used [0x00000000d5900000,0x00000000d5978b40,0x00000000d5980000)
  to   space 1536K, 0% used [0x00000000d5780000,0x00000000d5780000,0x00000000d5900000)
 ParOldGen       total 488960K, used 488566K [0x0000000080000000, 0x000000009dd80000, 0x00000000d5580000)
  object space 488960K, 99% used [0x0000000080000000,0x000000009dd1db40,0x000000009dd80000)
 Metaspace       used 69818K, committed 71296K, reserved 1114112K
  class space    used 7479K, committed 8128K, reserved 1048576K
}
Event: 19.506 GC heap before
{Heap before GC invocations=552 (full 3):
 PSYoungGen      total 2560K, used 2530K [0x00000000d5580000, 0x00000000d5b00000, 0x0000000100000000)
  eden space 2048K, 100% used [0x00000000d5580000,0x00000000d5780000,0x00000000d5780000)
  from space 512K, 94% used [0x00000000d5900000,0x00000000d5978b40,0x00000000d5980000)
  to   space 1536K, 0% used [0x00000000d5780000,0x00000000d5780000,0x00000000d5900000)
 ParOldGen       total 488960K, used 488566K [0x0000000080000000, 0x000000009dd80000, 0x00000000d5580000)
  object space 488960K, 99% used [0x0000000080000000,0x000000009dd1db40,0x000000009dd80000)
 Metaspace       used 69819K, committed 71296K, reserved 1114112K
  class space    used 7479K, committed 8128K, reserved 1048576K
}

Dll operation events (14 events):
Event: 0.008 Loaded shared library c:\Users\Saurabh Srivastav\.vscode\extensions\redhat.java-1.45.0-win32-x64\jre\21.0.8-win32-x86_64\bin\java.dll
Event: 0.076 Loaded shared library c:\Users\Saurabh Srivastav\.vscode\extensions\redhat.java-1.45.0-win32-x64\jre\21.0.8-win32-x86_64\bin\zip.dll
Event: 0.099 Loaded shared library C:\Users\Saurabh Srivastav\.vscode\extensions\redhat.java-1.45.0-win32-x64\jre\21.0.8-win32-x86_64\bin\instrument.dll
Event: 0.104 Loaded shared library C:\Users\Saurabh Srivastav\.vscode\extensions\redhat.java-1.45.0-win32-x64\jre\21.0.8-win32-x86_64\bin\net.dll
Event: 0.106 Loaded shared library C:\Users\Saurabh Srivastav\.vscode\extensions\redhat.java-1.45.0-win32-x64\jre\21.0.8-win32-x86_64\bin\nio.dll
Event: 0.109 Loaded shared library C:\Users\Saurabh Srivastav\.vscode\extensions\redhat.java-1.45.0-win32-x64\jre\21.0.8-win32-x86_64\bin\zip.dll
Event: 0.124 Loaded shared library C:\Users\Saurabh Srivastav\.vscode\extensions\redhat.java-1.45.0-win32-x64\jre\21.0.8-win32-x86_64\bin\jimage.dll
Event: 0.185 Loaded shared library c:\Users\Saurabh Srivastav\.vscode\extensions\redhat.java-1.45.0-win32-x64\jre\21.0.8-win32-x86_64\bin\verify.dll
Event: 1.021 Loaded shared library C:\Users\Saurabh Srivastav\AppData\Roaming\Code\User\globalStorage\redhat.java\1.45.0\config_win\org.eclipse.equinox.launcher\org.eclipse.equinox.launcher.win32.win32.x86_64_1.2.1400.v20250801-0854\eclipse_11916.dll
Event: 1.961 Loaded shared library C:\Users\Saurabh Srivastav\.vscode\extensions\redhat.java-1.45.0-win32-x64\jre\21.0.8-win32-x86_64\bin\management.dll
Event: 1.963 Loaded shared library C:\Users\Saurabh Srivastav\.vscode\extensions\redhat.java-1.45.0-win32-x64\jre\21.0.8-win32-x86_64\bin\management_ext.dll
Event: 3.057 Loaded shared library C:\Users\Saurabh Srivastav\AppData\Local\Temp\jna-1928198567\jna17219292246914560045.dll
Event: 3.160 Loaded shared library C:\Users\Saurabh Srivastav\.vscode\extensions\redhat.java-1.45.0-win32-x64\jre\21.0.8-win32-x86_64\bin\sunmscapi.dll
Event: 3.424 Loaded shared library C:\Users\Saurabh Srivastav\.vscode\extensions\redhat.java-1.45.0-win32-x64\jre\21.0.8-win32-x86_64\bin\extnet.dll

Deoptimization events (20 events):
Event: 18.545 Thread 0x000001d514d4a5d0 DEOPT PACKING pc=0x000001d4bab30f75 sp=0x00000092385fe9b0
Event: 18.545 Thread 0x000001d514d4a5d0 DEOPT UNPACKING pc=0x000001d4c0874242 sp=0x00000092385fdea8 mode 0
Event: 18.576 Thread 0x000001d514d4a5d0 DEOPT PACKING pc=0x000001d4bab85dd3 sp=0x00000092385feab0
Event: 18.576 Thread 0x000001d514d4a5d0 DEOPT UNPACKING pc=0x000001d4c0874242 sp=0x00000092385fe0b8 mode 0
Event: 18.672 Thread 0x000001d514d4a5d0 Uncommon trap: trap_request=0xffffff45 fr.pc=0x000001d4c1613df4 relative=0x00000000000000b4
Event: 18.673 Thread 0x000001d514d4a5d0 Uncommon trap: reason=unstable_if action=reinterpret pc=0x000001d4c1613df4 method=org.eclipse.jdt.core.Signature.appendTypeSignature([CIZLjava/lang/StringBuilder;Z)I @ 197 c2
Event: 18.673 Thread 0x000001d514d4a5d0 DEOPT PACKING pc=0x000001d4c1613df4 sp=0x00000092385fe860
Event: 18.673 Thread 0x000001d514d4a5d0 DEOPT UNPACKING pc=0x000001d4c0873aa2 sp=0x00000092385fe7d8 mode 2
Event: 18.709 Thread 0x000001d514d4a5d0 DEOPT PACKING pc=0x000001d4bab85bd0 sp=0x00000092385feab0
Event: 18.709 Thread 0x000001d514d4a5d0 DEOPT UNPACKING pc=0x000001d4c0874242 sp=0x00000092385fe0b8 mode 0
Event: 18.781 Thread 0x000001d514d4a5d0 DEOPT PACKING pc=0x000001d4bab85bd0 sp=0x00000092385feab0
Event: 18.781 Thread 0x000001d514d4a5d0 DEOPT UNPACKING pc=0x000001d4c0874242 sp=0x00000092385fe0b8 mode 0
Event: 18.919 Thread 0x000001d514d4a5d0 DEOPT PACKING pc=0x000001d4bab85bd0 sp=0x00000092385feab0
Event: 18.919 Thread 0x000001d514d4a5d0 DEOPT UNPACKING pc=0x000001d4c0874242 sp=0x00000092385fe0b8 mode 0
Event: 19.078 Thread 0x000001d514d4a5d0 DEOPT PACKING pc=0x000001d4bab85dd3 sp=0x00000092385feab0
Event: 19.078 Thread 0x000001d514d4a5d0 DEOPT UNPACKING pc=0x000001d4c0874242 sp=0x00000092385fe0b8 mode 0
Event: 19.297 Thread 0x000001d514d4a5d0 DEOPT PACKING pc=0x000001d4bab85bd0 sp=0x00000092385feab0
Event: 19.297 Thread 0x000001d514d4a5d0 DEOPT UNPACKING pc=0x000001d4c0874242 sp=0x00000092385fe0b8 mode 0
Event: 19.496 Thread 0x000001d514d4a5d0 DEOPT PACKING pc=0x000001d4bab85bd0 sp=0x00000092385feab0
Event: 19.496 Thread 0x000001d514d4a5d0 DEOPT UNPACKING pc=0x000001d4c0874242 sp=0x00000092385fe0b8 mode 0

Classes loaded (20 events):
Event: 11.666 Loading class jdk/internal/module/IllegalAccessLogger
Event: 11.666 Loading class jdk/internal/module/IllegalAccessLogger done
Event: 11.680 Loading class java/util/concurrent/ArrayBlockingQueue
Event: 11.680 Loading class java/util/concurrent/ArrayBlockingQueue done
Event: 12.125 Loading class java/util/Hashtable$ValueCollection
Event: 12.125 Loading class java/util/Hashtable$ValueCollection done
Event: 12.133 Loading class java/util/concurrent/ConcurrentHashMap$KeySpliterator
Event: 12.133 Loading class java/util/concurrent/ConcurrentHashMap$KeySpliterator done
Event: 12.233 Loading class java/lang/StringLatin1$LinesSpliterator
Event: 12.233 Loading class java/lang/StringLatin1$LinesSpliterator done
Event: 12.646 Loading class jdk/internal/module/IllegalAccessLogger
Event: 12.646 Loading class jdk/internal/module/IllegalAccessLogger done
Event: 13.481 Loading class java/io/CharArrayWriter
Event: 13.481 Loading class java/io/CharArrayWriter done
Event: 13.493 Loading class java/nio/file/attribute/PosixFileAttributes
Event: 13.493 Loading class java/nio/file/attribute/PosixFileAttributes done
Event: 13.508 Loading class java/lang/Throwable$WrappedPrintWriter
Event: 13.508 Loading class java/lang/Throwable$PrintStreamOrWriter
Event: 13.509 Loading class java/lang/Throwable$PrintStreamOrWriter done
Event: 13.509 Loading class java/lang/Throwable$WrappedPrintWriter done

Classes unloaded (11 events):
Event: 2.501 Thread 0x000001d4b619fae0 Unloading class 0x000001d4ce1aa800 'java/lang/invoke/LambdaForm$MH+0x000001d4ce1aa800'
Event: 2.501 Thread 0x000001d4b619fae0 Unloading class 0x000001d4ce1aa400 'java/lang/invoke/LambdaForm$MH+0x000001d4ce1aa400'
Event: 2.501 Thread 0x000001d4b619fae0 Unloading class 0x000001d4ce1aa000 'java/lang/invoke/LambdaForm$MH+0x000001d4ce1aa000'
Event: 2.501 Thread 0x000001d4b619fae0 Unloading class 0x000001d4ce1a9c00 'java/lang/invoke/LambdaForm$MH+0x000001d4ce1a9c00'
Event: 2.501 Thread 0x000001d4b619fae0 Unloading class 0x000001d4ce1a9800 'java/lang/invoke/LambdaForm$BMH+0x000001d4ce1a9800'
Event: 2.501 Thread 0x000001d4b619fae0 Unloading class 0x000001d4ce1a9400 'java/lang/invoke/LambdaForm$DMH+0x000001d4ce1a9400'
Event: 2.501 Thread 0x000001d4b619fae0 Unloading class 0x000001d4ce1a8000 'java/lang/invoke/LambdaForm$DMH+0x000001d4ce1a8000'
Event: 8.396 Thread 0x000001d4b619fae0 Unloading class 0x000001d4ce62d000 'java/lang/invoke/LambdaForm$DMH+0x000001d4ce62d000'
Event: 8.396 Thread 0x000001d4b619fae0 Unloading class 0x000001d4ce62c400 'java/lang/invoke/LambdaForm$DMH+0x000001d4ce62c400'
Event: 8.396 Thread 0x000001d4b619fae0 Unloading class 0x000001d4ce62c800 'java/lang/invoke/LambdaForm$DMH+0x000001d4ce62c800'
Event: 8.396 Thread 0x000001d4b619fae0 Unloading class 0x000001d4ce62cc00 'java/lang/invoke/LambdaForm$DMH+0x000001d4ce62cc00'

Classes redefined (0 events):
No events

Internal exceptions (20 events):
Event: 18.896 Thread 0x000001d514d4a5d0 Exception <a 'sun/nio/fs/WindowsException'{0x00000000d5630c60}> (0x00000000d5630c60) 
thrown [s\src\hotspot\share\prims\jni.cpp, line 520]
Event: 18.944 Thread 0x000001d514d4a5d0 Exception <a 'sun/nio/fs/WindowsException'{0x00000000d57ac9b0}> (0x00000000d57ac9b0) 
thrown [s\src\hotspot\share\prims\jni.cpp, line 520]
Event: 19.023 Thread 0x000001d514d4a5d0 Exception <a 'sun/nio/fs/WindowsException'{0x00000000d576cf48}> (0x00000000d576cf48) 
thrown [s\src\hotspot\share\prims\jni.cpp, line 520]
Event: 19.070 Thread 0x000001d5155a41c0 Exception <a 'java/io/IOException'{0x00000000d5637840}> (0x00000000d5637840) 
thrown [s\src\hotspot\share\prims\jni.cpp, line 520]
Event: 19.071 Thread 0x000001d5155a41c0 Exception <a 'java/io/IOException'{0x00000000d5699478}> (0x00000000d5699478) 
thrown [s\src\hotspot\share\prims\jni.cpp, line 520]
Event: 19.105 Thread 0x000001d514d4a5d0 Exception <a 'sun/nio/fs/WindowsException'{0x00000000d57c93a8}> (0x00000000d57c93a8) 
thrown [s\src\hotspot\share\prims\jni.cpp, line 520]
Event: 19.140 Thread 0x000001d514d4a5d0 Exception <a 'sun/nio/fs/WindowsException'{0x00000000d56f9138}> (0x00000000d56f9138) 
thrown [s\src\hotspot\share\prims\jni.cpp, line 520]
Event: 19.151 Thread 0x000001d514d4a5d0 Exception <a 'sun/nio/fs/WindowsException'{0x00000000d55e2f60}> (0x00000000d55e2f60) 
thrown [s\src\hotspot\share\prims\jni.cpp, line 520]
Event: 19.169 Thread 0x000001d514d4a5d0 Exception <a 'sun/nio/fs/WindowsException'{0x00000000d56174e8}> (0x00000000d56174e8) 
thrown [s\src\hotspot\share\prims\jni.cpp, line 520]
Event: 19.175 Thread 0x000001d514d4a5d0 Exception <a 'sun/nio/fs/WindowsException'{0x00000000d56312c0}> (0x00000000d56312c0) 
thrown [s\src\hotspot\share\prims\jni.cpp, line 520]
Event: 19.181 Thread 0x000001d514d4a5d0 Exception <a 'sun/nio/fs/WindowsException'{0x00000000d5678e98}> (0x00000000d5678e98) 
thrown [s\src\hotspot\share\prims\jni.cpp, line 520]
Event: 19.186 Thread 0x000001d514d4a5d0 Exception <a 'sun/nio/fs/WindowsException'{0x00000000d5693440}> (0x00000000d5693440) 
thrown [s\src\hotspot\share\prims\jni.cpp, line 520]
Event: 19.200 Thread 0x000001d514d4a5d0 Exception <a 'sun/nio/fs/WindowsException'{0x00000000d55d6370}> (0x00000000d55d6370) 
thrown [s\src\hotspot\share\prims\jni.cpp, line 520]
Event: 19.231 Thread 0x000001d514d4a5d0 Exception <a 'sun/nio/fs/WindowsException'{0x00000000d5639770}> (0x00000000d5639770) 
thrown [s\src\hotspot\share\prims\jni.cpp, line 520]
Event: 19.314 Thread 0x000001d514d4a5d0 Exception <a 'sun/nio/fs/WindowsException'{0x00000000d57c6bc0}> (0x00000000d57c6bc0) 
thrown [s\src\hotspot\share\prims\jni.cpp, line 520]
Event: 19.325 Thread 0x000001d514d4a5d0 Exception <a 'sun/nio/fs/WindowsException'{0x00000000d5628c78}> (0x00000000d5628c78) 
thrown [s\src\hotspot\share\prims\jni.cpp, line 520]
Event: 19.344 Thread 0x000001d5155a41c0 Exception <a 'java/io/IOException'{0x00000000d558e828}> (0x00000000d558e828) 
thrown [s\src\hotspot\share\prims\jni.cpp, line 520]
Event: 19.345 Thread 0x000001d5155a41c0 Exception <a 'java/io/IOException'{0x00000000d55a94a8}> (0x00000000d55a94a8) 
thrown [s\src\hotspot\share\prims\jni.cpp, line 520]
Event: 19.346 Thread 0x000001d514d4a5d0 Exception <a 'sun/nio/fs/WindowsException'{0x00000000d559ef08}> (0x00000000d559ef08) 
thrown [s\src\hotspot\share\prims\jni.cpp, line 520]
Event: 19.479 Thread 0x000001d514d4a5d0 Exception <a 'sun/nio/fs/WindowsException'{0x00000000d577d930}> (0x00000000d577d930) 
thrown [s\src\hotspot\share\prims\jni.cpp, line 520]

ZGC Phase Switch (0 events):
No events

VM Operations (20 events):
Event: 19.409 Executing VM operation: ParallelGCFailedAllocation (Allocation Failure) done
Event: 19.417 Executing VM operation: ParallelGCFailedAllocation (Allocation Failure)
Event: 19.418 Executing VM operation: ParallelGCFailedAllocation (Allocation Failure) done
Event: 19.426 Executing VM operation: ParallelGCFailedAllocation (Allocation Failure)
Event: 19.427 Executing VM operation: ParallelGCFailedAllocation (Allocation Failure) done
Event: 19.436 Executing VM operation: ParallelGCFailedAllocation (Allocation Failure)
Event: 19.438 Executing VM operation: ParallelGCFailedAllocation (Allocation Failure) done
Event: 19.445 Executing VM operation: ParallelGCFailedAllocation (Allocation Failure)
Event: 19.446 Executing VM operation: ParallelGCFailedAllocation (Allocation Failure) done
Event: 19.453 Executing VM operation: ParallelGCFailedAllocation (Allocation Failure)
Event: 19.454 Executing VM operation: ParallelGCFailedAllocation (Allocation Failure) done
Event: 19.460 Executing VM operation: ParallelGCFailedAllocation (Allocation Failure)
Event: 19.462 Executing VM operation: ParallelGCFailedAllocation (Allocation Failure) done
Event: 19.485 Executing VM operation: ParallelGCFailedAllocation (Allocation Failure)
Event: 19.486 Executing VM operation: ParallelGCFailedAllocation (Allocation Failure) done
Event: 19.491 Executing VM operation: ParallelGCFailedAllocation (Allocation Failure)
Event: 19.492 Executing VM operation: ParallelGCFailedAllocation (Allocation Failure) done
Event: 19.498 Executing VM operation: ParallelGCFailedAllocation (Allocation Failure)
Event: 19.499 Executing VM operation: ParallelGCFailedAllocation (Allocation Failure) done
Event: 19.506 Executing VM operation: ParallelGCFailedAllocation (Allocation Failure)

Memory protections (0 events):
No events

Nmethod flushes (20 events):
Event: 8.410 Thread 0x000001d4b619fae0 flushing  nmethod 0x000001d4b9aebd90
Event: 8.410 Thread 0x000001d4b619fae0 flushing  nmethod 0x000001d4b9afb310
Event: 8.410 Thread 0x000001d4b619fae0 flushing  nmethod 0x000001d4b9b0d590
Event: 8.410 Thread 0x000001d4b619fae0 flushing  nmethod 0x000001d4b9b15610
Event: 8.410 Thread 0x000001d4b619fae0 flushing  nmethod 0x000001d4b9b16e90
Event: 8.410 Thread 0x000001d4b619fae0 flushing  nmethod 0x000001d4b9b1a990
Event: 8.410 Thread 0x000001d4b619fae0 flushing  nmethod 0x000001d4b9b1b090
Event: 8.410 Thread 0x000001d4b619fae0 flushing  nmethod 0x000001d4b9b1c410
Event: 8.410 Thread 0x000001d4b619fae0 flushing  nmethod 0x000001d4b9b1e290
Event: 8.410 Thread 0x000001d4b619fae0 flushing  nmethod 0x000001d4b9b20c90
Event: 8.410 Thread 0x000001d4b619fae0 flushing  nmethod 0x000001d4b9b25a90
Event: 8.410 Thread 0x000001d4b619fae0 flushing  nmethod 0x000001d4b9b32310
Event: 8.410 Thread 0x000001d4b619fae0 flushing  nmethod 0x000001d4b9b3a610
Event: 8.410 Thread 0x000001d4b619fae0 flushing  nmethod 0x000001d4b9b42590
Event: 8.410 Thread 0x000001d4b619fae0 flushing  nmethod 0x000001d4b9b48310
Event: 8.410 Thread 0x000001d4b619fae0 flushing  nmethod 0x000001d4b9b56590
Event: 8.410 Thread 0x000001d4b619fae0 flushing  nmethod 0x000001d4b9b69c10
Event: 8.410 Thread 0x000001d4b619fae0 flushing  nmethod 0x000001d4b9b91d10
Event: 8.410 Thread 0x000001d4b619fae0 flushing  nmethod 0x000001d4b9ba3e90
Event: 8.410 Thread 0x000001d4b619fae0 flushing  nmethod 0x000001d4b9ba8190

Events (20 events):
Event: 13.290 Thread 0x000001d514d498b0 Thread added: 0x000001d515c6f5c0
Event: 13.290 Thread 0x000001d514d498b0 Thread added: 0x000001d515c6fc50
Event: 13.290 Thread 0x000001d514d498b0 Thread added: 0x000001d515c702e0
Event: 13.290 Thread 0x000001d514d498b0 Thread added: 0x000001d515c70970
Event: 13.345 Thread 0x000001d515c70970 Thread exited: 0x000001d515c70970
Event: 13.345 Thread 0x000001d515c702e0 Thread exited: 0x000001d515c702e0
Event: 13.345 Thread 0x000001d515c6fc50 Thread exited: 0x000001d515c6fc50
Event: 13.345 Thread 0x000001d515c6f5c0 Thread exited: 0x000001d515c6f5c0
Event: 13.345 Thread 0x000001d515c6ef30 Thread exited: 0x000001d515c6ef30
Event: 13.565 Thread 0x000001d4b60a04c0 Thread added: 0x000001d520a3b7b0
Event: 13.610 Thread 0x000001d5155a5570 Thread exited: 0x000001d5155a5570
Event: 14.669 Thread 0x000001d520a3b7b0 Thread exited: 0x000001d520a3b7b0
Event: 14.686 Thread 0x000001d5155a4ee0 Thread exited: 0x000001d5155a4ee0
Event: 15.939 Thread 0x000001d50f6d1b70 Thread exited: 0x000001d50f6d1b70
Event: 15.971 Thread 0x000001d4b609fd70 Thread added: 0x000001d520a3b0e0
Event: 16.469 Thread 0x000001d4b60a04c0 Thread added: 0x000001d520a3cc20
Event: 18.201 Thread 0x000001d520a3cc20 Thread exited: 0x000001d520a3cc20
Event: 18.201 Thread 0x000001d520a3b0e0 Thread exited: 0x000001d520a3b0e0
Event: 19.025 Thread 0x000001d4b60a04c0 Thread added: 0x000001d520a3b0e0
Event: 19.175 Thread 0x000001d520a3b0e0 Thread exited: 0x000001d520a3b0e0


Dynamic libraries:
0x00007ff7796f0000 - 0x00007ff7796fe000 	c:\Users\Saurabh Srivastav\.vscode\extensions\redhat.java-1.45.0-win32-x64\jre\21.0.8-win32-x86_64\bin\java.exe
0x00007ff9bd760000 - 0x00007ff9bd9c9000 	C:\WINDOWS\SYSTEM32\ntdll.dll
0x00007ff9bc4b0000 - 0x00007ff9bc579000 	C:\WINDOWS\System32\KERNEL32.DLL
0x00007ff9baff0000 - 0x00007ff9bb3e3000 	C:\WINDOWS\System32\KERNELBASE.dll
0x00007ff9bab30000 - 0x00007ff9bac7b000 	C:\WINDOWS\System32\ucrtbase.dll
0x00007ff9b38e0000 - 0x00007ff9b38fe000 	c:\Users\Saurabh Srivastav\.vscode\extensions\redhat.java-1.45.0-win32-x64\jre\21.0.8-win32-x86_64\bin\VCRUNTIME140.dll
0x00007ff9b3990000 - 0x00007ff9b39a8000 	c:\Users\Saurabh Srivastav\.vscode\extensions\redhat.java-1.45.0-win32-x64\jre\21.0.8-win32-x86_64\bin\jli.dll
0x00007ff9bc2e0000 - 0x00007ff9bc4a4000 	C:\WINDOWS\System32\USER32.dll
0x00007ff9bac80000 - 0x00007ff9baca7000 	C:\WINDOWS\System32\win32u.dll
0x00007ff9a15e0000 - 0x00007ff9a1873000 	C:\WINDOWS\WinSxS\amd64_microsoft.windows.common-controls_6595b64144ccf1df_6.0.26100.5074_none_3e0d6f78e32fd63f\COMCTL32.dll
0x00007ff9bbdd0000 - 0x00007ff9bbdfb000 	C:\WINDOWS\System32\GDI32.dll
0x00007ff9bce00000 - 0x00007ff9bcea9000 	C:\WINDOWS\System32\msvcrt.dll
0x00007ff9baec0000 - 0x00007ff9bafed000 	C:\WINDOWS\System32\gdi32full.dll
0x00007ff9bb480000 - 0x00007ff9bb523000 	C:\WINDOWS\System32\msvcp_win.dll
0x00007ff9bbe00000 - 0x00007ff9bbe2f000 	C:\WINDOWS\System32\IMM32.DLL
0x00007ff9b5540000 - 0x00007ff9b554c000 	c:\Users\Saurabh Srivastav\.vscode\extensions\redhat.java-1.45.0-win32-x64\jre\21.0.8-win32-x86_64\bin\vcruntime140_1.dll
0x00007ff99fe60000 - 0x00007ff99feed000 	c:\Users\Saurabh Srivastav\.vscode\extensions\redhat.java-1.45.0-win32-x64\jre\21.0.8-win32-x86_64\bin\msvcp140.dll
0x00007ff94a690000 - 0x00007ff94b427000 	c:\Users\Saurabh Srivastav\.vscode\extensions\redhat.java-1.45.0-win32-x64\jre\21.0.8-win32-x86_64\bin\server\jvm.dll
0x00007ff9bcd20000 - 0x00007ff9bcdd4000 	C:\WINDOWS\System32\ADVAPI32.dll
0x00007ff9bd600000 - 0x00007ff9bd6a6000 	C:\WINDOWS\System32\sechost.dll
0x00007ff9bca60000 - 0x00007ff9bcb78000 	C:\WINDOWS\System32\RPCRT4.dll
0x00007ff9bc660000 - 0x00007ff9bc6d4000 	C:\WINDOWS\System32\WS2_32.dll
0x00007ff9ba750000 - 0x00007ff9ba7ae000 	C:\WINDOWS\SYSTEM32\POWRPROF.dll
0x00007ff9a7da0000 - 0x00007ff9a7dd5000 	C:\WINDOWS\SYSTEM32\WINMM.dll
0x00007ff9b1280000 - 0x00007ff9b128b000 	C:\WINDOWS\SYSTEM32\VERSION.dll
0x00007ff9ba730000 - 0x00007ff9ba744000 	C:\WINDOWS\SYSTEM32\UMPDC.dll
0x00007ff9b96d0000 - 0x00007ff9b96eb000 	C:\WINDOWS\SYSTEM32\kernel.appcore.dll
0x00007ff9ac180000 - 0x00007ff9ac18a000 	c:\Users\Saurabh Srivastav\.vscode\extensions\redhat.java-1.45.0-win32-x64\jre\21.0.8-win32-x86_64\bin\jimage.dll
0x00007ff9b8040000 - 0x00007ff9b8282000 	C:\WINDOWS\SYSTEM32\DBGHELP.DLL
0x00007ff9bc6e0000 - 0x00007ff9bca5b000 	C:\WINDOWS\System32\combase.dll
0x00007ff9bcc10000 - 0x00007ff9bcce7000 	C:\WINDOWS\System32\OLEAUT32.dll
0x00007ff998420000 - 0x00007ff99845d000 	C:\WINDOWS\SYSTEM32\dbgcore.DLL
0x00007ff9bacb0000 - 0x00007ff9bad49000 	C:\WINDOWS\System32\bcryptPrimitives.dll
0x00007ff9ac130000 - 0x00007ff9ac13f000 	c:\Users\Saurabh Srivastav\.vscode\extensions\redhat.java-1.45.0-win32-x64\jre\21.0.8-win32-x86_64\bin\instrument.dll
0x00007ff9ac0c0000 - 0x00007ff9ac0df000 	c:\Users\Saurabh Srivastav\.vscode\extensions\redhat.java-1.45.0-win32-x64\jre\21.0.8-win32-x86_64\bin\java.dll
0x00007ff9bceb0000 - 0x00007ff9bd5fd000 	C:\WINDOWS\System32\SHELL32.dll
0x00007ff9bad50000 - 0x00007ff9baebc000 	C:\WINDOWS\System32\wintypes.dll
0x00007ff9b8540000 - 0x00007ff9b8d99000 	C:\WINDOWS\SYSTEM32\windows.storage.dll
0x00007ff9bbfa0000 - 0x00007ff9bc090000 	C:\WINDOWS\System32\SHCORE.dll
0x00007ff9bd6b0000 - 0x00007ff9bd712000 	C:\WINDOWS\System32\shlwapi.dll
0x00007ff9ba810000 - 0x00007ff9ba839000 	C:\WINDOWS\SYSTEM32\profapi.dll
0x00007ff9ac030000 - 0x00007ff9ac048000 	c:\Users\Saurabh Srivastav\.vscode\extensions\redhat.java-1.45.0-win32-x64\jre\21.0.8-win32-x86_64\bin\zip.dll
0x00007ff9ac120000 - 0x00007ff9ac130000 	C:\Users\Saurabh Srivastav\.vscode\extensions\redhat.java-1.45.0-win32-x64\jre\21.0.8-win32-x86_64\bin\net.dll
0x00007ff9b0ba0000 - 0x00007ff9b0cbf000 	C:\WINDOWS\SYSTEM32\WINHTTP.dll
0x00007ff9b9c50000 - 0x00007ff9b9cbb000 	C:\WINDOWS\system32\mswsock.dll
0x00007ff9ac100000 - 0x00007ff9ac116000 	C:\Users\Saurabh Srivastav\.vscode\extensions\redhat.java-1.45.0-win32-x64\jre\21.0.8-win32-x86_64\bin\nio.dll
0x00007ff9ac1b0000 - 0x00007ff9ac1c0000 	c:\Users\Saurabh Srivastav\.vscode\extensions\redhat.java-1.45.0-win32-x64\jre\21.0.8-win32-x86_64\bin\verify.dll
0x00007ff999d50000 - 0x00007ff999d94000 	C:\Users\Saurabh Srivastav\AppData\Roaming\Code\User\globalStorage\redhat.java\1.45.0\config_win\org.eclipse.equinox.launcher\org.eclipse.equinox.launcher.win32.win32.x86_64_1.2.1400.v20250801-0854\eclipse_11916.dll
0x00007ff9bc0b0000 - 0x00007ff9bc248000 	C:\WINDOWS\System32\ole32.dll
0x00007ff9ac1f0000 - 0x00007ff9ac1fa000 	C:\Users\Saurabh Srivastav\.vscode\extensions\redhat.java-1.45.0-win32-x64\jre\21.0.8-win32-x86_64\bin\management.dll
0x00007ff9ac1e0000 - 0x00007ff9ac1eb000 	C:\Users\Saurabh Srivastav\.vscode\extensions\redhat.java-1.45.0-win32-x64\jre\21.0.8-win32-x86_64\bin\management_ext.dll
0x00007ff9bb530000 - 0x00007ff9bb538000 	C:\WINDOWS\System32\PSAPI.DLL
0x00007ff9b9f00000 - 0x00007ff9b9f1b000 	C:\WINDOWS\SYSTEM32\CRYPTSP.dll
0x00007ff9b9610000 - 0x00007ff9b964b000 	C:\WINDOWS\system32\rsaenh.dll
0x00007ff9b9cf0000 - 0x00007ff9b9d1b000 	C:\WINDOWS\SYSTEM32\USERENV.dll
0x00007ff9ba7e0000 - 0x00007ff9ba806000 	C:\WINDOWS\SYSTEM32\bcrypt.dll
0x00007ff9b9ef0000 - 0x00007ff9b9efc000 	C:\WINDOWS\SYSTEM32\CRYPTBASE.dll
0x00007ff9b90f0000 - 0x00007ff9b9124000 	C:\WINDOWS\SYSTEM32\IPHLPAPI.DLL
0x00007ff9bcb80000 - 0x00007ff9bcb8a000 	C:\WINDOWS\System32\NSI.dll
0x00007ff999b60000 - 0x00007ff999ba9000 	C:\Users\Saurabh Srivastav\AppData\Local\Temp\jna-1928198567\jna17219292246914560045.dll
0x00007ff9b2990000 - 0x00007ff9b29ae000 	C:\WINDOWS\SYSTEM32\dhcpcsvc6.DLL
0x00007ff9b13b0000 - 0x00007ff9b13d3000 	C:\WINDOWS\SYSTEM32\dhcpcsvc.DLL
0x00007ff9ac1d0000 - 0x00007ff9ac1de000 	C:\Users\Saurabh Srivastav\.vscode\extensions\redhat.java-1.45.0-win32-x64\jre\21.0.8-win32-x86_64\bin\sunmscapi.dll
0x00007ff9ba9b0000 - 0x00007ff9bab27000 	C:\WINDOWS\System32\CRYPT32.dll
0x00007ff9ba110000 - 0x00007ff9ba140000 	C:\WINDOWS\SYSTEM32\ncrypt.dll
0x00007ff9ba0c0000 - 0x00007ff9ba0ff000 	C:\WINDOWS\SYSTEM32\NTASN1.dll
0x00007ff9b9190000 - 0x00007ff9b92b6000 	C:\WINDOWS\SYSTEM32\DNSAPI.dll
0x00007ff9b12c0000 - 0x00007ff9b12cb000 	C:\Windows\System32\rasadhlp.dll
0x00007ff9ac200000 - 0x00007ff9ac286000 	C:\WINDOWS\System32\fwpuclnt.dll
0x00007ff9ac1c0000 - 0x00007ff9ac1c9000 	C:\Users\Saurabh Srivastav\.vscode\extensions\redhat.java-1.45.0-win32-x64\jre\21.0.8-win32-x86_64\bin\extnet.dll

JVMTI agents:
c:\Users\Saurabh Srivastav\.vscode\extensions\redhat.java-1.45.0-win32-x64\lombok\lombok-1.18.39-4050.jar path:c:\Users\Saurabh Srivastav\.vscode\extensions\redhat.java-1.45.0-win32-x64\jre\21.0.8-win32-x86_64\bin\instrument.dll, loaded, initialized, instrumentlib options:none

dbghelp: loaded successfully - version: 4.0.5 - missing functions: none
symbol engine: initialized successfully - sym options: 0x614 - pdb path: .;c:\Users\Saurabh Srivastav\.vscode\extensions\redhat.java-1.45.0-win32-x64\jre\21.0.8-win32-x86_64\bin;C:\WINDOWS\SYSTEM32;C:\WINDOWS\WinSxS\amd64_microsoft.windows.common-controls_6595b64144ccf1df_6.0.26100.5074_none_3e0d6f78e32fd63f;c:\Users\Saurabh Srivastav\.vscode\extensions\redhat.java-1.45.0-win32-x64\jre\21.0.8-win32-x86_64\bin\server;C:\Users\Saurabh Srivastav\AppData\Roaming\Code\User\globalStorage\redhat.java\1.45.0\config_win\org.eclipse.equinox.launcher\org.eclipse.equinox.launcher.win32.win32.x86_64_1.2.1400.v20250801-0854;C:\Users\Saurabh Srivastav\AppData\Local\Temp\jna-1928198567

VM Arguments:
jvm_args: --add-modules=ALL-SYSTEM --add-opens=java.base/java.util=ALL-UNNAMED --add-opens=java.base/java.lang=ALL-UNNAMED --add-opens=java.base/sun.nio.fs=ALL-UNNAMED -Declipse.application=org.eclipse.jdt.ls.core.id1 -Dosgi.bundles.defaultStartLevel=4 -Declipse.product=org.eclipse.jdt.ls.core.product -Djava.import.generatesMetadataFilesAtProjectRoot=false -DDetectVMInstallationsJob.disabled=true -Dfile.encoding=utf8 -XX:+UseParallelGC -XX:GCTimeRatio=4 -XX:AdaptiveSizePolicyWeight=90 -Dsun.zip.disableMemoryMapping=true -Xmx2G -Xms100m -Xlog:disable -javaagent:c:\Users\Saurabh Srivastav\.vscode\extensions\redhat.java-1.45.0-win32-x64\lombok\lombok-1.18.39-4050.jar -XX:+HeapDumpOnOutOfMemoryError -XX:HeapDumpPath=c:\Users\Saurabh Srivastav\AppData\Roaming\Code\User\workspaceStorage\17dfe8dcec327ca22c02d003be7f3dce\redhat.java -Daether.dependencyCollector.impl=bf 
java_command: c:\Users\Saurabh Srivastav\.vscode\extensions\redhat.java-1.45.0-win32-x64\server\plugins\org.eclipse.equinox.launcher_1.7.0.v20250519-0528.jar -configuration c:\Users\Saurabh Srivastav\AppData\Roaming\Code\User\globalStorage\redhat.java\1.45.0\config_win -data c:\Users\Saurabh Srivastav\AppData\Roaming\Code\User\workspaceStorage\17dfe8dcec327ca22c02d003be7f3dce\redhat.java\jdt_ws --pipe=\\.\pipe\lsp-0e348be26d5983d883149956e4bda193-sock
java_class_path (initial): c:\Users\Saurabh Srivastav\.vscode\extensions\redhat.java-1.45.0-win32-x64\server\plugins\org.eclipse.equinox.launcher_1.7.0.v20250519-0528.jar
Launcher Type: SUN_STANDARD

[Global flags]
    uintx AdaptiveSizePolicyWeight                 = 90                                        {product} {command line}
     intx CICompilerCount                          = 4                                         {product} {ergonomic}
    uintx GCTimeRatio                              = 4                                         {product} {command line}
     bool HeapDumpOnOutOfMemoryError               = true                                   {manageable} {command line}
    ccstr HeapDumpPath                             = c:\Users\Saurabh Srivastav\AppData\Roaming\Code\User\workspaceStorage\17dfe8dcec327ca22c02d003be7f3dce\redhat.java         {manageable} {command line}
   size_t InitialHeapSize                          = 104857600                                 {product} {command line}
   size_t MaxHeapSize                              = 2147483648                                {product} {command line}
   size_t MaxNewSize                               = 715653120                                 {product} {ergonomic}
   size_t MinHeapDeltaBytes                        = 524288                                    {product} {ergonomic}
   size_t MinHeapSize                              = 104857600                                 {product} {command line}
   size_t NewSize                                  = 34603008                                  {product} {ergonomic}
    uintx NonNMethodCodeHeapSize                   = 5839372                                {pd product} {ergonomic}
    uintx NonProfiledCodeHeapSize                  = 122909434                              {pd product} {ergonomic}
   size_t OldSize                                  = 70254592                                  {product} {ergonomic}
    uintx ProfiledCodeHeapSize                     = 122909434                              {pd product} {ergonomic}
    uintx ReservedCodeCacheSize                    = 251658240                              {pd product} {ergonomic}
     bool SegmentedCodeCache                       = true                                      {product} {ergonomic}
   size_t SoftMaxHeapSize                          = 2147483648                             {manageable} {ergonomic}
     bool UseCompressedOops                        = true                           {product lp64_product} {ergonomic}
     bool UseLargePagesIndividualAllocation        = false                                  {pd product} {ergonomic}
     bool UseParallelGC                            = true                                      {product} {command line}

Logging:
Log output configuration:
 #0: stdout all=off uptime,level,tags foldmultilines=false
 #1: stderr all=off uptime,level,tags foldmultilines=false

Environment Variables:
PATH=C:\Python313\Scripts\;C:\Python313\;C:\Program Files\Common Files\Oracle\Java\javapath;C:\Windows\system32;C:\Windows;C:\Windows\System32\Wbem;C:\Windows\System32\WindowsPowerShell\v1.0\;C:\Windows\System32\OpenSSH\;C:\Program Files (x86)\NVIDIA Corporation\PhysX\Common;C:\Program Files\NVIDIA Corporation\NVIDIA NvDLISR;C:\WINDOWS\system32;C:\WINDOWS;C:\WINDOWS\System32\Wbem;C:\WINDOWS\System32\WindowsPowerShell\v1.0\;C:\WINDOWS\System32\OpenSSH\;C:\MinGW\bin;C:\Program Files\Git\cmd;C:\Program Files\Git\mingw64\bin;C:\Program Files\Git\usr\bin;C:\Program Files\dotnet\;C:\ProgramData\chocolatey\bin;C:\Program Files\Java\jdk-17\bin;C:\Program Files\PostgreSQL\17\bin;C:\maven\apache-maven-3.9.9\bin;C:\Program Files\nodejs\;C:\Program Files\MongoDB\Server\8.0\bin;C:\Stripe;;C:\Program Files\Docker\Docker\resources\bin;C:\Users\Saurabh Srivastav\scoop\shims;C:\Users\Saurabh Srivastav\AppData\Local\Microsoft\WindowsApps;C:\Users\Saurabh Srivastav\AppData\Local\Programs\Microsoft VS Code\bin;C:\Program Files\JetBrains\IntelliJ IDEA Community Edition 2024.2.3\bin;;C:\Users\Saurabh Srivastav\AppData\Local\Programs\mongosh\;C:\Program Files\JetBrains\IntelliJ IDEA 2024.2.4\bin;;C:\Users\Saurabh Srivastav\AppData\Roaming\npm;C:\Program Files\MongoDB\Server\8.0\bin;C:\Users\Saurabh Srivastav\AppData\Roaming\Python\Python313\Scripts;
USERNAME=Saurabh Srivastav
OS=Windows_NT
PROCESSOR_IDENTIFIER=Intel64 Family 6 Model 165 Stepping 2, GenuineIntel
TMP=C:\Users\SAURAB~1\AppData\Local\Temp
TEMP=C:\Users\SAURAB~1\AppData\Local\Temp




Periodic native trim disabled

---------------  S Y S T E M  ---------------

OS:
 Windows 11 , 64 bit Build 26100 (10.0.26100.5074)
OS uptime: 0 days 1:00 hours
Hyper-V role detected

CPU: total 8 (initial active 8) (4 cores per cpu, 2 threads per core) family 6 model 165 stepping 2 microcode 0xe0, cx8, cmov, fxsr, ht, mmx, 3dnowpref, sse, sse2, sse3, ssse3, sse4.1, sse4.2, popcnt, lzcnt, tsc, tscinvbit, avx, avx2, aes, erms, clmul, bmi1, bmi2, adx, fma, vzeroupper, clflush, clflushopt, hv, rdtscp, f16c
Processor Information for the first 8 processors :
  Max Mhz: 2496, Current Mhz: 2496, Mhz Limit: 2496

Memory: 4k page, system-wide physical 16221M (3467M free)
TotalPageFile size 16221M (AvailPageFile size 25M)
current process WorkingSet (physical memory assigned to process): 821M, peak: 845M
current process commit charge ("private bytes"): 776M, peak: 800M

vm_info: OpenJDK 64-Bit Server VM (21.0.8+9-LTS) for windows-amd64 JRE (21.0.8+9-LTS), built on 2025-07-15T00:00:00Z by "admin" with MS VC++ 17.7 (VS2022)

END.
